Running load_mct.py
Installing required packages...
=== Install esptool ===
Command: pip install --upgrade esptool
Output:
Requirement already satisfied: esptool in /opt/homebrew/lib/python3.11/site-packages (4.8.1)
Collecting esptool
  Using cached esptool-4.9.0.tar.gz (460 kB)
  Installing build dependencies: started
  Installing build dependencies: finished with status 'done'
  Getting requirements to build wheel: started
  Getting requirements to build wheel: finished with status 'done'
  Preparing metadata (pyproject.toml): started
  Preparing metadata (pyproject.toml): finished with status 'done'
Requirement already satisfied: bitstring!=4.2.0,>=3.1.6 in /opt/homebrew/lib/python3.11/site-packages (from esptool) (4.3.1)
Requirement already satisfied: cryptography>=2.1.4 in /opt/homebrew/lib/python3.11/site-packages (from esptool) (45.0.4)
Requirement already satisfied: ecdsa>=0.16.0 in /opt/homebrew/lib/python3.11/site-packages (from esptool) (0.19.1)
Requirement already satisfied: pyserial>=3.3 in /opt/homebrew/lib/python3.11/site-packages (from esptool) (3.5)
Requirement already satisfied: reedsolo<1.8,>=1.5.3 in /opt/homebrew/lib/python3.11/site-packages (from esptool) (1.7.0)
Requirement already satisfied: PyYAML>=5.1 in /opt/homebrew/lib/python3.11/site-packages (from esptool) (6.0.2)
Requirement already satisfied: intelhex in /opt/homebrew/lib/python3.11/site-packages (from esptool) (2.3.0)
Requirement already satisfied: argcomplete>=3 in /opt/homebrew/lib/python3.11/site-packages (from esptool) (3.6.2)
Requirement already satisfied: bitarray<4.0,>=3.0.0 in /opt/homebrew/lib/python3.11/site-packages (from bitstring!=4.2.0,>=3.1.6->esptool) (3.4.2)
Requirement already satisfied: cffi>=1.14 in /opt/homebrew/lib/python3.11/site-packages (from cryptography>=2.1.4->esptool) (1.17.1)
Requirement already satisfied: six>=1.9.0 in /opt/homebrew/lib/python3.11/site-packages (from ecdsa>=0.16.0->esptool) (1.17.0)
Requirement already satisfied: pycparser in /opt/homebrew/lib/python3.11/site-packages (from cffi>=1.14->cryptography>=2.1.4->esptool) (2.22)
Building wheels for collected packages: esptool
  Building wheel for esptool (pyproject.toml): started
  Building wheel for esptool (pyproject.toml): finished with status 'done'
  Created wheel for esptool: filename=esptool-4.9.0-py3-none-any.whl size=584243 sha256=7a9daae3cf56483ebb3ac5f45b196866b145903dce54f608b378ebddcb82a5f9
  Stored in directory: /Users/danielmcshan/Library/Caches/pip/wheels/6c/4d/fa/4077a14a4234f6f705293d0bc4d9e26b26e9f5684bc6f86f6a
Successfully built esptool
Installing collected packages: esptool
  Attempting uninstall: esptool
    Found existing installation: esptool 4.8.1
    Uninstalling esptool-4.8.1:
      Successfully uninstalled esptool-4.8.1
Successfully installed esptool-4.9.0

[notice] A new release of pip is available: 25.0.1 -> 25.1.1
[notice] To update, run: python3.11 -m pip install --upgrade pip

===================
=== Install mpremote ===
Command: pip install mpremote
Output:
Requirement already satisfied: mpremote in /opt/homebrew/lib/python3.11/site-packages (1.25.0)
Requirement already satisfied: pyserial>=3.3 in /opt/homebrew/lib/python3.11/site-packages (from mpremote) (3.5)

[notice] A new release of pip is available: 25.0.1 -> 25.1.1
[notice] To update, run: python3.11 -m pip install --upgrade pip

===================
=== Check Device Info ===
Command: mpremote devs
Output:
/dev/cu.Bluetooth-Incoming-Port None 0000:0000 None None
/dev/cu.debug-console None 0000:0000 None None
/dev/cu.usbmodem1101 D8:3B:DA:4D:29:50 303a:1001 Espressif USB JTAG/serial debug unit

===================
mpremote devs output:
/dev/cu.Bluetooth-Incoming-Port None 0000:0000 None None
/dev/cu.debug-console None 0000:0000 None None
/dev/cu.usbmodem1101 D8:3B:DA:4D:29:50 303a:1001 Espressif USB JTAG/serial debug unit

Found device in bootloader mode on port: /dev/cu.usbmodem1101
=== Get MAC Address ===
Command: esptool.py --port "/dev/cu.usbmodem1101" chip_id
Output:
esptool.py v4.9.0
Serial port /dev/cu.usbmodem1101

A fatal error occurred: Could not open /dev/cu.usbmodem1101, the port is busy or doesn't exist.
([Errno 16] could not open port /dev/cu.usbmodem1101: [Errno 16] Resource busy: '/dev/cu.usbmodem1101')


===================
Failed to get MAC address before flashing. Cannot proceed.
Could not get MAC address. Exiting.
