Running load_mct.py
Installing required packages...
=== Install esptool ===
Command: pip install --upgrade esptool
Output:
Requirement already satisfied: esptool in ./venv_ble/lib/python3.13/site-packages (5.0.0)
Requirement already satisfied: bitstring!=4.2.0,>=3.1.6 in ./venv_ble/lib/python3.13/site-packages (from esptool) (4.3.1)
Requirement already satisfied: cryptography>=43.0.0 in ./venv_ble/lib/python3.13/site-packages (from esptool) (45.0.4)
Requirement already satisfied: pyserial>=3.3 in ./venv_ble/lib/python3.13/site-packages (from esptool) (3.5)
Requirement already satisfied: reedsolo<1.8,>=1.5.3 in ./venv_ble/lib/python3.13/site-packages (from esptool) (1.7.0)
Requirement already satisfied: PyYAML>=5.1 in ./venv_ble/lib/python3.13/site-packages (from esptool) (6.0.2)
Requirement already satisfied: intelhex in ./venv_ble/lib/python3.13/site-packages (from esptool) (2.3.0)
Requirement already satisfied: rich_click in ./venv_ble/lib/python3.13/site-packages (from esptool) (1.8.9)
Requirement already satisfied: click<8.2.0 in ./venv_ble/lib/python3.13/site-packages (from esptool) (8.1.8)
Requirement already satisfied: bitarray<4.0,>=3.0.0 in ./venv_ble/lib/python3.13/site-packages (from bitstring!=4.2.0,>=3.1.6->esptool) (3.4.3)
Requirement already satisfied: cffi>=1.14 in ./venv_ble/lib/python3.13/site-packages (from cryptography>=43.0.0->esptool) (1.17.1)
Requirement already satisfied: rich>=10.7 in ./venv_ble/lib/python3.13/site-packages (from rich_click->esptool) (14.0.0)
Requirement already satisfied: typing_extensions>=4 in ./venv_ble/lib/python3.13/site-packages (from rich_click->esptool) (4.14.0)
Requirement already satisfied: pycparser in ./venv_ble/lib/python3.13/site-packages (from cffi>=1.14->cryptography>=43.0.0->esptool) (2.22)
Requirement already satisfied: markdown-it-py>=2.2.0 in ./venv_ble/lib/python3.13/site-packages (from rich>=10.7->rich_click->esptool) (3.0.0)
Requirement already satisfied: pygments<3.0.0,>=2.13.0 in ./venv_ble/lib/python3.13/site-packages (from rich>=10.7->rich_click->esptool) (2.19.2)
Requirement already satisfied: mdurl~=0.1 in ./venv_ble/lib/python3.13/site-packages (from markdown-it-py>=2.2.0->rich>=10.7->rich_click->esptool) (0.1.2)

[notice] A new release of pip is available: 25.0.1 -> 25.1.1
[notice] To update, run: pip install --upgrade pip

===================
=== Install mpremote ===
Command: pip install mpremote
Output:
Requirement already satisfied: mpremote in ./venv_ble/lib/python3.13/site-packages (1.25.0)
Requirement already satisfied: pyserial>=3.3 in ./venv_ble/lib/python3.13/site-packages (from mpremote) (3.5)

[notice] A new release of pip is available: 25.0.1 -> 25.1.1
[notice] To update, run: pip install --upgrade pip

===================
=== Check Device Info ===
Command: mpremote devs
Output:
/dev/cu.Bluetooth-Incoming-Port None 0000:0000 None None
/dev/cu.debug-console None 0000:0000 None None
/dev/cu.usbmodem1101 D8:3B:DA:4D:29:50 303a:1001 Espressif USB JTAG/serial debug unit

===================
mpremote devs output:
/dev/cu.Bluetooth-Incoming-Port None 0000:0000 None None
/dev/cu.debug-console None 0000:0000 None None
/dev/cu.usbmodem1101 D8:3B:DA:4D:29:50 303a:1001 Espressif USB JTAG/serial debug unit

Found device in bootloader mode on port: /dev/cu.usbmodem1101
=== Get MAC Address ===
Command: esptool.py --port "/dev/cu.usbmodem1101" chip_id
Output:
[0;33mWarning:[0m DEPRECATED: 'esptool.py' is deprecated. Please use 'esptool' instead. The '.py' suffix will be removed in a future major release.
[0;33mWarning:[0m Deprecated: Command 'chip_id' is deprecated. Use 'chip-id' instead.
esptool v5.0.0
Serial port /dev/cu.usbmodem1101:
Connecting...
Detecting chip type... ESP32-S3
[1A[2K[1A[2K[1A[2KConnected to ESP32-S3 on /dev/cu.usbmodem1101:
Chip type:          ESP32-S3 (QFN56) (revision v0.2)
Features:           Wi-Fi, BT 5 (LE), Dual Core + LP Core, 240MHz, Embedded PSRAM 8MB (AP_3v3)
Crystal frequency:  40MHz
USB mode:           USB-Serial/JTAG
MAC:                d8:3b:da:4d:29:50

Uploading stub flasher...
Running stub flasher...
[1A[2K[1A[2KStub flasher running.

[0;33mWarning:[0m ESP32-S3 has no chip ID. Reading MAC address instead.
MAC:                d8:3b:da:4d:29:50

Hard resetting via RTS pin...

===================
Device MAC address: d8:3b:da:4d:29:50
Flashing firmware...
=== Erase Flash ===
Command: esptool.py --chip esp32s3 --port "/dev/cu.usbmodem1101" --baud 115200 --before default_reset --after watchdog_reset erase_flash
Output:
[0;33mWarning:[0m DEPRECATED: 'esptool.py' is deprecated. Please use 'esptool' instead. The '.py' suffix will be removed in a future major release.
[0;33mWarning:[0m Deprecated: Choice 'default_reset' for option '--before' is deprecated. Use 'default-reset' instead.
[0;33mWarning:[0m Deprecated: Choice 'watchdog_reset' for option '--after' is deprecated. Use 'watchdog-reset' instead.
[0;33mWarning:[0m Deprecated: Command 'erase_flash' is deprecated. Use 'erase-flash' instead.
esptool v5.0.0
Serial port /dev/cu.usbmodem1101:
Connecting...
[1A[2K[1A[2KConnected to ESP32-S3 on /dev/cu.usbmodem1101:
Chip type:          ESP32-S3 (QFN56) (revision v0.2)
Features:           Wi-Fi, BT 5 (LE), Dual Core + LP Core, 240MHz, Embedded PSRAM 8MB (AP_3v3)
Crystal frequency:  40MHz
USB mode:           USB-Serial/JTAG
MAC:                d8:3b:da:4d:29:50

Uploading stub flasher...
Running stub flasher...
[1A[2K[1A[2KStub flasher running.

Erasing flash memory (this may take a while)...
[1A[2KFlash memory erased successfully in 11.8 seconds.

Hard resetting with a watchdog...

===================
=== Write Flash ===
Command: esptool.py --chip esp32s3 --port "/dev/cu.usbmodem1101" --baud 115200 --before default_reset --after watchdog_reset write_flash -z 0x0 "/Users/danielmcshan/GitHub/MCT/mod/MCC/firmware/bootloader.bin" 0x8000 "/Users/danielmcshan/GitHub/MCT/mod/MCC/firmware/partition-table.bin" 0x20000 "/Users/danielmcshan/GitHub/MCT/mod/MCC/firmware/micropython.bin" 0x820000 "/Users/danielmcshan/GitHub/MCT/mod/MCC/firmware/filesystem.bin"
Output:
[0;33mWarning:[0m DEPRECATED: 'esptool.py' is deprecated. Please use 'esptool' instead. The '.py' suffix will be removed in a future major release.
[0;33mWarning:[0m Deprecated: Choice 'default_reset' for option '--before' is deprecated. Use 'default-reset' instead.
[0;33mWarning:[0m Deprecated: Choice 'watchdog_reset' for option '--after' is deprecated. Use 'watchdog-reset' instead.
[0;33mWarning:[0m Deprecated: Command 'write_flash' is deprecated. Use 'write-flash' instead.
esptool v5.0.0
Serial port /dev/cu.usbmodem1101:
Connecting....
[1A[2K[1A[2KConnected to ESP32-S3 on /dev/cu.usbmodem1101:
Chip type:          ESP32-S3 (QFN56) (revision v0.2)
Features:           Wi-Fi, BT 5 (LE), Dual Core + LP Core, 240MHz, Embedded PSRAM 8MB (AP_3v3)
Crystal frequency:  40MHz
USB mode:           USB-Serial/JTAG
MAC:                d8:3b:da:4d:29:50

Uploading stub flasher...
Running stub flasher...
[1A[2K[1A[2KStub flasher running.

Configuring flash size...
Flash will be erased from 0x00000000 to 0x00004fff...
Flash will be erased from 0x00008000 to 0x00008fff...
Flash will be erased from 0x00020000 to 0x00280fff...
Flash will be erased from 0x00820000 to 0x00ffffff...
Compressed 19152 bytes to 12452...

[KWriting at 0x00000000 [                              ]   0.0% 0/12452 bytes... 
[KWriting at 0x00004ad0 [==============================] 100.0% 12452/12452 bytes... 
[1A[2K[1A[2KWrote 19152 bytes (12452 compressed) at 0x00000000 in 0.2 seconds (741.4 kbit/s).
Hash of data verified.
Compressed 3072 bytes to 139...

[KWriting at 0x00008000 [                              ]   0.0% 0/139 bytes... 
[KWriting at 0x00008c00 [==============================] 100.0% 139/139 bytes... 
[1A[2K[1A[2KWrote 3072 bytes (139 compressed) at 0x00008000 in 0.0 seconds (1078.9 kbit/s).
Hash of data verified.
Compressed 2493120 bytes to 1499072...

[KWriting at 0x00020000 [                              ]   0.0% 0/1499072 bytes... 
[KWriting at 0x0002a850 [                              ]   1.1% 16384/1499072 bytes... 
[KWriting at 0x000332f3 [                              ]   2.2% 32768/1499072 bytes... 
[KWriting at 0x0003b001 [                              ]   3.3% 49152/1499072 bytes... 
[KWriting at 0x000407d4 [>                             ]   4.4% 65536/1499072 bytes... 
[KWriting at 0x0004967d [>                             ]   5.5% 81920/1499072 bytes... 
[KWriting at 0x00055ee7 [>                             ]   6.6% 98304/1499072 bytes... 
[KWriting at 0x000620be [=>                            ]   7.7% 114688/1499072 bytes... 
[KWriting at 0x0006b084 [=>                            ]   8.7% 131072/1499072 bytes... 
[KWriting at 0x00070a4b [=>                            ]   9.8% 147456/1499072 bytes... 
[KWriting at 0x0007763d [==>                           ]  10.9% 163840/1499072 bytes... 
[KWriting at 0x0007d69d [==>                           ]  12.0% 180224/1499072 bytes... 
[KWriting at 0x00085229 [==>                           ]  13.1% 196608/1499072 bytes... 
[KWriting at 0x0008e11a [===>                          ]  14.2% 212992/1499072 bytes... 
[KWriting at 0x000974fc [===>                          ]  15.3% 229376/1499072 bytes... 
[KWriting at 0x000a17e8 [===>                          ]  16.4% 245760/1499072 bytes... 
[KWriting at 0x000af269 [====>                         ]  17.5% 262144/1499072 bytes... 
[KWriting at 0x000b9409 [====>                         ]  18.6% 278528/1499072 bytes... 
[KWriting at 0x000c1ed0 [====>                         ]  19.7% 294912/1499072 bytes... 
[KWriting at 0x000ca371 [=====>                        ]  20.8% 311296/1499072 bytes... 
[KWriting at 0x000d68f1 [=====>                        ]  21.9% 327680/1499072 bytes... 
[KWriting at 0x000df485 [=====>                        ]  23.0% 344064/1499072 bytes... 
[KWriting at 0x000e78bb [======>                       ]  24.0% 360448/1499072 bytes... 
[KWriting at 0x000ef30e [======>                       ]  25.1% 376832/1499072 bytes... 
[KWriting at 0x000f80b3 [======>                       ]  26.2% 393216/1499072 bytes... 
[KWriting at 0x000fff67 [=======>                      ]  27.3% 409600/1499072 bytes... 
[KWriting at 0x001090a7 [=======>                      ]  28.4% 425984/1499072 bytes... 
[KWriting at 0x00110b2e [=======>                      ]  29.5% 442368/1499072 bytes... 
[KWriting at 0x0011a014 [========>                     ]  30.6% 458752/1499072 bytes... 
[KWriting at 0x00121fc9 [========>                     ]  31.7% 475136/1499072 bytes... 
[KWriting at 0x0012a0dd [========>                     ]  32.8% 491520/1499072 bytes... 
[KWriting at 0x00132024 [=========>                    ]  33.9% 507904/1499072 bytes... 
[KWriting at 0x00138b4a [=========>                    ]  35.0% 524288/1499072 bytes... 
[KWriting at 0x0013e59d [=========>                    ]  36.1% 540672/1499072 bytes... 
[KWriting at 0x0014383a [==========>                   ]  37.2% 557056/1499072 bytes... 
[KWriting at 0x00148de6 [==========>                   ]  38.3% 573440/1499072 bytes... 
[KWriting at 0x0014e126 [==========>                   ]  39.3% 589824/1499072 bytes... 
[KWriting at 0x0015353a [===========>                  ]  40.4% 606208/1499072 bytes... 
[KWriting at 0x00158b27 [===========>                  ]  41.5% 622592/1499072 bytes... 
[KWriting at 0x0015e2b9 [===========>                  ]  42.6% 638976/1499072 bytes... 
[KWriting at 0x00163555 [============>                 ]  43.7% 655360/1499072 bytes... 
[KWriting at 0x0016875e [============>                 ]  44.8% 671744/1499072 bytes... 
[KWriting at 0x0016db10 [============>                 ]  45.9% 688128/1499072 bytes... 
[KWriting at 0x00172df1 [=============>                ]  47.0% 704512/1499072 bytes... 
[KWriting at 0x00177f56 [=============>                ]  48.1% 720896/1499072 bytes... 
[KWriting at 0x0017ce49 [=============>                ]  49.2% 737280/1499072 bytes... 
[KWriting at 0x001820b2 [==============>               ]  50.3% 753664/1499072 bytes... 
[KWriting at 0x00188bef [==============>               ]  51.4% 770048/1499072 bytes... 
[KWriting at 0x0018e650 [==============>               ]  52.5% 786432/1499072 bytes... 
[KWriting at 0x001945f5 [===============>              ]  53.6% 802816/1499072 bytes... 
[KWriting at 0x00199c8c [===============>              ]  54.6% 819200/1499072 bytes... 
[KWriting at 0x0019ecc7 [===============>              ]  55.7% 835584/1499072 bytes... 
[KWriting at 0x001a48f7 [================>             ]  56.8% 851968/1499072 bytes... 
[KWriting at 0x001aa9e4 [================>             ]  57.9% 868352/1499072 bytes... 
[KWriting at 0x001b00cd [================>             ]  59.0% 884736/1499072 bytes... 
[KWriting at 0x001b57b2 [=================>            ]  60.1% 901120/1499072 bytes... 
[KWriting at 0x001bb1da [=================>            ]  61.2% 917504/1499072 bytes... 
[KWriting at 0x001c0c86 [=================>            ]  62.3% 933888/1499072 bytes... 
[KWriting at 0x001c67db [==================>           ]  63.4% 950272/1499072 bytes... 
[KWriting at 0x001cbe58 [==================>           ]  64.5% 966656/1499072 bytes... 
[KWriting at 0x001d1d3f [==================>           ]  65.6% 983040/1499072 bytes... 
[KWriting at 0x001d7edd [===================>          ]  66.7% 999424/1499072 bytes... 
[KWriting at 0x001dd5ea [===================>          ]  67.8% 1015808/1499072 bytes... 
[KWriting at 0x001e2f19 [===================>          ]  68.9% 1032192/1499072 bytes... 
[KWriting at 0x001e8ce7 [===================>          ]  69.9% 1048576/1499072 bytes... 
[KWriting at 0x001ee731 [====================>         ]  71.0% 1064960/1499072 bytes... 
[KWriting at 0x001f3720 [====================>         ]  72.1% 1081344/1499072 bytes... 
[KWriting at 0x001f8b6a [====================>         ]  73.2% 1097728/1499072 bytes... 
[KWriting at 0x001fe077 [=====================>        ]  74.3% 1114112/1499072 bytes... 
[KWriting at 0x0020360a [=====================>        ]  75.4% 1130496/1499072 bytes... 
[KWriting at 0x00208a74 [=====================>        ]  76.5% 1146880/1499072 bytes... 
[KWriting at 0x0020df61 [======================>       ]  77.6% 1163264/1499072 bytes... 
[KWriting at 0x00212f17 [======================>       ]  78.7% 1179648/1499072 bytes... 
[KWriting at 0x002182fc [======================>       ]  79.8% 1196032/1499072 bytes... 
[KWriting at 0x0021d666 [=======================>      ]  80.9% 1212416/1499072 bytes... 
[KWriting at 0x002226ea [=======================>      ]  82.0% 1228800/1499072 bytes... 
[KWriting at 0x0022784a [=======================>      ]  83.1% 1245184/1499072 bytes... 
[KWriting at 0x0022ccd8 [========================>     ]  84.2% 1261568/1499072 bytes... 
[KWriting at 0x00232d74 [========================>     ]  85.2% 1277952/1499072 bytes... 
[KWriting at 0x00237e62 [========================>     ]  86.3% 1294336/1499072 bytes... 
[KWriting at 0x0023d09d [=========================>    ]  87.4% 1310720/1499072 bytes... 
[KWriting at 0x00242687 [=========================>    ]  88.5% 1327104/1499072 bytes... 
[KWriting at 0x00248180 [=========================>    ]  89.6% 1343488/1499072 bytes... 
[KWriting at 0x0024dc26 [==========================>   ]  90.7% 1359872/1499072 bytes... 
[KWriting at 0x00253859 [==========================>   ]  91.8% 1376256/1499072 bytes... 
[KWriting at 0x0025933e [==========================>   ]  92.9% 1392640/1499072 bytes... 
[KWriting at 0x0025e40a [===========================>  ]  94.0% 1409024/1499072 bytes... 
[KWriting at 0x0026683d [===========================>  ]  95.1% 1425408/1499072 bytes... 
[KWriting at 0x0026c2dc [===========================>  ]  96.2% 1441792/1499072 bytes... 
[KWriting at 0x00271596 [============================> ]  97.3% 1458176/1499072 bytes... 
[KWriting at 0x002774b9 [============================> ]  98.4% 1474560/1499072 bytes... 
[KWriting at 0x0027d8ba [============================> ]  99.5% 1490944/1499072 bytes... 
[KWriting at 0x00280ac0 [==============================] 100.0% 1499072/1499072 bytes... 
[1A[2K[1A[2KWrote 2493120 bytes (1499072 compressed) at 0x00020000 in 15.3 seconds (1300.7 kbit/s).
Hash of data verified.
Compressed 8257536 bytes to 769659...

[KWriting at 0x00820000 [                              ]   0.0% 0/769659 bytes... 
[KWriting at 0x0082767f [                              ]   2.1% 16384/769659 bytes... 
[KWriting at 0x0082e449 [>                             ]   4.3% 32768/769659 bytes... 
[KWriting at 0x00833628 [>                             ]   6.4% 49152/769659 bytes... 
[KWriting at 0x0083b912 [=>                            ]   8.5% 65536/769659 bytes... 
[KWriting at 0x00842f41 [==>                           ]  10.6% 81920/769659 bytes... 
[KWriting at 0x0084e17c [==>                           ]  12.8% 98304/769659 bytes... 
[KWriting at 0x0085a22f [===>                          ]  14.9% 114688/769659 bytes... 
[KWriting at 0x0086826e [====>                         ]  17.0% 131072/769659 bytes... 
[KWriting at 0x00872d04 [====>                         ]  19.2% 147456/769659 bytes... 
[KWriting at 0x0087c49f [=====>                        ]  21.3% 163840/769659 bytes... 
[KWriting at 0x0088962f [======>                       ]  23.4% 180224/769659 bytes... 
[KWriting at 0x00896420 [======>                       ]  25.5% 196608/769659 bytes... 
[KWriting at 0x008a5e88 [=======>                      ]  27.7% 212992/769659 bytes... 
[KWriting at 0x008b1989 [=======>                      ]  29.8% 229376/769659 bytes... 
[KWriting at 0x008ba153 [========>                     ]  31.9% 245760/769659 bytes... 
[KWriting at 0x008c8005 [=========>                    ]  34.1% 262144/769659 bytes... 
[KWriting at 0x008d2a36 [=========>                    ]  36.2% 278528/769659 bytes... 
[KWriting at 0x00e48489 [==========>                   ]  38.3% 294912/769659 bytes... 
[KWriting at 0x00e66081 [===========>                  ]  40.4% 311296/769659 bytes... 
[KWriting at 0x00e8242e [===========>                  ]  42.6% 327680/769659 bytes... 
[KWriting at 0x00e942d5 [============>                 ]  44.7% 344064/769659 bytes... 
[KWriting at 0x00eb2503 [=============>                ]  46.8% 360448/769659 bytes... 
[KWriting at 0x00ec138c [=============>                ]  49.0% 376832/769659 bytes... 
[KWriting at 0x00eca0a2 [==============>               ]  51.1% 393216/769659 bytes... 
[KWriting at 0x00ecffca [==============>               ]  53.2% 409600/769659 bytes... 
[KWriting at 0x00ed69df [===============>              ]  55.3% 425984/769659 bytes... 
[KWriting at 0x00edd382 [================>             ]  57.5% 442368/769659 bytes... 
[KWriting at 0x00ee438a [================>             ]  59.6% 458752/769659 bytes... 
[KWriting at 0x00eed04b [=================>            ]  61.7% 475136/769659 bytes... 
[KWriting at 0x00efa947 [==================>           ]  63.9% 491520/769659 bytes... 
[KWriting at 0x00f04436 [==================>           ]  66.0% 507904/769659 bytes... 
[KWriting at 0x00f12bfc [===================>          ]  68.1% 524288/769659 bytes... 
[KWriting at 0x00f1c030 [====================>         ]  70.2% 540672/769659 bytes... 
[KWriting at 0x00f25dc1 [====================>         ]  72.4% 557056/769659 bytes... 
[KWriting at 0x00f36321 [=====================>        ]  74.5% 573440/769659 bytes... 
[KWriting at 0x00f40e2e [=====================>        ]  76.6% 589824/769659 bytes... 
[KWriting at 0x00f50302 [======================>       ]  78.8% 606208/769659 bytes... 
[KWriting at 0x00f5b838 [=======================>      ]  80.9% 622592/769659 bytes... 
[KWriting at 0x00f640c5 [=======================>      ]  83.0% 638976/769659 bytes... 
[KWriting at 0x00f73d6f [========================>     ]  85.1% 655360/769659 bytes... 
[KWriting at 0x00f7d6c0 [=========================>    ]  87.3% 671744/769659 bytes... 
[KWriting at 0x00f940ed [=========================>    ]  89.4% 688128/769659 bytes... 
[KWriting at 0x00fb2c5b [==========================>   ]  91.5% 704512/769659 bytes... 
[KWriting at 0x00fc4d8b [===========================>  ]  93.7% 720896/769659 bytes... 
[KWriting at 0x00fe5033 [===========================>  ]  95.8% 737280/769659 bytes... 
[KWriting at 0x00ff6422 [============================> ]  97.9% 753664/769659 bytes... 
[KWriting at 0x01000000 [==============================] 100.0% 769659/769659 bytes... 
[1A[2K[1A[2KWrote 8257536 bytes (769659 compressed) at 0x00820000 in 28.3 seconds (2334.7 kbit/s).
Hash of data verified.

Hard resetting with a watchdog...

===================
Waiting for device to boot into MicroPython...
=== Run flashed firmware ===
Command: esptool.py --chip esp32s3 --port "/dev/cu.usbmodem1101" run
Output:
[0;33mWarning:[0m DEPRECATED: 'esptool.py' is deprecated. Please use 'esptool' instead. The '.py' suffix will be removed in a future major release.
esptool v5.0.0
Serial port /dev/cu.usbmodem1101:
[1;31m
A fatal error occurred: Could not open /dev/cu.usbmodem1101, the port is busy or doesn't exist.
([Errno 2] could not open port /dev/cu.usbmodem1101: [Errno 2] No such file or directory: '/dev/cu.usbmodem1101')

Hint: Check if the port is correct and ESP connected
[0m

===================
Waiting for REPL port (attempt 1/10)…
=== Check Device Info ===
Command: mpremote devs
Output:
/dev/cu.Bluetooth-Incoming-Port None 0000:0000 None None
/dev/cu.debug-console None 0000:0000 None None
/dev/cu.usbmodem1101 d83bda4d29500000 303a:0420 AVS MCT

===================
Waiting for REPL port (attempt 2/10)…
=== Check Device Info ===
Command: mpremote devs
Output:
/dev/cu.Bluetooth-Incoming-Port None 0000:0000 None None
/dev/cu.debug-console None 0000:0000 None None
/dev/cu.usbmodem1101 d83bda4d29500000 303a:0420 AVS MCT

===================
Waiting for REPL port (attempt 3/10)…
=== Check Device Info ===
Command: mpremote devs
Output:
/dev/cu.Bluetooth-Incoming-Port None 0000:0000 None None
/dev/cu.debug-console None 0000:0000 None None
/dev/cu.usbmodem1101 d83bda4d29500000 303a:0420 AVS MCT

===================
Waiting for REPL port (attempt 4/10)…
=== Check Device Info ===
Command: mpremote devs
Output:
/dev/cu.Bluetooth-Incoming-Port None 0000:0000 None None
/dev/cu.debug-console None 0000:0000 None None
/dev/cu.usbmodem1101 d83bda4d29500000 303a:0420 AVS MCT

===================
Waiting for REPL port (attempt 5/10)…
=== Check Device Info ===
Command: mpremote devs
Output:
/dev/cu.Bluetooth-Incoming-Port None 0000:0000 None None
/dev/cu.debug-console None 0000:0000 None None
/dev/cu.usbmodem1101 d83bda4d29500000 303a:0420 AVS MCT

===================
Waiting for REPL port (attempt 6/10)…
=== Check Device Info ===
Command: mpremote devs
Output:
/dev/cu.Bluetooth-Incoming-Port None 0000:0000 None None
/dev/cu.debug-console None 0000:0000 None None

===================
Waiting for REPL port (attempt 7/10)…
=== Check Device Info ===
Command: mpremote devs
Output:
/dev/cu.Bluetooth-Incoming-Port None 0000:0000 None None
/dev/cu.debug-console None 0000:0000 None None
/dev/cu.usbmodem1101 D8:3B:DA:4D:29:50 303a:1001 Espressif USB JTAG/serial debug unit

===================
Waiting for REPL port (attempt 8/10)…
=== Check Device Info ===
Command: mpremote devs
Output:
/dev/cu.Bluetooth-Incoming-Port None 0000:0000 None None
/dev/cu.debug-console None 0000:0000 None None

===================
Waiting for REPL port (attempt 9/10)…
=== Check Device Info ===
Command: mpremote devs
Output:
/dev/cu.Bluetooth-Incoming-Port None 0000:0000 None None
/dev/cu.debug-console None 0000:0000 None None
/dev/cu.usbmodem1101 d83bda4d29500000 303a:0420 AVS MCT

===================
Waiting for REPL port (attempt 10/10)…
=== Check Device Info ===
Command: mpremote devs
Output:
/dev/cu.Bluetooth-Incoming-Port None 0000:0000 None None
/dev/cu.debug-console None 0000:0000 None None
/dev/cu.usbmodem1101 d83bda4d29500000 303a:0420 AVS MCT

===================
REPL port not detected automatically; script will still attempt mpremote without explicit port.
Firmware flashed successfully.
Checking MicroPython REPL access…
=== Check REPL ===
Command: mpremote exec "print('OK')"
Output:
OK

===================
MicroPython REPL is accessible and working!
Setting NVS values on device…
=== Set NVS ===
Command: mpremote exec "import nvs; nvs.set_nvs('wifi.ssid', 'AVS')"
Output:

===================
=== Set NVS ===
Command: mpremote exec "import nvs; nvs.set_nvs('wifi.passwd', 'Advanced')"
Output:

===================
=== Set NVS ===
Command: mpremote exec "import nvs; nvs.set_nvs('serial.board', 'd83bda4d2950')"
Output:

===================
=== Set NVS ===
Command: mpremote exec "import nvs; nvs.set_nvs('serial.mfg', 'd83bda4d2950')"
Output:

===================
=== REGISTERING FLASH ===
FLASH payload:
{"uuid": "d83bda4d2950", "timestamp": "2025-07-04T23:37:10Z", "version": "c1c1e4e", "test_status": "flashed", "sn_mct": "d83bda4d2950", "sn_led": "d83bda4d2950", "mac_addr": "d8:3b:da:4d:29:50", "ota_0.upy": "b0bfac5", "ota_0.mct": "c1c1e4e"}
FLASH results recorded successfully
=== REGISTERING REPL TEST ===
REPL TEST payload:
{"uuid": "d83bda4d2950", "timestamp": "2025-07-04T23:37:15Z", "version": "c1c1e4e", "test_status": "test_repl", "mac_addr": "d8:3b:da:4d:29:50", "ota_0.upy": "b0bfac5", "ota_0.mct": "c1c1e4e"}
REPL TEST results recorded successfully
All steps completed successfully!
