Running load_mct.py
Installing required packages...
=== Install esptool ===
Command: pip install --upgrade esptool
Output:
Requirement already satisfied: esptool in ./venv_ble/lib/python3.13/site-packages (5.0.0)
Requirement already satisfied: bitstring!=4.2.0,>=3.1.6 in ./venv_ble/lib/python3.13/site-packages (from esptool) (4.3.1)
Requirement already satisfied: cryptography>=43.0.0 in ./venv_ble/lib/python3.13/site-packages (from esptool) (45.0.4)
Requirement already satisfied: pyserial>=3.3 in ./venv_ble/lib/python3.13/site-packages (from esptool) (3.5)
Requirement already satisfied: reedsolo<1.8,>=1.5.3 in ./venv_ble/lib/python3.13/site-packages (from esptool) (1.7.0)
Requirement already satisfied: PyYAML>=5.1 in ./venv_ble/lib/python3.13/site-packages (from esptool) (6.0.2)
Requirement already satisfied: intelhex in ./venv_ble/lib/python3.13/site-packages (from esptool) (2.3.0)
Requirement already satisfied: rich_click in ./venv_ble/lib/python3.13/site-packages (from esptool) (1.8.9)
Requirement already satisfied: click<8.2.0 in ./venv_ble/lib/python3.13/site-packages (from esptool) (8.1.8)
Requirement already satisfied: bitarray<4.0,>=3.0.0 in ./venv_ble/lib/python3.13/site-packages (from bitstring!=4.2.0,>=3.1.6->esptool) (3.4.3)
Requirement already satisfied: cffi>=1.14 in ./venv_ble/lib/python3.13/site-packages (from cryptography>=43.0.0->esptool) (1.17.1)
Requirement already satisfied: rich>=10.7 in ./venv_ble/lib/python3.13/site-packages (from rich_click->esptool) (14.0.0)
Requirement already satisfied: typing_extensions>=4 in ./venv_ble/lib/python3.13/site-packages (from rich_click->esptool) (4.14.0)
Requirement already satisfied: pycparser in ./venv_ble/lib/python3.13/site-packages (from cffi>=1.14->cryptography>=43.0.0->esptool) (2.22)
Requirement already satisfied: markdown-it-py>=2.2.0 in ./venv_ble/lib/python3.13/site-packages (from rich>=10.7->rich_click->esptool) (3.0.0)
Requirement already satisfied: pygments<3.0.0,>=2.13.0 in ./venv_ble/lib/python3.13/site-packages (from rich>=10.7->rich_click->esptool) (2.19.2)
Requirement already satisfied: mdurl~=0.1 in ./venv_ble/lib/python3.13/site-packages (from markdown-it-py>=2.2.0->rich>=10.7->rich_click->esptool) (0.1.2)

[notice] A new release of pip is available: 25.0.1 -> 25.1.1
[notice] To update, run: pip install --upgrade pip

===================
=== Install mpremote ===
Command: pip install mpremote
Output:
Requirement already satisfied: mpremote in ./venv_ble/lib/python3.13/site-packages (1.25.0)
Requirement already satisfied: pyserial>=3.3 in ./venv_ble/lib/python3.13/site-packages (from mpremote) (3.5)

[notice] A new release of pip is available: 25.0.1 -> 25.1.1
[notice] To update, run: pip install --upgrade pip

===================
=== Check Device Info ===
Command: mpremote devs
Output:
/dev/cu.Bluetooth-Incoming-Port None 0000:0000 None None
/dev/cu.debug-console None 0000:0000 None None
/dev/cu.usbmodem1101 D8:3B:DA:4D:29:50 303a:1001 Espressif USB JTAG/serial debug unit

===================
mpremote devs output:
/dev/cu.Bluetooth-Incoming-Port None 0000:0000 None None
/dev/cu.debug-console None 0000:0000 None None
/dev/cu.usbmodem1101 D8:3B:DA:4D:29:50 303a:1001 Espressif USB JTAG/serial debug unit

Found device in bootloader mode on port: /dev/cu.usbmodem1101
=== Get MAC Address ===
Command: esptool.py --port "/dev/cu.usbmodem1101" chip_id
Output:
[0;33mWarning:[0m DEPRECATED: 'esptool.py' is deprecated. Please use 'esptool' instead. The '.py' suffix will be removed in a future major release.
[0;33mWarning:[0m Deprecated: Command 'chip_id' is deprecated. Use 'chip-id' instead.
esptool v5.0.0
Serial port /dev/cu.usbmodem1101:
[1;31m
A fatal error occurred: Could not open /dev/cu.usbmodem1101, the port is busy or doesn't exist.
([Errno 16] could not open port /dev/cu.usbmodem1101: [Errno 16] Resource busy: '/dev/cu.usbmodem1101')
[0m

===================
Failed to get MAC address before flashing. Cannot proceed.
Could not get MAC address. Exiting.
