Running load_mct.py
Installing required packages...
=== Install esptool ===
Command: pip install --upgrade esptool
Output:
Requirement already satisfied: esptool in /Users/danielmcshan/GitHub/MCT/venv_ble/lib/python3.13/site-packages (4.9.0)
Collecting esptool
  Downloading esptool-5.0.0.tar.gz (373 kB)
  Installing build dependencies: started
  Installing build dependencies: finished with status 'done'
  Getting requirements to build wheel: started
  Getting requirements to build wheel: finished with status 'done'
  Preparing metadata (pyproject.toml): started
  Preparing metadata (pyproject.toml): finished with status 'done'
Requirement already satisfied: bitstring!=4.2.0,>=3.1.6 in /Users/danielmcshan/GitHub/MCT/venv_ble/lib/python3.13/site-packages (from esptool) (4.3.1)
Requirement already satisfied: cryptography>=43.0.0 in /Users/danielmcshan/GitHub/MCT/venv_ble/lib/python3.13/site-packages (from esptool) (45.0.4)
Requirement already satisfied: pyserial>=3.3 in /Users/danielmcshan/GitHub/MCT/venv_ble/lib/python3.13/site-packages (from esptool) (3.5)
Requirement already satisfied: reedsolo<1.8,>=1.5.3 in /Users/danielmcshan/GitHub/MCT/venv_ble/lib/python3.13/site-packages (from esptool) (1.7.0)
Requirement already satisfied: PyYAML>=5.1 in /Users/danielmcshan/GitHub/MCT/venv_ble/lib/python3.13/site-packages (from esptool) (6.0.2)
Requirement already satisfied: intelhex in /Users/danielmcshan/GitHub/MCT/venv_ble/lib/python3.13/site-packages (from esptool) (2.3.0)
Collecting rich_click (from esptool)
  Downloading rich_click-1.8.9-py3-none-any.whl.metadata (7.9 kB)
Collecting click<8.2.0 (from esptool)
  Using cached click-8.1.8-py3-none-any.whl.metadata (2.3 kB)
Requirement already satisfied: bitarray<4.0,>=3.0.0 in /Users/danielmcshan/GitHub/MCT/venv_ble/lib/python3.13/site-packages (from bitstring!=4.2.0,>=3.1.6->esptool) (3.4.3)
Requirement already satisfied: cffi>=1.14 in /Users/danielmcshan/GitHub/MCT/venv_ble/lib/python3.13/site-packages (from cryptography>=43.0.0->esptool) (1.17.1)
Collecting rich>=10.7 (from rich_click->esptool)
  Using cached rich-14.0.0-py3-none-any.whl.metadata (18 kB)
Collecting typing_extensions>=4 (from rich_click->esptool)
  Using cached typing_extensions-4.14.0-py3-none-any.whl.metadata (3.0 kB)
Requirement already satisfied: pycparser in /Users/danielmcshan/GitHub/MCT/venv_ble/lib/python3.13/site-packages (from cffi>=1.14->cryptography>=43.0.0->esptool) (2.22)
Collecting markdown-it-py>=2.2.0 (from rich>=10.7->rich_click->esptool)
  Using cached markdown_it_py-3.0.0-py3-none-any.whl.metadata (6.9 kB)
Collecting pygments<3.0.0,>=2.13.0 (from rich>=10.7->rich_click->esptool)
  Using cached pygments-2.19.2-py3-none-any.whl.metadata (2.5 kB)
Collecting mdurl~=0.1 (from markdown-it-py>=2.2.0->rich>=10.7->rich_click->esptool)
  Using cached mdurl-0.1.2-py3-none-any.whl.metadata (1.6 kB)
Using cached click-8.1.8-py3-none-any.whl (98 kB)
Downloading rich_click-1.8.9-py3-none-any.whl (36 kB)
Using cached rich-14.0.0-py3-none-any.whl (243 kB)
Using cached typing_extensions-4.14.0-py3-none-any.whl (43 kB)
Using cached markdown_it_py-3.0.0-py3-none-any.whl (87 kB)
Using cached pygments-2.19.2-py3-none-any.whl (1.2 MB)
Using cached mdurl-0.1.2-py3-none-any.whl (10.0 kB)
Building wheels for collected packages: esptool
  Building wheel for esptool (pyproject.toml): started
  Building wheel for esptool (pyproject.toml): finished with status 'done'
  Created wheel for esptool: filename=esptool-5.0.0-py3-none-any.whl size=463324 sha256=b11e18342effbceeab229f1137f7f9f745d91708fd751e15786f8cd1faa5b0ff
  Stored in directory: /Users/danielmcshan/Library/Caches/pip/wheels/76/13/b5/e447246034376a800375d40fcda999fa785424ebb06cee408f
Successfully built esptool
Installing collected packages: typing_extensions, pygments, mdurl, click, markdown-it-py, rich, rich_click, esptool
  Attempting uninstall: esptool
    Found existing installation: esptool 4.9.0
    Uninstalling esptool-4.9.0:
      Successfully uninstalled esptool-4.9.0
Successfully installed click-8.1.8 esptool-5.0.0 markdown-it-py-3.0.0 mdurl-0.1.2 pygments-2.19.2 rich-14.0.0 rich_click-1.8.9 typing_extensions-4.14.0

[notice] A new release of pip is available: 25.0.1 -> 25.1.1
[notice] To update, run: pip install --upgrade pip

===================
=== Install mpremote ===
Command: pip install mpremote
Output:
Requirement already satisfied: mpremote in /Users/danielmcshan/GitHub/MCT/venv_ble/lib/python3.13/site-packages (1.25.0)
Requirement already satisfied: pyserial>=3.3 in /Users/danielmcshan/GitHub/MCT/venv_ble/lib/python3.13/site-packages (from mpremote) (3.5)

[notice] A new release of pip is available: 25.0.1 -> 25.1.1
[notice] To update, run: pip install --upgrade pip

===================
=== Check Device Info ===
Command: mpremote devs
Output:
/dev/cu.Bluetooth-Incoming-Port None 0000:0000 None None
/dev/cu.debug-console None 0000:0000 None None
/dev/cu.usbmodem1101 D8:3B:DA:4D:29:50 303a:1001 Espressif USB JTAG/serial debug unit
/dev/cu.usbmodem21101 d83bda4d2beccb3f 303a:0420 AVS MCT

===================
mpremote devs output:
/dev/cu.Bluetooth-Incoming-Port None 0000:0000 None None
/dev/cu.debug-console None 0000:0000 None None
/dev/cu.usbmodem1101 D8:3B:DA:4D:29:50 303a:1001 Espressif USB JTAG/serial debug unit
/dev/cu.usbmodem21101 d83bda4d2beccb3f 303a:0420 AVS MCT

Found device in bootloader mode on port: /dev/cu.usbmodem1101
=== Get MAC Address ===
Command: esptool.py --port "/dev/cu.usbmodem1101" chip_id
Output:
[0;33mWarning:[0m DEPRECATED: 'esptool.py' is deprecated. Please use 'esptool' instead. The '.py' suffix will be removed in a future major release.
[0;33mWarning:[0m Deprecated: Command 'chip_id' is deprecated. Use 'chip-id' instead.
esptool v5.0.0
Serial port /dev/cu.usbmodem1101:
[1;31m
A fatal error occurred: Could not open /dev/cu.usbmodem1101, the port is busy or doesn't exist.
([Errno 35] Could not exclusively lock port /dev/cu.usbmodem1101: [Errno 35] Resource temporarily unavailable)
[0m

===================
Failed to get MAC address before flashing. Cannot proceed.
Could not get MAC address. Exiting.
