Running load_mct.py
Installing required packages...
=== Install esptool ===
Command: pip install "git+https://github.com/espressif/esptool.git@a32988e2d5f02845ce16e22022f5b64368f12572#egg=esptool"
Output:
Collecting esptool
  Using cached esptool-4.8.1-py3-none-any.whl
Requirement already satisfied: bitstring!=4.2.0,>=3.1.6 in /opt/homebrew/lib/python3.11/site-packages (from esptool) (4.3.1)
Requirement already satisfied: cryptography>=2.1.4 in /opt/homebrew/lib/python3.11/site-packages (from esptool) (45.0.4)
Requirement already satisfied: ecdsa>=0.16.0 in /opt/homebrew/lib/python3.11/site-packages (from esptool) (0.19.1)
Requirement already satisfied: pyserial>=3.3 in /opt/homebrew/lib/python3.11/site-packages (from esptool) (3.5)
Requirement already satisfied: reedsolo<1.8,>=1.5.3 in /opt/homebrew/lib/python3.11/site-packages (from esptool) (1.7.0)
Requirement already satisfied: PyYAML>=5.1 in /opt/homebrew/lib/python3.11/site-packages (from esptool) (6.0.2)
Requirement already satisfied: intelhex in /opt/homebrew/lib/python3.11/site-packages (from esptool) (2.3.0)
Requirement already satisfied: argcomplete>=3 in /opt/homebrew/lib/python3.11/site-packages (from esptool) (3.6.2)
Requirement already satisfied: bitarray<4.0,>=3.0.0 in /opt/homebrew/lib/python3.11/site-packages (from bitstring!=4.2.0,>=3.1.6->esptool) (3.4.2)
Requirement already satisfied: cffi>=1.14 in /opt/homebrew/lib/python3.11/site-packages (from cryptography>=2.1.4->esptool) (1.17.1)
Requirement already satisfied: six>=1.9.0 in /opt/homebrew/lib/python3.11/site-packages (from ecdsa>=0.16.0->esptool) (1.17.0)
Requirement already satisfied: pycparser in /opt/homebrew/lib/python3.11/site-packages (from cffi>=1.14->cryptography>=2.1.4->esptool) (2.22)

[notice] A new release of pip is available: 25.0.1 -> 25.1.1
[notice] To update, run: python3.11 -m pip install --upgrade pip

===================
=== Install mpremote ===
Command: pip install mpremote
Output:
Requirement already satisfied: mpremote in /opt/homebrew/lib/python3.11/site-packages (1.25.0)
Requirement already satisfied: pyserial>=3.3 in /opt/homebrew/lib/python3.11/site-packages (from mpremote) (3.5)

[notice] A new release of pip is available: 25.0.1 -> 25.1.1
[notice] To update, run: python3.11 -m pip install --upgrade pip

===================
=== Check Device Info ===
Command: mpremote devs
Output:
/dev/cu.Bluetooth-Incoming-Port None 0000:0000 None None
/dev/cu.debug-console None 0000:0000 None None
/dev/cu.usbmodem1101 D8:3B:DA:4D:29:50 303a:1001 Espressif USB JTAG/serial debug unit

===================
mpremote devs output:
/dev/cu.Bluetooth-Incoming-Port None 0000:0000 None None
/dev/cu.debug-console None 0000:0000 None None
/dev/cu.usbmodem1101 D8:3B:DA:4D:29:50 303a:1001 Espressif USB JTAG/serial debug unit

Found device in bootloader mode on port: /dev/cu.usbmodem1101
=== Get MAC Address ===
Command: esptool.py --port "/dev/cu.usbmodem1101" chip_id
Output:
esptool.py v4.8.1
Serial port /dev/cu.usbmodem1101
Connecting....
Detecting chip type... ESP32-S3
Chip is ESP32-S3 (QFN56) (revision v0.2)
Features: WiFi, BLE, Embedded PSRAM 8MB (AP_3v3)
Crystal is 40MHz
USB mode: USB-Serial/JTAG
MAC: d8:3b:da:4d:29:50
Uploading stub...
Running stub...
Stub running...
Warning: ESP32-S3 has no Chip ID. Reading MAC instead.
MAC: d8:3b:da:4d:29:50
Hard resetting via RTS pin...

===================
Device MAC address: d8:3b:da:4d:29:50
Flashing firmware...
=== Erase Flash ===
Command: esptool.py --chip esp32s3 --port "/dev/cu.usbmodem1101" --baud 921600 --before default_reset --after watchdog_reset erase_flash
Output:
esptool.py v4.8.1
Serial port /dev/cu.usbmodem1101
Connecting....
Chip is ESP32-S3 (QFN56) (revision v0.2)
Features: WiFi, BLE, Embedded PSRAM 8MB (AP_3v3)
Crystal is 40MHz
USB mode: USB-Serial/JTAG
MAC: d8:3b:da:4d:29:50
Uploading stub...
Running stub...
Stub running...
Changing baud rate to 921600
Changed.
Erasing flash (this may take a while)...
Chip erase completed successfully in 3.3 seconds.
Hard resetting with a watchdog...

===================
=== Write Flash ===
Command: esptool.py --chip esp32s3 --port "/dev/cu.usbmodem1101" --baud 921600 --before default_reset --after watchdog_reset write_flash -z --flash_mode dio --flash_freq 80m 0x0 "/Users/danielmcshan/GitHub/MCT/mod/MCC/firmware/bootloader.bin" 0x8000 "/Users/danielmcshan/GitHub/MCT/mod/MCC/firmware/partition-table.bin" 0x20000 "/Users/danielmcshan/GitHub/MCT/mod/MCC/firmware/micropython.bin"
Output:
esptool.py v4.8.1
Serial port /dev/cu.usbmodem1101

A fatal error occurred: Could not open /dev/cu.usbmodem1101, the port is busy or doesn't exist.
([Errno 2] could not open port /dev/cu.usbmodem1101: [Errno 2] No such file or directory: '/dev/cu.usbmodem1101')

Hint: Check if the port is correct and ESP connected


===================
Flash write operation failed.
============================================================
DEVICE MUST BE IN BOOTLOADER MODE!
============================================================
This script requires the device to be in bootloader mode.
We need to see: 303a:1001 Espressif USB JTAG/serial debug unit

To put the device in bootloader mode:
1. Locate the BOOT and EN (or RST) buttons on your MCT device
2. Hold down the BOOT button and keep it pressed
3. While holding BOOT, press and release the EN (or RST) button
4. Release the BOOT button
5. The device should now show as 303a:1001 in bootloader mode

After putting the device in bootloader mode, run this script again.
You can verify bootloader mode with: mpremote devs
============================================================
Failed to flash firmware. Exiting.
