Running load_mct.py
Installing required packages...
=== Install esptool ===
Command: pip install --upgrade esptool
Output:
Requirement already satisfied: esptool in ./venv_ble/lib/python3.13/site-packages (5.0.0)
Requirement already satisfied: bitstring!=4.2.0,>=3.1.6 in ./venv_ble/lib/python3.13/site-packages (from esptool) (4.3.1)
Requirement already satisfied: cryptography>=43.0.0 in ./venv_ble/lib/python3.13/site-packages (from esptool) (45.0.4)
Requirement already satisfied: pyserial>=3.3 in ./venv_ble/lib/python3.13/site-packages (from esptool) (3.5)
Requirement already satisfied: reedsolo<1.8,>=1.5.3 in ./venv_ble/lib/python3.13/site-packages (from esptool) (1.7.0)
Requirement already satisfied: PyYAML>=5.1 in ./venv_ble/lib/python3.13/site-packages (from esptool) (6.0.2)
Requirement already satisfied: intelhex in ./venv_ble/lib/python3.13/site-packages (from esptool) (2.3.0)
Requirement already satisfied: rich_click in ./venv_ble/lib/python3.13/site-packages (from esptool) (1.8.9)
Requirement already satisfied: click<8.2.0 in ./venv_ble/lib/python3.13/site-packages (from esptool) (8.1.8)
Requirement already satisfied: bitarray<4.0,>=3.0.0 in ./venv_ble/lib/python3.13/site-packages (from bitstring!=4.2.0,>=3.1.6->esptool) (3.4.3)
Requirement already satisfied: cffi>=1.14 in ./venv_ble/lib/python3.13/site-packages (from cryptography>=43.0.0->esptool) (1.17.1)
Requirement already satisfied: rich>=10.7 in ./venv_ble/lib/python3.13/site-packages (from rich_click->esptool) (14.0.0)
Requirement already satisfied: typing_extensions>=4 in ./venv_ble/lib/python3.13/site-packages (from rich_click->esptool) (4.14.0)
Requirement already satisfied: pycparser in ./venv_ble/lib/python3.13/site-packages (from cffi>=1.14->cryptography>=43.0.0->esptool) (2.22)
Requirement already satisfied: markdown-it-py>=2.2.0 in ./venv_ble/lib/python3.13/site-packages (from rich>=10.7->rich_click->esptool) (3.0.0)
Requirement already satisfied: pygments<3.0.0,>=2.13.0 in ./venv_ble/lib/python3.13/site-packages (from rich>=10.7->rich_click->esptool) (2.19.2)
Requirement already satisfied: mdurl~=0.1 in ./venv_ble/lib/python3.13/site-packages (from markdown-it-py>=2.2.0->rich>=10.7->rich_click->esptool) (0.1.2)

[notice] A new release of pip is available: 25.0.1 -> 25.1.1
[notice] To update, run: pip install --upgrade pip

===================
=== Install mpremote ===
Command: pip install mpremote
Output:
Requirement already satisfied: mpremote in ./venv_ble/lib/python3.13/site-packages (1.25.0)
Requirement already satisfied: pyserial>=3.3 in ./venv_ble/lib/python3.13/site-packages (from mpremote) (3.5)

[notice] A new release of pip is available: 25.0.1 -> 25.1.1
[notice] To update, run: pip install --upgrade pip

===================
=== Check Device Info ===
Command: mpremote devs
Output:
/dev/cu.Bluetooth-Incoming-Port None 0000:0000 None None
/dev/cu.debug-console None 0000:0000 None None
/dev/cu.usbmodem1101 D8:3B:DA:4D:29:50 303a:1001 Espressif USB JTAG/serial debug unit

===================
mpremote devs output:
/dev/cu.Bluetooth-Incoming-Port None 0000:0000 None None
/dev/cu.debug-console None 0000:0000 None None
/dev/cu.usbmodem1101 D8:3B:DA:4D:29:50 303a:1001 Espressif USB JTAG/serial debug unit

Found device in bootloader mode on port: /dev/cu.usbmodem1101
=== Get MAC Address ===
Command: esptool.py --port "/dev/cu.usbmodem1101" chip_id
Output:
[0;33mWarning:[0m DEPRECATED: 'esptool.py' is deprecated. Please use 'esptool' instead. The '.py' suffix will be removed in a future major release.
[0;33mWarning:[0m Deprecated: Command 'chip_id' is deprecated. Use 'chip-id' instead.
esptool v5.0.0
Serial port /dev/cu.usbmodem1101:
Connecting...
Detecting chip type... ESP32-S3
[1A[2K[1A[2K[1A[2KConnected to ESP32-S3 on /dev/cu.usbmodem1101:
Chip type:          ESP32-S3 (QFN56) (revision v0.2)
Features:           Wi-Fi, BT 5 (LE), Dual Core + LP Core, 240MHz, Embedded PSRAM 8MB (AP_3v3)
Crystal frequency:  40MHz
USB mode:           USB-Serial/JTAG
MAC:                d8:3b:da:4d:29:50

Uploading stub flasher...
Running stub flasher...
[1A[2K[1A[2KStub flasher running.

[0;33mWarning:[0m ESP32-S3 has no chip ID. Reading MAC address instead.
MAC:                d8:3b:da:4d:29:50

Hard resetting via RTS pin...

===================
Device MAC address: d8:3b:da:4d:29:50
Flashing firmware...
=== Erase Flash ===
Command: esptool.py --chip esp32s3 --port "/dev/cu.usbmodem1101" --baud 115200 --before default_reset --after watchdog_reset erase_flash
Output:
[0;33mWarning:[0m DEPRECATED: 'esptool.py' is deprecated. Please use 'esptool' instead. The '.py' suffix will be removed in a future major release.
[0;33mWarning:[0m Deprecated: Choice 'default_reset' for option '--before' is deprecated. Use 'default-reset' instead.
[0;33mWarning:[0m Deprecated: Choice 'watchdog_reset' for option '--after' is deprecated. Use 'watchdog-reset' instead.
[0;33mWarning:[0m Deprecated: Command 'erase_flash' is deprecated. Use 'erase-flash' instead.
esptool v5.0.0
Serial port /dev/cu.usbmodem1101:
Connecting...
[1A[2K[1A[2KConnected to ESP32-S3 on /dev/cu.usbmodem1101:
Chip type:          ESP32-S3 (QFN56) (revision v0.2)
Features:           Wi-Fi, BT 5 (LE), Dual Core + LP Core, 240MHz, Embedded PSRAM 8MB (AP_3v3)
Crystal frequency:  40MHz
USB mode:           USB-Serial/JTAG
MAC:                d8:3b:da:4d:29:50

Uploading stub flasher...
Running stub flasher...
[1A[2K[1A[2KStub flasher running.

Erasing flash memory (this may take a while)...
[1A[2KFlash memory erased successfully in 3.1 seconds.

Hard resetting with a watchdog...

===================
=== Write Flash ===
Command: esptool.py --chip esp32s3 --port "/dev/cu.usbmodem1101" --baud 115200 --before default_reset --after watchdog_reset write_flash -z 0x0 "/Users/danielmcshan/GitHub/MCT/mod/MCC/firmware/bootloader.bin" 0x8000 "/Users/danielmcshan/GitHub/MCT/mod/MCC/firmware/partition-table.bin" 0x20000 "/Users/danielmcshan/GitHub/MCT/mod/MCC/firmware/micropython.bin" 0x820000 "/Users/danielmcshan/GitHub/MCT/mod/MCC/firmware/filesystem.bin"
Output:
[0;33mWarning:[0m DEPRECATED: 'esptool.py' is deprecated. Please use 'esptool' instead. The '.py' suffix will be removed in a future major release.
[0;33mWarning:[0m Deprecated: Choice 'default_reset' for option '--before' is deprecated. Use 'default-reset' instead.
[0;33mWarning:[0m Deprecated: Choice 'watchdog_reset' for option '--after' is deprecated. Use 'watchdog-reset' instead.
[0;33mWarning:[0m Deprecated: Command 'write_flash' is deprecated. Use 'write-flash' instead.
esptool v5.0.0
Serial port /dev/cu.usbmodem1101:
Connecting....
[1A[2K[1A[2KConnected to ESP32-S3 on /dev/cu.usbmodem1101:
Chip type:          ESP32-S3 (QFN56) (revision v0.2)
Features:           Wi-Fi, BT 5 (LE), Dual Core + LP Core, 240MHz, Embedded PSRAM 8MB (AP_3v3)
Crystal frequency:  40MHz
USB mode:           USB-Serial/JTAG
MAC:                d8:3b:da:4d:29:50

Uploading stub flasher...
Running stub flasher...
[1A[2K[1A[2KStub flasher running.

Configuring flash size...
Flash will be erased from 0x00000000 to 0x00004fff...
Flash will be erased from 0x00008000 to 0x00008fff...
Flash will be erased from 0x00020000 to 0x00280fff...
Flash will be erased from 0x00820000 to 0x00ffffff...
Compressed 19152 bytes to 12451...

[KWriting at 0x00000000 [                              ]   0.0% 0/12451 bytes... 
[KWriting at 0x00004ad0 [==============================] 100.0% 12451/12451 bytes... 
[1A[2K[1A[2KWrote 19152 bytes (12451 compressed) at 0x00000000 in 0.2 seconds (641.8 kbit/s).
Hash of data verified.
Compressed 3072 bytes to 139...

[KWriting at 0x00008000 [                              ]   0.0% 0/139 bytes... 
[KWriting at 0x00008c00 [==============================] 100.0% 139/139 bytes... 
[1A[2K[1A[2KWrote 3072 bytes (139 compressed) at 0x00008000 in 0.0 seconds (887.0 kbit/s).
Hash of data verified.
Compressed 2493120 bytes to 1499078...

[KWriting at 0x00020000 [                              ]   0.0% 0/1499078 bytes... 
[KWriting at 0x0002a854 [                              ]   1.1% 16384/1499078 bytes... 
[KWriting at 0x000332f5 [                              ]   2.2% 32768/1499078 bytes... 
[KWriting at 0x0003b005 [                              ]   3.3% 49152/1499078 bytes... 
[KWriting at 0x000407d6 [>                             ]   4.4% 65536/1499078 bytes... 
[KWriting at 0x00049684 [>                             ]   5.5% 81920/1499078 bytes... 
[KWriting at 0x00055ee7 [>                             ]   6.6% 98304/1499078 bytes... 
[KWriting at 0x000620c5 [=>                            ]   7.7% 114688/1499078 bytes... 
[KWriting at 0x0006b088 [=>                            ]   8.7% 131072/1499078 bytes... 
[KWriting at 0x00070a58 [=>                            ]   9.8% 147456/1499078 bytes... 
[KWriting at 0x00077641 [==>                           ]  10.9% 163840/1499078 bytes... 
[KWriting at 0x0007d6a0 [==>                           ]  12.0% 180224/1499078 bytes... 
[KWriting at 0x00085231 [==>                           ]  13.1% 196608/1499078 bytes... 
[KWriting at 0x0008e11a [===>                          ]  14.2% 212992/1499078 bytes... 
[KWriting at 0x00097504 [===>                          ]  15.3% 229376/1499078 bytes... 
[KWriting at 0x000a17f4 [===>                          ]  16.4% 245760/1499078 bytes... 
[KWriting at 0x000af26e [====>                         ]  17.5% 262144/1499078 bytes... 
[KWriting at 0x000b9410 [====>                         ]  18.6% 278528/1499078 bytes... 
[KWriting at 0x000c1ed7 [====>                         ]  19.7% 294912/1499078 bytes... 
[KWriting at 0x000ca373 [=====>                        ]  20.8% 311296/1499078 bytes... 
[KWriting at 0x000d68f4 [=====>                        ]  21.9% 327680/1499078 bytes... 
[KWriting at 0x000df487 [=====>                        ]  23.0% 344064/1499078 bytes... 
[KWriting at 0x000e78bf [======>                       ]  24.0% 360448/1499078 bytes... 
[KWriting at 0x000ef311 [======>                       ]  25.1% 376832/1499078 bytes... 
[KWriting at 0x000f80b8 [======>                       ]  26.2% 393216/1499078 bytes... 
[KWriting at 0x000fff6c [=======>                      ]  27.3% 409600/1499078 bytes... 
[KWriting at 0x001090b8 [=======>                      ]  28.4% 425984/1499078 bytes... 
[KWriting at 0x00110b36 [=======>                      ]  29.5% 442368/1499078 bytes... 
[KWriting at 0x0011a01e [========>                     ]  30.6% 458752/1499078 bytes... 
[KWriting at 0x00121fca [========>                     ]  31.7% 475136/1499078 bytes... 
[KWriting at 0x0012a0e3 [========>                     ]  32.8% 491520/1499078 bytes... 
[KWriting at 0x00132025 [=========>                    ]  33.9% 507904/1499078 bytes... 
[KWriting at 0x00138b4c [=========>                    ]  35.0% 524288/1499078 bytes... 
[KWriting at 0x0013e59f [=========>                    ]  36.1% 540672/1499078 bytes... 
[KWriting at 0x00143839 [==========>                   ]  37.2% 557056/1499078 bytes... 
[KWriting at 0x00148de6 [==========>                   ]  38.3% 573440/1499078 bytes... 
[KWriting at 0x0014e127 [==========>                   ]  39.3% 589824/1499078 bytes... 
[KWriting at 0x0015353b [===========>                  ]  40.4% 606208/1499078 bytes... 
[KWriting at 0x00158b28 [===========>                  ]  41.5% 622592/1499078 bytes... 
[KWriting at 0x0015e2ba [===========>                  ]  42.6% 638976/1499078 bytes... 
[KWriting at 0x00163556 [============>                 ]  43.7% 655360/1499078 bytes... 
[KWriting at 0x0016875f [============>                 ]  44.8% 671744/1499078 bytes... 
[KWriting at 0x0016db11 [============>                 ]  45.9% 688128/1499078 bytes... 
[KWriting at 0x00172df1 [=============>                ]  47.0% 704512/1499078 bytes... 
[KWriting at 0x00177f57 [=============>                ]  48.1% 720896/1499078 bytes... 
[KWriting at 0x0017ce4d [=============>                ]  49.2% 737280/1499078 bytes... 
[KWriting at 0x001820b2 [==============>               ]  50.3% 753664/1499078 bytes... 
[KWriting at 0x00188bf0 [==============>               ]  51.4% 770048/1499078 bytes... 
[KWriting at 0x0018e651 [==============>               ]  52.5% 786432/1499078 bytes... 
[KWriting at 0x001945f6 [===============>              ]  53.6% 802816/1499078 bytes... 
[KWriting at 0x00199c8d [===============>              ]  54.6% 819200/1499078 bytes... 
[KWriting at 0x0019eccb [===============>              ]  55.7% 835584/1499078 bytes... 
[KWriting at 0x001a48f8 [================>             ]  56.8% 851968/1499078 bytes... 
[KWriting at 0x001aa9e4 [================>             ]  57.9% 868352/1499078 bytes... 
[KWriting at 0x001b00cd [================>             ]  59.0% 884736/1499078 bytes... 
[KWriting at 0x001b57b2 [=================>            ]  60.1% 901120/1499078 bytes... 
[KWriting at 0x001bb1dc [=================>            ]  61.2% 917504/1499078 bytes... 
[KWriting at 0x001c0c86 [=================>            ]  62.3% 933888/1499078 bytes... 
[KWriting at 0x001c67db [==================>           ]  63.4% 950272/1499078 bytes... 
[KWriting at 0x001cbe58 [==================>           ]  64.5% 966656/1499078 bytes... 
[KWriting at 0x001d1d3f [==================>           ]  65.6% 983040/1499078 bytes... 
[KWriting at 0x001d7edd [===================>          ]  66.7% 999424/1499078 bytes... 
[KWriting at 0x001dd5e8 [===================>          ]  67.8% 1015808/1499078 bytes... 
[KWriting at 0x001e2f17 [===================>          ]  68.9% 1032192/1499078 bytes... 
[KWriting at 0x001e8ce3 [===================>          ]  69.9% 1048576/1499078 bytes... 
[KWriting at 0x001ee72d [====================>         ]  71.0% 1064960/1499078 bytes... 
[KWriting at 0x001f371c [====================>         ]  72.1% 1081344/1499078 bytes... 
[KWriting at 0x001f8b62 [====================>         ]  73.2% 1097728/1499078 bytes... 
[KWriting at 0x001fe073 [=====================>        ]  74.3% 1114112/1499078 bytes... 
[KWriting at 0x00203607 [=====================>        ]  75.4% 1130496/1499078 bytes... 
[KWriting at 0x00208a70 [=====================>        ]  76.5% 1146880/1499078 bytes... 
[KWriting at 0x0020df5d [======================>       ]  77.6% 1163264/1499078 bytes... 
[KWriting at 0x00212f13 [======================>       ]  78.7% 1179648/1499078 bytes... 
[KWriting at 0x002182f3 [======================>       ]  79.8% 1196032/1499078 bytes... 
[KWriting at 0x0021d661 [=======================>      ]  80.9% 1212416/1499078 bytes... 
[KWriting at 0x002226e6 [=======================>      ]  82.0% 1228800/1499078 bytes... 
[KWriting at 0x00227847 [=======================>      ]  83.1% 1245184/1499078 bytes... 
[KWriting at 0x0022ccd3 [========================>     ]  84.2% 1261568/1499078 bytes... 
[KWriting at 0x00232d71 [========================>     ]  85.2% 1277952/1499078 bytes... 
[KWriting at 0x00237e5e [========================>     ]  86.3% 1294336/1499078 bytes... 
[KWriting at 0x0023d099 [=========================>    ]  87.4% 1310720/1499078 bytes... 
[KWriting at 0x00242684 [=========================>    ]  88.5% 1327104/1499078 bytes... 
[KWriting at 0x00248178 [=========================>    ]  89.6% 1343488/1499078 bytes... 
[KWriting at 0x0024dc24 [==========================>   ]  90.7% 1359872/1499078 bytes... 
[KWriting at 0x00253856 [==========================>   ]  91.8% 1376256/1499078 bytes... 
[KWriting at 0x0025933a [==========================>   ]  92.9% 1392640/1499078 bytes... 
[KWriting at 0x0025e406 [===========================>  ]  94.0% 1409024/1499078 bytes... 
[KWriting at 0x00266836 [===========================>  ]  95.1% 1425408/1499078 bytes... 
[KWriting at 0x0026c2d3 [===========================>  ]  96.2% 1441792/1499078 bytes... 
[KWriting at 0x00271591 [============================> ]  97.3% 1458176/1499078 bytes... 
[KWriting at 0x002774b6 [============================> ]  98.4% 1474560/1499078 bytes... 
[KWriting at 0x0027d8b3 [============================> ]  99.5% 1490944/1499078 bytes... 
[KWriting at 0x00280ac0 [==============================] 100.0% 1499078/1499078 bytes... 
[1A[2K[1A[2KWrote 2493120 bytes (1499078 compressed) at 0x00020000 in 21.2 seconds (941.0 kbit/s).
Hash of data verified.
Compressed 8257536 bytes to 769503...

[KWriting at 0x00820000 [                              ]   0.0% 0/769503 bytes... 
[KWriting at 0x00827685 [                              ]   2.1% 16384/769503 bytes... 
[KWriting at 0x0082e455 [>                             ]   4.3% 32768/769503 bytes... 
[KWriting at 0x0083362c [>                             ]   6.4% 49152/769503 bytes... 
[KWriting at 0x0083b928 [=>                            ]   8.5% 65536/769503 bytes... 
[KWriting at 0x00842f42 [==>                           ]  10.6% 81920/769503 bytes... 
[KWriting at 0x0084e187 [==>                           ]  12.8% 98304/769503 bytes... 
[KWriting at 0x0085a23c [===>                          ]  14.9% 114688/769503 bytes... 
[KWriting at 0x00868280 [====>                         ]  17.0% 131072/769503 bytes... 
[KWriting at 0x00872d14 [====>                         ]  19.2% 147456/769503 bytes... 
[KWriting at 0x0087c4bf [=====>                        ]  21.3% 163840/769503 bytes... 
[KWriting at 0x0088964c [======>                       ]  23.4% 180224/769503 bytes... 
[KWriting at 0x0089644e [======>                       ]  25.5% 196608/769503 bytes... 
[KWriting at 0x008a5ea1 [=======>                      ]  27.7% 212992/769503 bytes... 
[KWriting at 0x008b19db [=======>                      ]  29.8% 229376/769503 bytes... 
[KWriting at 0x008ba175 [========>                     ]  31.9% 245760/769503 bytes... 
[KWriting at 0x008c8044 [=========>                    ]  34.1% 262144/769503 bytes... 
[KWriting at 0x008d2a5b [=========>                    ]  36.2% 278528/769503 bytes... 
[KWriting at 0x00e484c0 [==========>                   ]  38.3% 294912/769503 bytes... 
[KWriting at 0x00e660b8 [===========>                  ]  40.5% 311296/769503 bytes... 
[KWriting at 0x00e8247e [===========>                  ]  42.6% 327680/769503 bytes... 
[KWriting at 0x00e94315 [============>                 ]  44.7% 344064/769503 bytes... 
[KWriting at 0x00eb253d [=============>                ]  46.8% 360448/769503 bytes... 
[KWriting at 0x00ec13bb [=============>                ]  49.0% 376832/769503 bytes... 
[KWriting at 0x00eca0cb [==============>               ]  51.1% 393216/769503 bytes... 
[KWriting at 0x00ecfffe [==============>               ]  53.2% 409600/769503 bytes... 
[KWriting at 0x00ed6a14 [===============>              ]  55.4% 425984/769503 bytes... 
[KWriting at 0x00edd3b7 [================>             ]  57.5% 442368/769503 bytes... 
[KWriting at 0x00ee43b9 [================>             ]  59.6% 458752/769503 bytes... 
[KWriting at 0x00eed076 [=================>            ]  61.7% 475136/769503 bytes... 
[KWriting at 0x00efa97b [==================>           ]  63.9% 491520/769503 bytes... 
[KWriting at 0x00f04485 [==================>           ]  66.0% 507904/769503 bytes... 
[KWriting at 0x00f12c2f [===================>          ]  68.1% 524288/769503 bytes... 
[KWriting at 0x00f1c08c [====================>         ]  70.3% 540672/769503 bytes... 
[KWriting at 0x00f25e07 [====================>         ]  72.4% 557056/769503 bytes... 
[KWriting at 0x00f3635e [=====================>        ]  74.5% 573440/769503 bytes... 
[KWriting at 0x00f40e97 [=====================>        ]  76.6% 589824/769503 bytes... 
[KWriting at 0x00f50343 [======================>       ]  78.8% 606208/769503 bytes... 
[KWriting at 0x00f5b87c [=======================>      ]  80.9% 622592/769503 bytes... 
[KWriting at 0x00f64132 [=======================>      ]  83.0% 638976/769503 bytes... 
[KWriting at 0x00f73dae [========================>     ]  85.2% 655360/769503 bytes... 
[KWriting at 0x00f7d71c [=========================>    ]  87.3% 671744/769503 bytes... 
[KWriting at 0x00f95031 [=========================>    ]  89.4% 688128/769503 bytes... 
[KWriting at 0x00fb2d19 [==========================>   ]  91.6% 704512/769503 bytes... 
[KWriting at 0x00fc4e81 [===========================>  ]  93.7% 720896/769503 bytes... 
[KWriting at 0x00fe5142 [===========================>  ]  95.8% 737280/769503 bytes... 
[KWriting at 0x00ff64f3 [============================> ]  97.9% 753664/769503 bytes... 
[KWriting at 0x01000000 [==============================] 100.0% 769503/769503 bytes... 
[1A[2K[1A[2KWrote 8257536 bytes (769503 compressed) at 0x00820000 in 29.1 seconds (2266.5 kbit/s).
Hash of data verified.

Hard resetting with a watchdog...

===================
Waiting for device to boot into MicroPython...
=== Run flashed firmware ===
Command: esptool.py --chip esp32s3 --port "/dev/cu.usbmodem1101" run
Output:
[0;33mWarning:[0m DEPRECATED: 'esptool.py' is deprecated. Please use 'esptool' instead. The '.py' suffix will be removed in a future major release.
esptool v5.0.0
Serial port /dev/cu.usbmodem1101:
Connecting...
[1;31m
A serial exception error occurred: Could not configure port: (6, 'Device not configured')[0m
[1;31mNote: This error originates from pySerial. It is likely not a problem with esptool, but with the hardware connection or drivers.[0m
[1;31mFor troubleshooting steps visit: https://docs.espressif.com/projects/esptool/en/latest/troubleshooting.html[0m

===================
Waiting for REPL port (attempt 1/10)…
=== Check Device Info ===
Command: mpremote devs
Output:
/dev/cu.Bluetooth-Incoming-Port None 0000:0000 None None
/dev/cu.debug-console None 0000:0000 None None
/dev/cu.usbmodem1101 D8:3B:DA:4D:29:50 303a:1001 Espressif USB JTAG/serial debug unit

===================
Waiting for REPL port (attempt 2/10)…
=== Check Device Info ===
Command: mpremote devs
Output:
/dev/cu.Bluetooth-Incoming-Port None 0000:0000 None None
/dev/cu.debug-console None 0000:0000 None None
/dev/cu.usbmodem1101 D8:3B:DA:4D:29:50 303a:1001 Espressif USB JTAG/serial debug unit

===================
Waiting for REPL port (attempt 3/10)…
=== Check Device Info ===
Command: mpremote devs
Output:
/dev/cu.Bluetooth-Incoming-Port None 0000:0000 None None
/dev/cu.debug-console None 0000:0000 None None
/dev/cu.usbmodem1101 D8:3B:DA:4D:29:50 303a:1001 Espressif USB JTAG/serial debug unit

===================
Waiting for REPL port (attempt 4/10)…
=== Check Device Info ===
Command: mpremote devs
Output:
/dev/cu.Bluetooth-Incoming-Port None 0000:0000 None None
/dev/cu.debug-console None 0000:0000 None None
/dev/cu.usbmodem1101 D8:3B:DA:4D:29:50 303a:1001 Espressif USB JTAG/serial debug unit

===================
Waiting for REPL port (attempt 5/10)…
=== Check Device Info ===
Command: mpremote devs
Output:
/dev/cu.Bluetooth-Incoming-Port None 0000:0000 None None
/dev/cu.debug-console None 0000:0000 None None
/dev/cu.usbmodem1101 D8:3B:DA:4D:29:50 303a:1001 Espressif USB JTAG/serial debug unit

===================
Waiting for REPL port (attempt 6/10)…
=== Check Device Info ===
Command: mpremote devs
Output:
/dev/cu.Bluetooth-Incoming-Port None 0000:0000 None None
/dev/cu.debug-console None 0000:0000 None None
/dev/cu.usbmodem1101 D8:3B:DA:4D:29:50 303a:1001 Espressif USB JTAG/serial debug unit

===================
Waiting for REPL port (attempt 7/10)…
=== Check Device Info ===
Command: mpremote devs
Output:
/dev/cu.Bluetooth-Incoming-Port None 0000:0000 None None
/dev/cu.debug-console None 0000:0000 None None
/dev/cu.usbmodem1101 D8:3B:DA:4D:29:50 303a:1001 Espressif USB JTAG/serial debug unit

===================
Waiting for REPL port (attempt 8/10)…
=== Check Device Info ===
Command: mpremote devs
Output:
/dev/cu.Bluetooth-Incoming-Port None 0000:0000 None None
/dev/cu.debug-console None 0000:0000 None None
/dev/cu.usbmodem1101 D8:3B:DA:4D:29:50 303a:1001 Espressif USB JTAG/serial debug unit

===================
Waiting for REPL port (attempt 9/10)…
=== Check Device Info ===
Command: mpremote devs
Output:
/dev/cu.Bluetooth-Incoming-Port None 0000:0000 None None
/dev/cu.debug-console None 0000:0000 None None
/dev/cu.usbmodem1101 D8:3B:DA:4D:29:50 303a:1001 Espressif USB JTAG/serial debug unit

===================
Waiting for REPL port (attempt 10/10)…
=== Check Device Info ===
Command: mpremote devs
Output:
/dev/cu.Bluetooth-Incoming-Port None 0000:0000 None None
/dev/cu.debug-console None 0000:0000 None None
/dev/cu.usbmodem1101 D8:3B:DA:4D:29:50 303a:1001 Espressif USB JTAG/serial debug unit

===================
REPL port not detected automatically; script will still attempt mpremote without explicit port.
Firmware flashed successfully.
Checking MicroPython REPL access…
=== Check REPL ===
Command: mpremote exec "print('OK')"
Output:
b''
Traceback (most recent call last):
  File "/Users/danielmcshan/GitHub/MCT/venv_ble/bin/mpremote", line 8, in <module>
    sys.exit(main())
             ~~~~^^
  File "/Users/danielmcshan/GitHub/MCT/venv_ble/lib/python3.13/site-packages/mpremote/main.py", line 569, in main
    handler_func(state, args)
    ~~~~~~~~~~~~^^^^^^^^^^^^^
  File "/Users/danielmcshan/GitHub/MCT/venv_ble/lib/python3.13/site-packages/mpremote/commands.py", line 448, in do_exec
    _do_execbuffer(state, args.expr[0], args.follow)
    ~~~~~~~~~~~~~~^^^^^^^^^^^^^^^^^^^^^^^^^^^^^^^^^^
  File "/Users/danielmcshan/GitHub/MCT/venv_ble/lib/python3.13/site-packages/mpremote/commands.py", line 431, in _do_execbuffer
    state.ensure_raw_repl()
    ~~~~~~~~~~~~~~~~~~~~~^^
  File "/Users/danielmcshan/GitHub/MCT/venv_ble/lib/python3.13/site-packages/mpremote/main.py", line 511, in ensure_raw_repl
    self.transport.enter_raw_repl(soft_reset=soft_reset)
    ~~~~~~~~~~~~~~~~~~~~~~~~~~~~~^^^^^^^^^^^^^^^^^^^^^^^
  File "/Users/danielmcshan/GitHub/MCT/venv_ble/lib/python3.13/site-packages/mpremote/transport_serial.py", line 159, in enter_raw_repl
    raise TransportError("could not enter raw repl")
mpremote.transport.TransportError: could not enter raw repl

===================
============================================================
DEVICE MUST BE IN BOOTLOADER MODE!
============================================================
This script requires the device to be in bootloader mode.
We need to see: 303a:1001 Espressif USB JTAG/serial debug unit

To put the device in bootloader mode:
1. Locate the BOOT and EN (or RST) buttons on your MCT device
2. Hold down the BOOT button and keep it pressed
3. While holding BOOT, press and release the EN (or RST) button
4. Release the BOOT button
5. The device should now show as 303a:1001 in bootloader mode

After putting the device in bootloader mode, run this script again.
You can verify bootloader mode with: mpremote devs
============================================================
