Running load_mct.py
Installing required packages...
=== Install esptool ===
Command: pip install "git+https://github.com/espressif/esptool.git@a32988e2d5f02845ce16e22022f5b64368f12572#egg=esptool"
Output:
Collecting esptool
  Using cached esptool-4.8.1-py3-none-any.whl
Requirement already satisfied: bitstring!=4.2.0,>=3.1.6 in /opt/homebrew/lib/python3.11/site-packages (from esptool) (4.3.1)
Requirement already satisfied: cryptography>=2.1.4 in /opt/homebrew/lib/python3.11/site-packages (from esptool) (45.0.4)
Requirement already satisfied: ecdsa>=0.16.0 in /opt/homebrew/lib/python3.11/site-packages (from esptool) (0.19.1)
Requirement already satisfied: pyserial>=3.3 in /opt/homebrew/lib/python3.11/site-packages (from esptool) (3.5)
Requirement already satisfied: reedsolo<1.8,>=1.5.3 in /opt/homebrew/lib/python3.11/site-packages (from esptool) (1.7.0)
Requirement already satisfied: PyYAML>=5.1 in /opt/homebrew/lib/python3.11/site-packages (from esptool) (6.0.2)
Requirement already satisfied: intelhex in /opt/homebrew/lib/python3.11/site-packages (from esptool) (2.3.0)
Requirement already satisfied: argcomplete>=3 in /opt/homebrew/lib/python3.11/site-packages (from esptool) (3.6.2)
Requirement already satisfied: bitarray<4.0,>=3.0.0 in /opt/homebrew/lib/python3.11/site-packages (from bitstring!=4.2.0,>=3.1.6->esptool) (3.4.2)
Requirement already satisfied: cffi>=1.14 in /opt/homebrew/lib/python3.11/site-packages (from cryptography>=2.1.4->esptool) (1.17.1)
Requirement already satisfied: six>=1.9.0 in /opt/homebrew/lib/python3.11/site-packages (from ecdsa>=0.16.0->esptool) (1.17.0)
Requirement already satisfied: pycparser in /opt/homebrew/lib/python3.11/site-packages (from cffi>=1.14->cryptography>=2.1.4->esptool) (2.22)

[notice] A new release of pip is available: 25.0.1 -> 25.1.1
[notice] To update, run: python3.11 -m pip install --upgrade pip

===================
=== Install mpremote ===
Command: pip install mpremote
Output:
Requirement already satisfied: mpremote in /opt/homebrew/lib/python3.11/site-packages (1.25.0)
Requirement already satisfied: pyserial>=3.3 in /opt/homebrew/lib/python3.11/site-packages (from mpremote) (3.5)

[notice] A new release of pip is available: 25.0.1 -> 25.1.1
[notice] To update, run: python3.11 -m pip install --upgrade pip

===================
=== Check Device Info ===
Command: mpremote devs
Output:
/dev/cu.Bluetooth-Incoming-Port None 0000:0000 None None
/dev/cu.debug-console None 0000:0000 None None
/dev/cu.usbmodem1101 D8:3B:DA:4D:29:50 303a:1001 Espressif USB JTAG/serial debug unit

===================
mpremote devs output:
/dev/cu.Bluetooth-Incoming-Port None 0000:0000 None None
/dev/cu.debug-console None 0000:0000 None None
/dev/cu.usbmodem1101 D8:3B:DA:4D:29:50 303a:1001 Espressif USB JTAG/serial debug unit

Found Espressif device on port: /dev/cu.usbmodem1101
=== Get MAC Address ===
Command: esptool.py --port "/dev/cu.usbmodem1101" chip_id
Output:
esptool.py v4.8.1
Serial port /dev/cu.usbmodem1101
Connecting...
Detecting chip type... ESP32-S3
Chip is ESP32-S3 (QFN56) (revision v0.2)
Features: WiFi, BLE, Embedded PSRAM 8MB (AP_3v3)
Crystal is 40MHz
USB mode: USB-Serial/JTAG
MAC: d8:3b:da:4d:29:50
Uploading stub...
Running stub...
Stub running...
Warning: ESP32-S3 has no Chip ID. Reading MAC instead.
MAC: d8:3b:da:4d:29:50
Hard resetting via RTS pin...

===================
Device MAC address: d8:3b:da:4d:29:50
Flashing firmware...
=== Erase Flash ===
Command: esptool.py --chip esp32s3 --port "/dev/cu.usbmodem1101" --baud 921600 --before default_reset --after watchdog_reset erase_flash
Output:
esptool.py v4.8.1
Serial port /dev/cu.usbmodem1101
Connecting...
Chip is ESP32-S3 (QFN56) (revision v0.2)
Features: WiFi, BLE, Embedded PSRAM 8MB (AP_3v3)
Crystal is 40MHz
USB mode: USB-Serial/JTAG
MAC: d8:3b:da:4d:29:50
Uploading stub...
Running stub...
Stub running...
Changing baud rate to 921600
Changed.
Erasing flash (this may take a while)...
Chip erase completed successfully in 15.8 seconds.
Hard resetting with a watchdog...

===================
=== Write Flash ===
Command: esptool.py --chip esp32s3 --port "/dev/cu.usbmodem1101" --baud 921600 --before default_reset --after watchdog_reset write_flash -z --flash_mode dio --flash_freq 80m 0x0 "/Users/danielmcshan/GitHub/MCT/mod/MCC/firmware/bootloader.bin" 0x8000 "/Users/danielmcshan/GitHub/MCT/mod/MCC/firmware/partition-table.bin" 0x20000 "/Users/danielmcshan/GitHub/MCT/mod/MCC/firmware/micropython.bin"
Output:
esptool.py v4.8.1
Serial port /dev/cu.usbmodem1101

A fatal error occurred: Could not open /dev/cu.usbmodem1101, the port is busy or doesn't exist.
([Errno 2] could not open port /dev/cu.usbmodem1101: [Errno 2] No such file or directory: '/dev/cu.usbmodem1101')

Hint: Check if the port is correct and ESP connected


===================
Waiting for device to boot into MicroPython...
=== Run flashed firmware ===
Command: esptool.py --chip esp32s3 --port "/dev/cu.usbmodem1101" run
Output:
esptool.py v4.8.1
Serial port /dev/cu.usbmodem1101
Connecting....
Chip is ESP32-S3 (QFN56) (revision v0.2)
Features: WiFi, BLE, Embedded PSRAM 8MB (AP_3v3)
Crystal is 40MHz
USB mode: USB-Serial/JTAG
MAC: d8:3b:da:4d:29:50
Uploading stub...
Running stub...
Stub running...
Hard resetting via RTS pin...

===================
Waiting for REPL port (attempt 1/10)…
=== Check Device Info ===
Command: mpremote devs
Output:
/dev/cu.Bluetooth-Incoming-Port None 0000:0000 None None
/dev/cu.debug-console None 0000:0000 None None
/dev/cu.usbmodem1101 D8:3B:DA:4D:29:50 303a:1001 Espressif USB JTAG/serial debug unit

===================
Waiting for REPL port (attempt 2/10)…
=== Check Device Info ===
Command: mpremote devs
Output:
/dev/cu.Bluetooth-Incoming-Port None 0000:0000 None None
/dev/cu.debug-console None 0000:0000 None None
/dev/cu.usbmodem1101 D8:3B:DA:4D:29:50 303a:1001 Espressif USB JTAG/serial debug unit

===================
Waiting for REPL port (attempt 3/10)…
=== Check Device Info ===
Command: mpremote devs
Output:
/dev/cu.Bluetooth-Incoming-Port None 0000:0000 None None
/dev/cu.debug-console None 0000:0000 None None
/dev/cu.usbmodem1101 D8:3B:DA:4D:29:50 303a:1001 Espressif USB JTAG/serial debug unit

===================
Waiting for REPL port (attempt 4/10)…
=== Check Device Info ===
Command: mpremote devs
Output:
/dev/cu.Bluetooth-Incoming-Port None 0000:0000 None None
/dev/cu.debug-console None 0000:0000 None None
/dev/cu.usbmodem1101 D8:3B:DA:4D:29:50 303a:1001 Espressif USB JTAG/serial debug unit

===================
Waiting for REPL port (attempt 5/10)…
=== Check Device Info ===
Command: mpremote devs
Output:
/dev/cu.Bluetooth-Incoming-Port None 0000:0000 None None
/dev/cu.debug-console None 0000:0000 None None
/dev/cu.usbmodem1101 D8:3B:DA:4D:29:50 303a:1001 Espressif USB JTAG/serial debug unit

===================
Waiting for REPL port (attempt 6/10)…
=== Check Device Info ===
Command: mpremote devs
Output:
/dev/cu.Bluetooth-Incoming-Port None 0000:0000 None None
/dev/cu.debug-console None 0000:0000 None None
/dev/cu.usbmodem1101 D8:3B:DA:4D:29:50 303a:1001 Espressif USB JTAG/serial debug unit

===================
Waiting for REPL port (attempt 7/10)…
=== Check Device Info ===
Command: mpremote devs
Output:
/dev/cu.Bluetooth-Incoming-Port None 0000:0000 None None
/dev/cu.debug-console None 0000:0000 None None
/dev/cu.usbmodem1101 D8:3B:DA:4D:29:50 303a:1001 Espressif USB JTAG/serial debug unit

===================
Waiting for REPL port (attempt 8/10)…
=== Check Device Info ===
Command: mpremote devs
Output:
/dev/cu.Bluetooth-Incoming-Port None 0000:0000 None None
/dev/cu.debug-console None 0000:0000 None None
/dev/cu.usbmodem1101 D8:3B:DA:4D:29:50 303a:1001 Espressif USB JTAG/serial debug unit

===================
Waiting for REPL port (attempt 9/10)…
=== Check Device Info ===
Command: mpremote devs
Output:
/dev/cu.Bluetooth-Incoming-Port None 0000:0000 None None
/dev/cu.debug-console None 0000:0000 None None
/dev/cu.usbmodem1101 D8:3B:DA:4D:29:50 303a:1001 Espressif USB JTAG/serial debug unit

===================
Waiting for REPL port (attempt 10/10)…
=== Check Device Info ===
Command: mpremote devs
Output:
/dev/cu.Bluetooth-Incoming-Port None 0000:0000 None None
/dev/cu.debug-console None 0000:0000 None None
/dev/cu.usbmodem1101 D8:3B:DA:4D:29:50 303a:1001 Espressif USB JTAG/serial debug unit

===================
REPL port not detected automatically; script will still attempt mpremote without explicit port.
Firmware flashed successfully.
Checking MicroPython REPL access…
=== Check REPL ===
Command: mpremote exec "print('OK')"
Output:
b'invalid header: 0xffffffff\r\ninvalid header: 0xffffffff\r\ninvalid header: 0xffffffff\r\ninvalid header: 0xffffffff\r\ninvalid header: 0xffffffff\r\ninvalid header: 0xffffffff\r\ninvalid header: 0xffffffff\r\ninvalid header: 0xffffffff\r\ninvalid header: 0xffffffff\r\ninvalid header: 0xffffffff\r\ninvalid header: 0xffffffff\r\ninvalid header: 0xffffffff\r\ninvalid header: 0xffffffff\r\ninvalid header: 0xffffffff\r\ninvalid header: 0xffffffff\r\ninvalid header: 0xffffffff\r\ninvalid header: 0xffffffff\r\ninvalid header: 0xffffffff\r\ninvalid header: 0xffffffff\r\ninvalid header: 0xffffffff\r\ninvalid header: 0xffffffff\r\ninvalid header: 0xffffffff\r\ninvalid header: 0xffffffff\r\ninvalid header: 0xffffffff\r\ninvalid header: 0xffffffff\r\ninvalid header: 0xffffffff\r\ninvalid header: 0xffffffff\r\ninvalid header: 0xffffffff\r\ninvalid header: 0xffffffff\r\ninvalid header: 0xffffffff\r\ninvalid header: 0xffffffff\r\ninvalid header: 0xffffffff\r\ninvalid header: 0xffffffff\r\ninvalid header: 0xffffffff\r\ninvalid header: 0xffffffff\r\ninvalid header: 0xffffffff\r\ninvalid header: 0xffffffff\r\ninvalid header: 0xffffffff\r\ninvalid header: 0xffffffff\r\ninvalid header: 0xffffffff\r\ninvalid header: 0xffffffff\r\ninvalid header: 0xffffffff\r\ninvalid header: 0xffffffff\r\ninvalid header: 0xffffffff\r\ninvalid header: 0xffffffff\r\ninvalid header: 0xffffffff\r\ninvalid header: 0xffffffff\r\ninvalid header: 0xffffffff\r\ninvalid header: 0xffffffff\r\ninvalid header: 0xffffffff\r\ninvalid header: 0xffffffff\r\ninvalid header: 0xffffffff\r\ninvalid header: 0xffffffff\r\ninvalid header: 0xffffffff\r\ninvalid header: 0xffffffff\r\ninvalid header: 0xffffffff\r\ninvalid header: 0xffffffff\r\ninvalid header: 0xffffffff\r\ninvalid header: 0xffffffff\r\ninvalid header: 0xffffffff\r\ninvalid header: 0xffffffff\r\ninvalid header: 0xffffffff\r\ninvalid header: 0xffffffff\r\ninvalid header: 0xffffffff\r\ninvalid header: 0xffffffff\r\ninvalid header: 0xffffffff\r\ninvalid header: 0xffffffff\r\ninvalid header: 0xffffffff\r\ninvalid header: 0xffffffff\r\ninvalid header: 0xffffffff\r\ninvalid header: 0xffffffff\r\ninvalid header: 0xffffffff\r\ninvalid header: 0xffffffff\r\ninvalid header: 0xffffffff\r\ninvalid header: 0xffffffff\r\ninvalid header: 0xffffffff\r\ninvalid header: 0xffffffff\r\ninvalid header: 0xffffffff\r\ninvalid header: 0xffffffff\r\ninvalid header: 0xffffffff\r\ninvalid header: 0xffffffff\r\ninvalid header: 0xffffffff\r\ninvalid header: 0xffffffff\r\ninvalid header: 0xffffffff\r\ninvalid header: 0xffffffff\r\ninvalid header: 0xffffffff\r\ninvalid header: 0xffffffff\r\ninvalid header: 0xffffffff\r\ninvalid header: 0xffffffff\r\ninvalid header: 0xffffffff\r\ninvalid header: 0xffffffff\r\ninvalid header: 0xffffffff\r\ninvalid header: 0xffffffff\r\ninvalid header: 0xffffffff\r\ninvalid header: 0xffffffff\r\ninvalid header: 0xffffffff\r\ninvalid header: 0xffffffff\r\ninvalid header: 0xffffffff\r\ninvalid header: 0xffffffff\r\ninvalid header: 0xffffffff\r\ninvalid header: 0xffffffff\r\ninvalid header: 0xffffffff\r\ninvalid header: 0xffffffff\r\ninvalid header: 0xffffffff\r\ninvalid header: 0xffffffff\r\ninvalid header: 0xffffffff\r\ninvalid header: 0xffffffff\r\ninvalid header: 0xffffffff\r\ninvalid header: 0xffffffff\r\ninvalid header: 0xffffffff\r\ninvalid header: 0xffffffff\r\ninvalid header: 0xffffffff\r\ninvalid header: 0xffffffff\r\ninvalid header: 0xffffffff\r\ninvalid header: 0xffffffff\r\ninvalid header: 0xffffffff\r\ninvalid header: 0xffffffff\r\ninvalid header: 0xffffffff\r\ninvalid header: 0xffffffff\r\ninvalid header: 0xffffffff\r\ninvalid header: 0xffffffff\r\ninvalid header: 0xffffffff\r\ninvalid header: 0xffffffff\r\ninvalid header: 0xffffffff\r\ninvalid header: 0xffffffff\r\ninvalid header: 0xffffffff\r\ninvalid header: 0xffffffff\r\ninvalid header: 0xffffffff\r\ninvalid header: 0xffffffff\r\ninvalid header: 0xffffffff\r\ninvalid header: 0xffffffff\r\ninvalid header: 0xffffffff\r\ninvalid header: 0xffffffff\r\ninvalid header: 0xffffffff\r\ninvalid header: 0xffffffff\r\ninvalid header: 0xffffffff\r\ninvalid header: 0xffffffff\r\ninvalid header: 0xffffffff\r\ninvalid header: 0xffffffff\r\ninvalid header: 0xffffffff\r\ninvalid header: 0xffffffff\r\ninvalid header: 0xffffffff\r\ninvalid header: 0xffffffff\r\ninvalid header: 0xffffffff\r\ninvalid header: 0xffffffff\r\ninvalid header: 0xffffffff\r\ninvalid header: 0xffffffff\r\ninvalid header: 0xffffffff\r\ninvalid header: 0xffffffff\r\ninvalid header: 0xffffffff\r\ninvalid header: 0xffffffff\r\ninvalid header: 0xffffffff\r\ninvalid header: 0xffffffff\r\ninvalid header: 0xffffffff\r\ninvalid header: 0xffffffff\r\ninvalid header: 0xffffffff\r\ninvalid header: 0xffffffff\r\ninvalid header: 0xffffffff\r\ninvalid header: 0xffffffff\r\ninvalid header: 0xffffffff\r\ninvalid header: 0xffffffff\r\ninvalid header: 0xffffffff\r\ninvalid header: 0xffffffff\r\ninvalid header: 0xffffffff\r\ninvalid header: 0xffffffff\r\ninvalid header: 0xffffffff\r\ninvalid header: 0xffffffff\r\ninvalid header: 0xffffffff\r\ninvalid header: 0xffffffff\r\ninvalid header: 0xffffffff\r\ninvalid header: 0xffffffff\r\ninvalid header: 0xffffffff\r\ninvalid header: 0xffffffff\r\ninvalid header: 0xffffffff\r\ninvalid header: 0xffffffff\r\ninvalid header: 0xffffffff\r\ninvalid header: 0xffffffff\r\ninvalid header: 0xffffffff\r\ninvalid header: 0xffffffff\r\ninvalid header: 0xffffffff\r\ninvalid header: 0xffffffff\r\ninvalid header: 0xffffffff\r\ninvalid header: 0xffffffff\r\ninvalid header: 0xffffffff\r\ninvalid header: 0xffffffff\r\ninvalid header: 0xffffffff\r\ninvalid header: 0xffffffff\r\ninvalid header: 0xffffffff\r\ninvalid header: 0xffffffff\r\ninvalid header: 0xffffffff\r\ninvalid header: 0xffffffff\r\ninvalid header: 0xffffffff\r\ninvalid header: 0xffffffff\r\ninvalid header: 0xffffffff\r\ninvalid header: 0xffffffff\r\ninvalid header: 0xffffffff\r\ninvalid header: 0xffffffff\r\ninvalid header: 0xffffffff\r\ninvalid header: 0xffffffff\r\ninvalid header: 0xffffffff\r\ninvalid header: 0xffffffff\r\ninvalid header: 0xffffffff\r\ninvalid header: 0xffffffff\r\ninvalid header: 0xffffffff\r\ninvalid header: 0xffffffff\r\ninvalid header: 0xffffffff\r\ninvalid header: 0xffffffff\r\ninvalid header: 0xffffffff\r\ninvalid header: 0xffffffff\r\ninvalid header: 0xffffffff\r\ninvalid header: 0xffffffff\r\ninvalid header: 0xffffffff\r\ninvalid header: 0xffffffff\r\ninvalid header: 0xffffffff\r\ninvalid header: 0xffffffff\r\ninvalid header: 0xffffffff\r\ninvalid header: 0xffffffff\r\ninvalid header: 0xffffffff\r\ninvalid header: 0xffffffff\r\ninvalid header: 0xffffffff\r\ninvalid header: 0xffffffff\r\ninvalid header: 0xffffffff\r\ninvalid header: 0xffffffff\r\ninvalid header: 0xffffffff\r\ninvalid header: 0xffffffff\r\ninvalid header: 0xffffffff\r\ninvalid header: 0xffffffff\r\ninvalid header: 0xffffffff\r\ninvalid header: 0xffffffff\r\ninvalid header: 0xffffffff\r\ninvalid header: 0xffffffff\r\ninvalid header: 0xffffffff\r\ninvalid header: 0xffffffff\r\ninvalid header: 0xffffffff\r\ninvalid header: 0xffffffff\r\ninvalid header: 0xffffffff\r\ninvalid header: 0xffffffff\r\ninvalid header: 0ESP-ROM:esp32s3-20210327\r\nBuild:Mar 27 2021\r\nrst:0x7 (TG0WDT_SYS_RST),boot:0x8 (SPI_FAST_FLASH_BOOT)\r\nSaved PC:0x40048841\r\ninvalid header: 0xffffffff\r\ninvalid header: 0xffffffff\r\ninvalid header: 0xffffffff\r\ninvalid header: 0xffffffff\r\ninvalid header: 0xffffffff\r\ninvalid header: 0xffffffff\r\ninvalid header: 0xffffffff\r\ninvalid header: 0xffffffff\r\ninvalid header: 0xffffffff\r\ninvalid header: 0xffffffff\r\ninvalid header: 0xffffffff\r\ninvalid header: 0xffffffff\r\ninvalid header: 0xffffffff\r\ninvalid header: 0xffffffff\r\ninvalid header: 0xffffffff\r\ninvalid header: 0xffffffff\r\ninvalid header: 0xffffffff\r\ninvalid header: 0xffffffff\r\ninvalid header: 0xffffffff\r\ninvalid header: 0xffffffff\r\ninvalid header: 0xffffffff\r\ninvalid header: 0xffffffff\r\ninvalid header: 0xffffffff\r\ninvalid header: 0xffffffff\r\ninvalid header: 0xffffffff\r\ninvalid header: 0xffffffff\r\ninvalid header: 0xffffffff\r\ninvalid header: 0xffffffff\r\ninvalid header: 0xffffffff\r\ninvalid header: 0xffffffff\r\ninvalid header: 0xffffffff\r\ninvalid header: 0xffffffff\r\ninvalid header: 0xffffffff\r\ninvalid header: 0xffffffff\r\ninvalid header: 0xffffffff\r\ninvalid header: 0xffffffff\r\ninvalid header: 0xffffffff\r\ninvalid header: 0xffffffff\r\ninvalid header: 0xffffffff\r\ninvalid header: 0xffffffff\r\ninvalid header: 0xffffffff\r\ninvalid header: 0xffffffff\r\ninvalid header: 0xffffffff\r\ninvalid header: 0xffffffff\r\ninvalid header: 0xffffffff\r\ninvalid header: 0xffffffff\r\ninvalid header: 0xffffffff\r\ninvalid header: 0xffffffff\r\ninvalid header: 0xffffffff\r\ninvalid header: 0xffffffff\r\ninvalid header: 0xffffffff\r\ninvalid header: 0xffffffff\r\ninvalid header: 0xffffffff\r\ninvalid header: 0xffffffff\r\ninvalid header: 0xffffffff\r\ninvalid header: 0xffffffff\r\ninvalid header: 0xffffffff\r\ninvalid header: 0xffffffff\r\ninvalid header: 0xffffffff\r\ninvalid header: 0xffffffff\r\ninvalid header: 0xffffffff\r\ninvalid header: 0xffffffff\r\ninvalid header: 0xffffffff\r\ninvalid header: 0xffffffff\r\ninvalid header: 0xffffffff\r\ninvalid header: 0xffffffff\r\ninvalid header: 0xffffffff\r\ninvalid header: 0xffffffff\r\ninvalid header: 0xffffffff\r\ninvalid header: 0xffffffff\r\ninvalid header: 0xffffffff\r\ninvalid header: 0xffffffff\r\ninvalid header: 0xffffffff\r\ninvalid header: 0xffffffff\r\ninvalid header: 0xffffffff\r\ninvalid header: 0xffffffff\r\ninvalid header: 0xffffffff\r\ninvalid header: 0xffffffff\r\ninvalid header: 0xffffffff\r\ninvalid header: 0xffffffff\r\ninvalid header: 0xffffffff\r\ninvalid header: 0xffffffff\r\ninvalid header: 0xffffffff\r\ninvalid header: 0xffffffff\r\ninvalid header: 0xffffffff\r\ninvalid header: 0xffffffff\r\ninvalid header: 0xffffffff\r\ninvalid header: 0xffffffff\r\ninvalid header: 0xffffffff\r\ninvalid header: 0xffffffff\r\ninvalid header: 0xffffffff\r\ninvalid header: 0xffffffff\r\ninvalid header: 0xffffffff\r\ninvalid header: 0xffffffff\r\ninvalid header: 0xffffffff\r\ninvalid header: 0xffffffff\r\ninvalid header: 0xffffffff\r\ninvalid header: 0xffffffff\r\ninvalid header: 0xffffffff\r\ninvalid header: 0xffffffff\r\ninvalid header: 0xffffffff\r\ninvalid header: 0xffffffff\r\ninvalid header: 0xffffffff\r\ninvalid header: 0xffffffff\r\ninvalid header: 0xffffffff\r\ninvalid header: 0xffffffff\r\ninvalid header: 0xffffffff\r\ninvalid header: 0xffffffff\r\ninvalid header: 0xffffffff\r\ninvalid header: 0xffffffff\r\ninvalid header: 0xffffffff\r\ninvalid header: 0xffffffff\r\ninvalid header: 0xffffffff\r\ninvalid header: 0xffffffff\r\ninvalid header: 0xffffffff\r\ninvalid header: 0xffffffff\r\ninvalid header: 0xffffffff\r\ninvalid header: 0xffffffff\r\ninvalid header: 0xffffffff\r\ninvalid header: 0xffffffff\r\ninvalid header: 0xffffffff\r\ninvalid header: 0xffffffff\r\ninvalid header: 0xffffffff\r\ninvalid header: 0xffffffff\r\ninvalid header: 0xffffffff\r\ninvalid header: 0xffffffff\r\ninvalid header: 0xffffffff\r\ninvalid header: 0xffffffff\r\ninvalid header: 0xffffffff\r\ninvalid header: 0xffffffff\r\ninvalid header: 0xffffffff\r\ninvalid header: 0xffffffff\r\ninvalid header: 0xffffffff\r\ninvalid header: 0xffffffff\r\ninvalid header: 0xffffffff\r\ninvalid header: 0xffffffff\r\ninvalid header: 0xffffffff\r\ninvalid header: 0xffffffff\r\ninvalid header: 0xffffffff\r\ninvalid header: 0xffffffff\r\ninvalid header: 0xffffffff\r\ninvalid header: 0xffffffff\r\ninvalid header: 0xffffffff\r\ninvalid header: 0xffffffff\r\ninvalid header: 0xffffffff\r\ninvalid header: 0xffffffff\r\ninvalid header: 0xffffffff\r\ninvalid header: 0xffffffff\r\ninvalid header: 0xffffffff\r\ninvalid header: 0xffffffff\r\ninvalid header: 0xffffffff\r\ninvalid header: 0xffffffff\r\ninvalid header: 0xffffffff\r\ninvalid header: 0xffffffff\r\ninvalid header: 0xffffffff\r\ninvalid header: 0xffffffff\r\ninvalid header: 0xffffffff\r\ninvalid header: 0xffffffff\r\ninvalid header: 0xffffffff\r\ninvalid header: 0xffffffff\r\ninvalid header: 0xffffffff\r\ninvalid header: 0xffffffff\r\ninvalid header: 0xffffffff\r\ninvalid header: 0xffffffff\r\ninvalid header: 0xffffffff\r\ninvalid header: 0xffffffff\r\ninvalid header: 0xffffffff\r\ninvalid header: 0xffffffff\r\ninvalid header: 0xffffffff\r\ninvalid header: 0xffffffff\r\ninvalid header: 0xffffffff\r\ninvalid header: 0xffffffff\r\ninvalid header: 0xffffffff\r\ninvalid header: 0xffffffff\r\ninvalid header: 0xffffffff\r\ninvalid header: 0xffffffff\r\ninvalid header: 0xffffffff\r\ninvalid header: 0xffffffff\r\ninvalid header: 0xffffffff\r\ninvalid header: 0xffffffff\r\ninvalid header: 0xffffffff\r\ninvalid header: 0xffffffff\r\ninvalid header: 0xffffffff\r\ninvalid header: 0xffffffff\r\ninvalid header: 0xffffffff\r\ninvalid header: 0xffffffff\r\ninvalid header: 0xffffffff\r\ninvalid header: 0xffffffff\r\ninvalid header: 0xffffffff\r\ninvalid header: 0xffffffff\r\ninvalid header: 0xffffffff\r\ninvalid header: 0xffffffff\r\ninvalid header: 0xffffffff\r\ninvalid header: 0xffffffff\r\ninvalid header: 0xffffffff\r\ninvalid header: 0xffffffff\r\ninvalid header: 0xffffffff\r\ninvalid header: 0xffffffff\r\ninvalid header: 0xffffffff\r\ninvalid header: 0xffffffff\r\ninvalid header: 0xffffffff\r\ninvalid header: 0xffffffff\r\ninvalid header: 0xffffffff\r\ninvalid header: 0xffffffff\r\ninvalid header: 0xffffffff\r\ninvalid header: 0xffffffff\r\ninvalid header: 0xffffffff\r\ninvalid header: 0xffffffff\r\ninvalid header: 0xffffffff\r\ninvalid header: 0xffffffff\r\ninvalid header: 0xffffffff\r\ninvalid header: 0xffffffff\r\ninvalid header: 0xffffffff\r\ninvalid header: 0xffffffff\r\ninvalid header: 0xffffffff\r\ninvalid header: 0xffffffff\r\ninvalid header: 0xffffffff\r\ninvalid header: 0xffffffff\r\ninvalid header: 0xffffffff\r\ninvalid header: 0xffffffff\r\ninvalid header: 0xffffffff\r\ninvalid header: 0xffffffff\r\ninvalid header: 0xffffffff\r\ninvalid header: 0xffffffff\r\ninvalid header: 0xffffffff\r\ninvalid header: 0xffffffff\r\ninvalid header: 0xffffffff\r\ninvalid header: 0xffffffff\r\ninvalid header: 0xffffffff\r\ninvalid header: 0xffffffff\r\ninvalid header: 0xffffffff\r\ninvalid header: 0xffffffff\r\ninvalid header: 0xffffffff\r\ninvalid header: 0xffffffff\r\ninvalid header: 0xffffffff\r\ninvalid header: 0xffffffff\r\ninvalid header: 0xffffffff\r\ninvalid header: 0xffffffff\r\ninvalid header: 0xffffffff\r\ninvalid header: 0xffffffff\r\ninvalid header: 0xffffffff\r\ninvalid header: 0xffffffff\r\ninvalid header: 0xffffffff\r\ninvalid header: 0xffffffff\r\ninvalid header: 0xffffffff\r\ninvalid header: 0xffffffff\r\ninvalid header: 0xffffffff\r\ninvalid header: 0xffffffff\r\ninvalid header: 0xffffffff\r\ninvalid header: 0xffffffff\r\ninvalid header: 0xffffffff\r\ninvalid header: 0xffffffff\r\ninvalid header: 0xffffffff\r\ninvalid header: 0xffffffff\r\ninvalid header: 0xffffffff\r\ninvalid header: 0xffffffff\r\ninvalid header: 0xffffffff\r\ninvalid header: 0xffffffff\r\ninvalid header: 0xffffffff\r\ninvalid header: 0xffffffff\r\ninvalid header: 0xffffffff\r\ninvalid header: 0xffffffff\r\ninvalid header: 0xffffffff\r\ninvalid header: 0xffffffff\r\ninvalid header: 0xffffffff\r\ninvalid header: 0xffffffff\r\ninvalid header: 0xffffffff\r\ninvalid header: 0xffffffff\r\ninvalid header: 0xffffffff\r\ninvalid header: 0xffffffff\r\ninvalid header: 0xffffffff\r\ninvalid header: 0xffffffff\r\ninvalid header: 0xffffffff\r\ninvalid header: 0xffffffff\r\ninvalid header: 0xffffffff\r\ninvalid header: 0xffffffff\r\ninvalid header: 0xffffffff\r\ninvalid header: 0xffffffff\r\ninvalid header: 0xffffffff\r\ninvalid header: 0xffffffff\r\ninvalid header: 0xffffffff\r\ninvalid header: 0xffffffff\r\ninvalid header: 0xffffffff\r\ninvalid header: 0xffffffff\r\ninvalid header: 0xffffffff\r\ninvalid header: 0xffffffff\r\ninvalid header: 0xffffffff\r\ninvalid header: 0xffffffff\r\ninvalid header: 0xffffffff\r\ninvalid header: 0xffffffff\r\ninvalid header: 0xffffffff\r\ninvalid header: 0xffffffff\r\ninvalid header: 0xffffffff\r\ninvalid header: 0xffffffff\r\ninvalid header: 0xffffffff\r\ninvalid header: 0xffffffff\r\ninvalid header: 0xffffffff\r\ninvalid header: 0xffffffff\r\ninvalid header: 0xffffffff\r\ninvalid header: 0xffffffff\r\ninvalid header: 0xffffffff\r\ninvalid header: 0xffffffff\r\ninvalid header: 0xffffffff\r\ninvalid header: 0xffffffff\r\ninvalid header: 0xffffffff\r\ninvalid header: 0xffffffff\r\ninvalid header: 0xffffffff\r\ninvalid header: 0xffffffff\r\ninvalid header: 0xffffffff\r\ninvalid header: 0xffffffff\r\ninvalid header: 0xffffffff\r\ninvalid header: 0xffffffff\r\ninvalid header: 0xffffffff\r\ninvalid header: 0xffffffff\r\ninvalid header: 0xffffffff\r\ninvalid header: 0xffffffff\r\ninvalid header: 0xffffffff\r\ninvalid header: 0xffffffff\r\ninvalid header: 0xffffffff\r\ninvalid header: 0xffffffff\r\ninvalid header: 0xffffffff\r\ninvalid header: 0xffffffff\r\ninvalid header: 0xffffffff\r\ninvalid header: 0xffffffff\r\ninvalid header: 0xffffffff\r\ninvalid header: 0xffffffff\r\ninvalid header: 0xffffffff\r\ninvalid header: 0xffffffff\r\ninvalid header: 0xffffffff\r\ninvalid header: 0xffffffff\r\ninvalid header: 0xffffffff\r\ninvalid header: 0xffffffff\r\ninvalid header: 0xffffffff\r\ninvalid header: 0xffffffff\r\ninvalid header: 0xffffffff\r\ninvalid header: 0xffffffff\r\ninvalid header: 0xffffffff\r\ninvalid header: 0xffffffff\r\ninvalid header: 0xffffffff\r\ninvalid header: 0xffffffff\r\ninvalid header: 0xffffffff\r\ninvalid header: 0xffffffff\r\ninvalid header: 0xffffffff\r\ninvalid header: 0xffffffff\r\ninvalid header: 0xffffffff\r\ninvalid header: 0xffffffff\r\ninvalid header: 0xffffffff\r\ninvalid header: 0xffffffff\r\ninvalid header: 0xffffffff\r\ninvalid header: 0xffffffff\r\ninvalid header: 0xffffffff\r\ninvalid header: 0xffffffff\r\ninvalid header: 0xffffffff\r\ninvalid header: 0xffffffff\r\ninvalid header: 0xffffffff\r\ninvalid header: 0xffffffff\r\ninvalid header: 0xffffffff\r\ninvalid header: 0xffffffff\r\ninvalid header: 0xffffffff\r\ninvalid header: 0xffffffff\r\ninvalid header: 0xffffffff\r\ninvalid header: 0xffffffff\r\ninvalid header: 0xffffffff\r\ninvalid header: 0xffffffff\r\ninvalid header: 0xffffffff\r\ninvalid header: 0xffffffff\r\ninvalid header: 0xffffffff\r\ninvalid header: 0xffffffff\r\ninvalid header: 0xffffffff\r\ninvalid header: 0xffffffff\r\ninvalid header: 0xffffffff\r\ninvalid header: 0xffffffff\r\ninvalid header: 0xffffffff\r\ninvalid header: 0xffffffff\r\ninvalid header: 0xffffffff\r\ninvalid header: 0xffffffff\r\ninvalid header: 0xffffffff\r\ninvalid header: 0xffffffff\r\ninvalid header: 0xffffffff\r\ninvalid header: 0xffffffff\r\ninvalid header: 0xffffffff\r\ninvalid header: 0xffffffff\r\ninvalid header: 0xffffffff\r\ninvalid header: 0xffffffff\r\ninvalid header: 0xffffffff\r\ninvalid header: 0xffffffff\r\ninvalid header: 0xffffffff\r\ninvalid header: 0xffffffff\r\ninvalid header: 0xffffffff\r\ninvalid header: 0xffffffff\r\ninvalid header: 0xffffffff\r\ninvalid header: 0xffffffff\r\ninvalid header: 0xffffffff\r\ninvalid header: 0xffffffff\r\ninvalid header: 0xffffffff\r\ninvalid header: 0xffffffff\r\ninvalid header: 0xffffffff\r\ninvalid header: 0xffffffff\r\ninvalid header: 0xffffffff\r\ninvalid header: 0xffffffff\r\ninvalid header: 0xffffffff\r\ninvalid header: 0xffffffff\r\ninvalid header: 0xffffffff\r\ninvalid header: 0xffffffff\r\ninvalid header: 0xffffffff\r\ninvalid header: 0xffffffff\r\ninvalid header: 0xffffffff\r\ninvalid header: 0xffffffff\r\ninvalid header: 0xffffffff\r\ninvalid header: 0xffffffff\r\ninvalid header: 0xffffffff\r\ninvalid header: 0xffffffff\r\ninvalid header: 0xffffffff\r\ninvalid header: 0xffffffff\r\ninvalid header: 0xffffffff\r\ninvalid header: 0xffffffff\r\ninvalid header: 0xffffffff\r\ninvalid header: 0xffffffff\r\ninvalid header: 0xffffffff\r\ninvalid header: 0xffffffff\r\ninvalid header: 0xffffffff\r\ninvalid header: 0xffffffff\r\ninvalid header: 0xffffffff\r\ninvalid header: 0xffffffff\r\ninvalid header: 0xffffffff\r\ninvalid header: 0xffffffff\r\ninvalid header: 0xffffffff\r\ninvalid header: 0xffffffff\r\ninvalid header: 0xffffffff\r\ninvalid header: 0xffffffff\r\ninvalid header: 0xffffffff\r\ninvalid header: 0xffffffff\r\ninvalid header: 0xffffffff\r\ninvalid header: 0xffffffff\r\ninvalid header: 0xffffffff\r\ninvalid header: 0xffffffff\r\ninvalid header: 0xffffffff\r\ninvalid header: 0xffffffff\r\ninvalid header: 0xffffffff\r\ninvalid header: 0xffffffff\r\ninvalid header: 0xffffffff\r\ninvalid header: 0xffffffff\r\ninvalid header: 0xffffffff\r\ninvalid header: 0xffffffff\r\ninvalid header: 0xffffffff\r\ninvalid header: 0xffffffff\r\ninvalid header: 0xffffffff\r\ninvalid header: 0xffffffff\r\ninvalid header: 0xffffffff\r\ninvalid header: 0xffffffff\r\ninvalid header: 0xffffffff\r\ninvalid header: 0xffffffff\r\ninvalid header: 0xffffffff\r\ninvalid header: 0xffffffff\r\ninvalid header: 0xffffffff\r\ninvalid header: 0xffffffff\r\ninvalid header: 0xffffffff\r\ninvalid header: 0xffffffff\r\ninvalid header: 0xffffffff\r\ninvalid header: 0xffffffff\r\ninvalid header: 0xffffffff\r\ninvalid header: 0xffffffff\r\ninvalid header: 0xffffffff\r\ninvalid header: 0xffffffff\r\ninvalid header: 0xffffffff\r\ninvalid header: 0xffffffff\r\ninvalid header: 0xffffffff\r\ninvalid header: 0xffffffff\r\ninvalid header: 0xffffffff\r\ninvalid header: 0xffffffff\r\ninvalid header: 0xffffffff\r\ninvalid header: 0xffffffff\r\ninvalid header: 0xffffffff\r\ninvalid header: 0xffffffff\r\ninvalid header: 0xffffffff\r\ninvalid header: 0xffffffff\r\ninvalid header: 0xffffffff\r\ninvalid header: 0xffffffff\r\ninvalid header: 0xffffffff\r\ninvalid header: 0xffffffff\r\ninvalid header: 0xffffffff\r\ninvalid header: 0xffffffff\r\ninvalid header: 0xffffffff\r\ninvalid header: 0xffffffff\r\ninvalid header: 0xffffffff\r\ninvalid header: 0xffffffff\r\ninvalid header: 0xffffffff\r\ninvalid header: 0xffffffff\r\ninvalid header: 0xffffffff\r\ninvalid header: 0xffffffff\r\ninvalid header: 0xffffffff\r\ninvalid header: 0xffffffff\r\ninvalid header: 0xffffffff\r\ninvalid header: 0xffffffff\r\ninvalid header: 0xffffffff\r\ninvalid header: 0xffffffff\r\ninvalid header: 0xffffffff\r\ninvalid header: 0xffffffff\r\ninvalid header: 0xffffffff\r\ninvalid header: 0xffffffff\r\ninvalid header: 0xffffffff\r\ninvalid header: 0xffffffff\r\ninvalid header: 0xffffffff\r\ninvalid header: 0xffffffff\r\ninvalid header: 0xffffffff\r\ninvalid header: 0xffffffff\r\ninvalid header: 0xffffffff\r\ninvalid header: 0xffffffff\r\ninvalid header: 0xffffffff\r\ninvalid header: 0xffffffff\r\ninvalid header: 0xffffffff\r\ninvalid header: 0xffffffff\r\ninvalid header: 0xffffffff\r\ninvalid header: 0xffffffff\r\ninvalid header: 0xffffffff\r\ninvalid header: 0xffffffff\r\ninvalid header: 0xffffffff\r\ninvalid header: 0xffffffff\r\ninvalid header: 0xffffffff\r\ninvalid header: 0xffffffff\r\ninvalid header: 0xffffffff\r\ninvalid header: 0xffffffff\r\ninvalid header: 0xffffffff\r\ninvalid header: 0xffffffff\r\ninvalid header: 0xffffffff\r\ninvalid header: 0xffffffff\r\ninvalid header: 0xffffffff\r\ninvalid header: 0xffffffff\r\ninvalid header: 0xffffffff\r\ninvalid header: 0xffffffff\r\ninvalid header: 0xffffffff\r\ninvalid header: 0xffffffff\r\ninvalid header: 0xffffffff\r\ninvalid header: 0xffffffff\r\ninvalid header: 0xffESP-ROM:esp32s3-20210327\r\nBuild:Mar 27 2021\r\nrst:0x7 (TG0WDT_SYS_RST),boot:0x8 (SPI_FAST_FLASH_BOOT)\r\nSaved PC:0x40048839\r\ninvalid header: 0xffffffff\r\ninvalid header: 0xffffffff\r\ninvalid header: 0xffffffff\r\ninvalid header: 0xffffffff\r\ninvalid header: 0xffffffff\r\ninvalid header: 0xffffffff\r\ninvalid header: 0xffffffff\r\ninvalid header: 0xffffffff\r\ninvalid header: 0xffffffff\r\ninvalid header: 0xffffffff\r\ninvalid header: 0xffffffff\r\ninvalid header: 0xffffffff\r\ninvalid header: 0xffffffff\r\ninvalid header: 0xffffffff\r\ninvalid header: 0xffffffff\r\ninvalid header: 0xffffffff\r\ninvalid header: 0xffffffff\r\ninvalid header: 0xffffffff\r\ninvalid header: 0xffffffff\r\ninvalid header: 0xffffffff\r\ninvalid header: 0xffffffff\r\ninvalid header: 0xffffffff\r\ninvalid header: 0xffffffff\r\ninvalid header: 0xffffffff\r\ninvalid header: 0xffffffff\r\ninvalid header: 0xffffffff\r\ninvalid header: 0xffffffff\r\ninvalid header: 0xffffffff\r\ninvalid header: 0xffffffff\r\ninvalid header: 0xffffffff\r\ninvalid header: 0xffffffff\r\ninvalid header: 0xffffffff\r\ninvalid header: 0xffffffff\r\ninvalid header: 0xffffffff\r\ninvalid header: 0xffffffff\r\ninvalid header: 0xffffffff\r\ninvalid header: 0xffffffff\r\ninvalid header: 0xffffffff\r\ninvalid header: 0xffffffff\r\ninvalid header: 0xffffffff\r\ninvalid header: 0xffffffff\r\ninvalid header: 0xffffffff\r\ninvalid header: 0xffffffff\r\ninvalid header: 0xffffffff\r\ninvalid header: 0xffffffff\r\ninvalid header: 0xffffffff\r\ninvalid header: 0xffffffff\r\ninvalid header: 0xffffffff\r\ninvalid header: 0xffffffff\r\ninvalid header: 0xffffffff\r\ninvalid header: 0xffffffff\r\ninvalid header: 0xffffffff\r\ninvalid header: 0xffffffff\r\ninvalid header: 0xffffffff\r\ninvalid header: 0xffffffff\r\ninvalid header: 0xffffffff\r\ninvalid header: 0xffffffff\r\ninvalid header: 0xffffffff\r\ninvalid header: 0xffffffff\r\ninvalid header: 0xffffffff\r\ninvalid header: 0xffffffff\r\ninvalid header: 0xffffffff\r\ninvalid header: 0xffffffff\r\ninvalid header: 0xffffffff\r\ninvalid header: 0xffffffff\r\ninvalid header: 0xffffffff\r\ninvalid header: 0xffffffff\r\ninvalid header: 0xffffffff\r\ninvalid header: 0xffffffff\r\ninvalid header: 0xffffffff\r\ninvalid header: 0xffffffff\r\ninvalid header: 0xffffffff\r\ninvalid header: 0xffffffff\r\ninvalid header: 0xffffffff\r\ninvalid header: 0xffffffff\r\ninvalid header: 0xffffffff\r\ninvalid header: 0xffffffff\r\ninvalid header: 0xffffffff\r\ninvalid header: 0xffffffff\r\ninvalid header: 0xffffffff\r\ninvalid header: 0xffffffff\r\ninvalid header: 0xffffffff\r\ninvalid header: 0xffffffff\r\ninvalid header: 0xffffffff\r\ninvalid header: 0xffffffff\r\ninvalid header: 0xffffffff\r\ninvalid header: 0xffffffff\r\ninvalid header: 0xffffffff\r\ninvalid header: 0xffffffff\r\ninvalid header: 0xffffffff\r\ninvalid header: 0xffffffff\r\ninvalid header: 0xffffffff\r\ninvalid header: 0xffffffff\r\ninvalid header: 0xffffffff\r\ninvalid header: 0xffffffff\r\ninvalid header: 0xffffffff\r\ninvalid header: 0xffffffff\r\ninvalid header: 0xffffffff\r\ninvalid header: 0xffffffff\r\ninvalid header: 0xffffffff\r\ninvalid header: 0xffffffff\r\ninvalid header: 0xffffffff\r\ninvalid header: 0xffffffff\r\ninvalid header: 0xffffffff\r\ninvalid header: 0xffffffff\r\ninvalid header: 0xffffffff\r\ninvalid header: 0xffffffff\r\ninvalid header: 0xffffffff\r\ninvalid header: 0xffffffff\r\ninvalid header: 0xffffffff\r\ninvalid header: 0xffffffff\r\ninvalid header: 0xffffffff\r\ninvalid header: 0xffffffff\r\ninvalid header: 0xffffffff\r\ninvalid header: 0xffffffff\r\ninvalid header: 0xffffffff\r\ninvalid header: 0xffffffff\r\ninvalid header: 0xffffffff\r\ninvalid header: 0xffffffff\r\ninvalid header: 0xffffffff\r\ninvalid header: 0xffffffff\r\ninvalid header: 0xffffffff\r\ninvalid header: 0xffffffff\r\ninvalid header: 0xffffffff\r\ninvalid header: 0xffffffff\r\ninvalid header: 0xffffffff\r\ninvalid header: 0xffffffff\r\ninvalid header: 0xffffffff\r\ninvalid header: 0xffffffff\r\ninvalid header: 0xffffffff\r\ninvalid header: 0xffffffff\r\ninvalid header: 0xffffffff\r\ninvalid header: 0xffffffff\r\ninvalid header: 0xffffffff\r\ninvalid header: 0xffffffff\r\ninvalid header: 0xffffffff\r\ninvalid header: 0xffffffff\r\ninvalid header: 0xffffffff\r\ninvalid header: 0xffffffff\r\ninvalid header: 0xffffffff\r\ninvalid header: 0xffffffff\r\ninvalid header: 0xffffffff\r\ninvalid header: 0xffffffff\r\ninvalid header: 0xffffffff\r\ninvalid header: 0xffffffff\r\ninvalid header: 0xffffffff\r\ninvalid header: 0xffffffff\r\ninvalid header: 0xffffffff\r\ninvalid header: 0xffffffff\r\ninvalid header: 0xffffffff\r\ninvalid header: 0xffffffff\r\ninvalid header: 0xffffffff\r\ninvalid header: 0xffffffff\r\ninvalid header: 0xffffffff\r\ninvalid header: 0xffffffff\r\ninvalid header: 0xffffffff\r\ninvalid header: 0xffffffff\r\ninvalid header: 0xffffffff\r\ninvalid header: 0xffffffff\r\ninvalid header: 0xffffffff\r\ninvalid header: 0xffffffff\r\ninvalid header: 0xffffffff\r\ninvalid header: 0xffffffff\r\ninvalid header: 0xffffffff\r\ninvalid header: 0xffffffff\r\ninvalid header: 0xffffffff\r\ninvalid header: 0xffffffff\r\ninvalid header: 0xffffffff\r\ninvalid header: 0xffffffff\r\ninvalid header: 0xffffffff\r\ninvalid header: 0xffffffff\r\ninvalid header: 0xffffffff\r\ninvalid header: 0xffffffff\r\ninvalid header: 0xffffffff\r\ninvalid header: 0xffffffff\r\ninvalid header: 0xffffffff\r\ninvalid header: 0xffffffff\r\ninvalid header: 0xffffffff\r\ninvalid header: 0xffffffff\r\ninvalid header: 0xffffffff\r\ninvalid header: 0xffffffff\r\ninvalid header: 0xffffffff\r\ninvalid header: 0xffffffff\r\ninvalid header: 0xffffffff\r\ninvalid header: 0xffffffff\r\ninvalid header: 0xffffffff\r\ninvalid header: 0xffffffff\r\ninvalid header: 0xffffffff\r\ninvalid header: 0xffffffff\r\ninvalid header: 0xffffffff\r\ninvalid header: 0xffffffff\r\ninvalid header: 0xffffffff\r\ninvalid header: 0xffffffff\r\ninvalid header: 0xffffffff\r\ninvalid header: 0xffffffff\r\ninvalid header: 0xffffffff\r\ninvalid header: 0xffffffff\r\ninvalid header: 0xffffffff\r\ninvalid header: 0xffffffff\r\ninvalid header: 0xffffffff\r\ninvalid header: 0xffffffff\r\ninvalid header: 0xffffffff\r\ninvalid header: 0xffffffff\r\ninvalid header: 0xffffffff\r\ninvalid header: 0xffffffff\r\ninvalid header: 0xffffffff\r\ninvalid header: 0xffffffff\r\ninvalid header: 0xffffffff\r\ninvalid header: 0xffffffff\r\ninvalid header: 0xffffffff\r\ninvalid header: 0xffffffff\r\ninvalid header: 0xffffffff\r\ninvalid header: 0xffffffff\r\ninvalid header: 0xffffffff\r\ninvalid header: 0xffffffff\r\ninvalid header: 0xffffffff\r\ninvalid header: 0xffffffff\r\ninvalid header: 0xffffffff\r\ninvalid header: 0xffffffff\r\ninvalid header: 0xffffffff\r\ninvalid header: 0xffffffff\r\ninvalid header: 0xffffffff\r\ninvalid header: 0xffffffff\r\ninvalid header: 0xffffffff\r\ninvalid header: 0xffffffff\r\ninvalid header: 0xffffffff\r\ninvalid header: 0xffffffff\r\ninvalid header: 0xffffffff\r\ninvalid header: 0xffffffff\r\ninvalid header: 0xffffffff\r\ninvalid header: 0xffffffff\r\ninvalid header: 0xffffffff\r\ninvalid header: 0xffffffff\r\ninvalid header: 0xffffffff\r\ninvalid header: 0xffffffff\r\ninvalid header: 0xffffffff\r\ninvalid header: 0xffffffff\r\ninvalid header: 0xffffffff\r\ninvalid header: 0xffffffff\r\ninvalid header: 0xffffffff\r\ninvalid header: 0xffffffff\r\ninvalid header: 0xffffffff\r\ninvalid header: 0xffffffff\r\ninvalid header: 0xffffffff\r\ninvalid header: 0xffffffff\r\ninvalid header: 0xffffffff\r\ninvalid header: 0xffffffff\r\ninvalid header: 0xffffffff\r\ninvalid header: 0xffffffff\r\ninvalid header: 0xffffffff\r\ninvalid header: 0xffffffff\r\ninvalid header: 0xffffffff\r\ninvalid header: 0xffffffff\r\ninvalid header: 0xffffffff\r\ninvalid header: 0xffffffff\r\ninvalid header: 0xffffffff\r\ninvalid header: 0xffffffff\r\ninvalid header: 0xffffffff\r\ninvalid header: 0xffffffff\r\ninvalid header: 0xffffffff\r\ninvalid header: 0xffffffff\r\ninvalid header: 0xffffffff\r\ninvalid header: 0xffffffff\r\ninvalid header: 0xffffffff\r\ninvalid header: 0xffffffff\r\ninvalid header: 0xffffffff\r\ninvalid header: 0xffffffff\r\ninvalid header: 0xffffffff\r\ninvalid header: 0xffffffff\r\ninvalid header: 0xffffffff\r\ninvalid header: 0xffffffff\r\ninvalid header: 0xffffffff\r\ninvalid header: 0xffffffff\r\ninvalid header: 0xffffffff\r\ninvalid header: 0xffffffff\r\ninvalid header: 0xffffffff\r\ninvalid header: 0xffffffff\r\ninvalid header: 0xffffffff\r\ninvalid header: 0xffffffff\r\ninvalid header: 0xffffffff\r\ninvalid header: 0xffffffff\r\ninvalid header: 0xffffffff\r\ninvalid header: 0xffffffff\r\ninvalid header: 0xffffffff\r\ninvalid header: 0xffffffff\r\ninvalid header: 0xffffffff\r\ninvalid header: 0xffffffff\r\ninvalid header: 0xffffffff\r\ninvalid header: 0xffffffff\r\ninvalid header: 0xffffffff\r\ninvalid header: 0xffffffff\r\ninvalid header: 0xffffffff\r\ninvalid header: 0xffffffff\r\ninvalid header: 0xffffffff\r\ninvalid header: 0xffffffff\r\ninvalid header: 0xffffffff\r\ninvalid header: 0xffffffff\r\ninvalid header: 0xffffffff\r\ninvalid header: 0xffffffff\r\ninvalid header: 0xffffffff\r\ninvalid header: 0xffffffff\r\ninvalid header: 0xffffffff\r\ninvalid header: 0xffffffff\r\ninvalid header: 0xffffffff\r\ninvalid header: 0xffffffff\r\ninvalid header: 0xffffffff\r\ninvalid header: 0xffffffff\r\ninvalid header: 0xffffffff\r\ninvalid header: 0xffffffff\r\ninvalid header: 0xffffffff\r\ninvalid header: 0xffffffff\r\ninvalid header: 0xffffffff\r\ninvalid header: 0xffffffff\r\ninvalid header: 0xffffffff\r\ninvalid header: 0xffffffff\r\ninvalid header: 0xffffffff\r\ninvalid header: 0xffffffff\r\ninvalid header: 0xffffffff\r\ninvalid header: 0xffffffff\r\ninvalid header: 0xffffffff\r\ninvalid header: 0xffffffff\r\ninvalid header: 0xffffffff\r\ninvalid header: 0xffffffff\r\ninvalid header: 0xffffffff\r\ninvalid header: 0xffffffff\r\ninvalid header: 0xffffffff\r\ninvalid header: 0xffffffff\r\ninvalid header: 0xffffffff\r\ninvalid header: 0xffffffff\r\ninvalid header: 0xffffffff\r\ninvalid header: 0xffffffff\r\ninvalid header: 0xffffffff\r\ninvalid header: 0xffffffff\r\ninvalid header: 0xffffffff\r\ninvalid header: 0xffffffff\r\ninvalid header: 0xffffffff\r\ninvalid header: 0xffffffff\r\ninvalid header: 0xffffffff\r\ninvalid header: 0xffffffff\r\ninvalid header: 0xffffffff\r\ninvalid header: 0xffffffff\r\ninvalid header: 0xffffffff\r\ninvalid header: 0xffffffff\r\ninvalid header: 0xffffffff\r\ninvalid header: 0xffffffff\r\ninvalid header: 0xffffffff\r\ninvalid header: 0xffffffff\r\ninvalid header: 0xffffffff\r\ninvalid header: 0xffffffff\r\ninvalid header: 0xffffffff\r\ninvalid header: 0xffffffff\r\ninvalid header: 0xffffffff\r\ninvalid header: 0xffffffff\r\ninvalid header: 0xffffffff\r\ninvalid header: 0xffffffff\r\ninvalid header: 0xffffffff\r\ninvalid header: 0xffffffff\r\ninvalid header: 0xffffffff\r\ninvalid header: 0xffffffff\r\ninvalid header: 0xffffffff\r\ninvalid header: 0xffffffff\r\ninvalid header: 0xffffffff\r\ninvalid header: 0xffffffff\r\ninvalid header: 0xffffffff\r\ninvalid header: 0xffffffff\r\ninvalid header: 0xffffffff\r\ninvalid header: 0xffffffff\r\ninvalid header: 0xffffffff\r\ninvalid header: 0xffffffff\r\ninvalid header: 0xffffffff\r\ninvalid header: 0xffffffff\r\ninvalid header: 0xffffffff\r\ninvalid header: 0xffffffff\r\ninvalid header: 0xffffffff\r\ninvalid header: 0xffffffff\r\ninvalid header: 0xffffffff\r\ninvalid header: 0xffffffff\r\ninvalid header: 0xffffffff\r\ninvalid header: 0xffffffff\r\ninvalid header: 0xffffffff\r\ninvalid header: 0xffffffff\r\ninvalid header: 0xffffffff\r\ninvalid header: 0xffffffff\r\ninvalid header: 0xffffffff\r\ninvalid header: 0xffffffff\r\ninvalid header: 0xffffffff\r\ninvalid header: 0xffffffff\r\ninvalid header: 0xffffffff\r\ninvalid header: 0xffffffff\r\ninvalid header: 0xffffffff\r\ninvalid header: 0xffffffff\r\ninvalid header: 0xffffffff\r\ninvalid header: 0xffffffff\r\ninvalid header: 0xffffffff\r\ninvalid header: 0xffffffff\r\ninvalid header: 0xffffffff\r\ninvalid header: 0xffffffff\r\ninvalid header: 0xffffffff\r\ninvalid header: 0xffffffff\r\ninvalid header: 0xffffffff\r\ninvalid header: 0xffffffff\r\ninvalid header: 0xffffffff\r\ninvalid header: 0xffffffff\r\ninvalid header: 0xffffffff\r\ninvalid header: 0xffffffff\r\ninvalid header: 0xffffffff\r\ninvalid header: 0xffffffff\r\ninvalid header: 0xffffffff\r\ninvalid header: 0xffffffff\r\ninvalid header: 0xffffffff\r\ninvalid header: 0xffffffff\r\ninvalid header: 0xffffffff\r\ninvalid header: 0xffffffff\r\ninvalid header: 0xffffffff\r\ninvalid header: 0xffffffff\r\ninvalid header: 0xffffffff\r\ninvalid header: 0xffffffff\r\ninvalid header: 0xffffffff\r\ninvalid header: 0xffffffff\r\ninvalid header: 0xffffffff\r\ninvalid header: 0xffffffff\r\ninvalid header: 0xffffffff\r\ninvalid header: 0xffffffff\r\ninvalid header: 0xffffffff\r\ninvalid header: 0xffffffff\r\ninvalid header: 0xffffffff\r\ninvalid header: 0xffffffff\r\ninvalid header: 0xffffffff\r\ninvalid header: 0xffffffff\r\ninvalid header: 0xffffffff\r\ninvalid header: 0xffffffff\r\ninvalid header: 0xffffffff\r\ninvalid header: 0xffffffff\r\ninvalid header: 0xffffffff\r\ninvalid header: 0xffffffff\r\ninvalid header: 0xffffffff\r\ninvalid header: 0xffffffff\r\ninvalid header: 0xffffffff\r\ninvalid header: 0xffffffff\r\ninvalid header: 0xffffffff\r\ninvalid header: 0xffffffff\r\ninvalid header: 0xffffffff\r\ninvalid header: 0xffffffff\r\ninvalid header: 0xffffffff\r\ninvalid header: 0xffffffff\r\ninvalid header: 0xffffffff\r\ninvalid header: 0xffffffff\r\ninvalid header: 0xffffffff\r\ninvalid header: 0xffffffff\r\ninvalid header: 0xffffffff\r\ninvalid header: 0xffffffff\r\ninvalid header: 0xffffffff\r\ninvalid header: 0xffffffff\r\ninvalid header: 0xffffffff\r\ninvalid header: 0xffffffff\r\ninvalid header: 0xffffffff\r\ninvalid header: 0xffffffff\r\ninvalid header: 0xffffffff\r\ninvalid header: 0xffffffff\r\ninvalid header: 0xffffffff\r\ninvalid header: 0xffffffff\r\ninvalid header: 0xffffffff\r\ninvalid header: 0xffffffff\r\ninvalid header: 0xffffffff\r\ninvalid header: 0xffffffff\r\ninvalid header: 0xffffffff\r\ninvalid header: 0xffffffff\r\ninvalid header: 0xffffffff\r\ninvalid header: 0xffffffff\r\ninvalid header: 0xffffffff\r\ninvalid header: 0xffffffff\r\ninvalid header: 0xffffffff\r\ninvalid header: 0xffffffff\r\ninvalid header: 0xffffffff\r\ninvalid header: 0xffffffff\r\ninvalid header: 0xffffffff\r\ninvalid header: 0xffffffff\r\ninvalid header: 0xffffffff\r\ninvalid header: 0xffffffff\r\ninvalid header: 0xffffffff\r\ninvalid header: 0xffffffff\r\ninvalid header: 0xffffffff\r\ninvalid header: 0xffffffff\r\ninvalid header: 0xffffffff\r\ninvalid header: 0xffffffff\r\ninvalid header: 0xffffffff\r\ninvalid header: 0xffffffff\r\ninvalid header: 0xffffffff\r\ninvalid header: 0xffffffff\r\ninvalid header: 0xffffffff\r\ninvalid header: 0xffffffff\r\ninvalid header: 0xffffffff\r\ninvalid header: 0xffffffff\r\ninvalid header: 0xffffffff\r\ninvalid header: 0xffffffff\r\ninvalid header: 0xffffffff\r\ninvalid header: 0xffffffff\r\ninvalid header: 0xffffffff\r\ninvalid header: 0xffffffff\r\ninvalid header: 0xffffffff\r\ninvalid header: 0xffffffff\r\ninvalid header: 0xffffffff\r\ninvalid header: 0xffffffff\r\ninvalid header: 0xffffffff\r\ninvalid header: 0xffffffff\r\ninvalid header: 0xffffffff\r\ninvalid header: 0xffffffff\r\ninvalid header: 0xffffffff\r\ninvalid header: 0xffffffff\r\ninvalid header: 0xffffffff\r\ninvalid header: 0xffffffff\r\ninvalid header: 0xffffffff\r\ninvalid header: 0xffffffff\r\ninvalid header: 0xffffffff\r\ninvalid header: 0xffffffff\r\ninvalid header: 0xffffffff\r\ninvalid header: 0xffffffff\r\ninvalid header: 0xffffffff\r\ninvalid header: 0xffffffff\r\ninvalid header: 0xffffffff\r\ninvalid header: 0xffffffff\r\ninvalid header: 0xffffffff\r\ninvalid header: 0xffffffff\r\ninvalid header: 0xffffffff\r\ninvalid header: 0xffffffff\r\ninvalid header: 0xffffffff\r\ninvalid header: 0xffffffff\r\ninvalid header: 0xffffffff\r\ninvalid header: 0xffffffff\r\ninvalid header: 0xffffffff\r\ninvalid header: 0xffffffff\r\ninvalid header: 0xffffffff\r\ninvalid header: 0xffffffff\r\ninvalid header: 0xffffffff\r\ninvalid header: 0xffESP-ROM:esp32s3-20210327\r\nBuild:Mar 27 2021\r\nrst:0x7 (TG0WDT_SYS_RST),boot:0x8 (SPI_FAST_FLASH_BOOT)\r\nSaved PC:0x40048839\r\ninvalid header: 0xffffffff\r\ninvalid header: 0xffffffff\r\ninvalid header: 0xffffffff\r\ninvalid header: 0xffffffff\r\ninvalid header: 0xffffffff\r\ninvalid header: 0xffffffff\r\ninvalid header: 0xffffffff\r\ninvalid header: 0xffffffff\r\ninvalid header: 0xffffffff\r\ninvalid header: 0xffffffff\r\ninvalid header: 0xffffffff\r\ninvalid header: 0xffffffff\r\ninvalid header: 0xffffffff\r\ninvalid header: 0xffffffff\r\ninvalid header: 0xffffffff\r\ninvalid header: 0xffffffff\r\ninvalid header: 0xffffffff\r\ninvalid header: 0xffffffff\r\ninvalid header: 0xffffffff\r\ninvalid header: 0xffffffff\r\ninvalid header: 0xffffffff\r\ninvalid header: 0xffffffff\r\ninvalid header: 0xffffffff\r\ninvalid header: 0xffffffff\r\ninvalid header: 0xffffffff\r\ninvalid header: 0xffffffff\r\ninvalid header: 0xffffffff\r\ninvalid header: 0xffffffff\r\ninvalid header: 0xffffffff\r\ninvalid header: 0xffffffff\r\ninvalid header: 0xffffffff\r\ninvalid header: 0xffffffff\r\ninvalid header: 0xffffffff\r\ninvalid header: 0xffffffff\r\ninvalid header: 0xffffffff\r\ninvalid header: 0xffffffff\r\ninvalid header: 0xffffffff\r\ninvalid header: 0xffffffff\r\ninvalid header: 0xffffffff\r\ninvalid header: 0xffffffff\r\ninvalid header: 0xffffffff\r\ninvalid header: 0xffffffff\r\ninvalid header: 0xffffffff\r\ninvalid header: 0xffffffff\r\ninvalid header: 0xffffffff\r\ninvalid header: 0xffffffff\r\ninvalid header: 0xffffffff\r\ninvalid header: 0xffffffff\r\ninvalid header: 0xffffffff\r\ninvalid header: 0xffffffff\r\ninvalid header: 0xffffffff\r\ninvalid header: 0xffffffff\r\ninvalid header: 0xffffffff\r\ninvalid header: 0xffffffff\r\ninvalid header: 0xffffffff\r\ninvalid header: 0xffffffff\r\ninvalid header: 0xffffffff\r\ninvalid header: 0xffffffff\r\ninvalid header: 0xffffffff\r\ninvalid header: 0xffffffff\r\ninvalid header: 0xffffffff\r\ninvalid header: 0xffffffff\r\ninvalid header: 0xffffffff\r\ninvalid header: 0xffffffff\r\ninvalid header: 0xffffffff\r\ninvalid header: 0xffffffff\r\ninvalid header: 0xffffffff\r\ninvalid header: 0xffffffff\r\ninvalid header: 0xffffffff\r\ninvalid header: 0xffffffff\r\ninvalid header: 0xffffffff\r\ninvalid header: 0xffffffff\r\ninvalid header: 0xffffffff\r\ninvalid header: 0xffffffff\r\ninvalid header: 0xffffffff\r\ninvalid header: 0xffffffff\r\ninvalid header: 0xffffffff\r\ninvalid header: 0xffffffff\r\ninvalid header: 0xffffffff\r\ninvalid header: 0xffffffff\r\ninvalid header: 0xffffffff\r\ninvalid header: 0xffffffff\r\ninvalid header: 0xffffffff\r\ninvalid header: 0xffffffff\r\ninvalid header: 0xffffffff\r\ninvalid header: 0xffffffff\r\ninvalid header: 0xffffffff\r\ninvalid header: 0xffffffff\r\ninvalid header: 0xffffffff\r\ninvalid header: 0xffffffff\r\ninvalid header: 0xffffffff\r\ninvalid header: 0xffffffff\r\ninvalid header: 0xffffffff\r\ninvalid header: 0xffffffff\r\ninvalid header: 0xffffffff\r\ninvalid header: 0xffffffff\r\ninvalid header: 0xffffffff\r\ninvalid header: 0xffffffff\r\ninvalid header: 0xffffffff\r\ninvalid header: 0xffffffff\r\ninvalid header: 0xffffffff\r\ninvalid header: 0xffffffff\r\ninvalid header: 0xffffffff\r\ninvalid header: 0xffffffff\r\ninvalid header: 0xffffffff\r\ninvalid header: 0xffffffff\r\ninvalid header: 0xffffffff\r\ninvalid header: 0xffffffff\r\ninvalid header: 0xffffffff\r\ninvalid header: 0xffffffff\r\ninvalid header: 0xffffffff\r\ninvalid header: 0xffffffff\r\ninvalid header: 0xffffffff\r\ninvalid header: 0xffffffff\r\ninvalid header: 0xffffffff\r\ninvalid header: 0xffffffff\r\ninvalid header: 0xffffffff\r\ninvalid header: 0xffffffff\r\ninvalid header: 0xffffffff\r\ninvalid header: 0xffffffff\r\ninvalid header: 0xffffffff\r\ninvalid header: 0xffffffff\r\ninvalid header: 0xffffffff\r\ninvalid header: 0xffffffff\r\ninvalid header: 0xffffffff\r\ninvalid header: 0xffffffff\r\ninvalid header: 0xffffffff\r\ninvalid header: 0xffffffff\r\ninvalid header: 0xffffffff\r\ninvalid header: 0xffffffff\r\ninvalid header: 0xffffffff\r\ninvalid header: 0xffffffff\r\ninvalid header: 0xffffffff\r\ninvalid header: 0xffffffff\r\ninvalid header: 0xffffffff\r\ninvalid header: 0xffffffff\r\ninvalid header: 0xffffffff\r\ninvalid header: 0xffffffff\r\ninvalid header: 0xffffffff\r\ninvalid header: 0xffffffff\r\ninvalid header: 0xffffffff\r\ninvalid header: 0xffffffff\r\ninvalid header: 0xffffffff\r\ninvalid header: 0xffffffff\r\ninvalid header: 0xffffffff\r\ninvalid header: 0xffffffff\r\ninvalid header: 0xffffffff\r\ninvalid header: 0xffffffff\r\ninvalid header: 0xffffffff\r\ninvalid header: 0xffffffff\r\ninvalid header: 0xffffffff\r\ninvalid header: 0xffffffff\r\ninvalid header: 0xffffffff\r\ninvalid header: 0xffffffff\r\ninvalid header: 0xffffffff\r\ninvalid header: 0xffffffff\r\ninvalid header: 0xffffffff\r\ninvalid header: 0xffffffff\r\ninvalid header: 0xffffffff\r\ninvalid header: 0xffffffff\r\ninvalid header: 0xffffffff\r\ninvalid header: 0xffffffff\r\ninvalid header: 0xffffffff\r\ninvalid header: 0xffffffff\r\ninvalid header: 0xffffffff\r\ninvalid header: 0xffffffff\r\ninvalid header: 0xffffffff\r\ninvalid header: 0xffffffff\r\ninvalid header: 0xffffffff\r\ninvalid header: 0xffffffff\r\ninvalid header: 0xffffffff\r\ninvalid header: 0xffffffff\r\ninvalid header: 0xffffffff\r\ninvalid header: 0xffffffff\r\ninvalid header: 0xffffffff\r\ninvalid header: 0xffffffff\r\ninvalid header: 0xffffffff\r\ninvalid header: 0xffffffff\r\ninvalid header: 0xffffffff\r\ninvalid header: 0xffffffff\r\ninvalid header: 0xffffffff\r\ninvalid header: 0xffffffff\r\ninvalid header: 0xffffffff\r\ninvalid header: 0xffffffff\r\ninvalid header: 0xffffffff\r\ninvalid header: 0xffffffff\r\ninvalid header: 0xffffffff\r\ninvalid header: 0xffffffff\r\ninvalid header: 0xffffffff\r\ninvalid header: 0xffffffff\r\ninvalid header: 0xffffffff\r\ninvalid header: 0xffffffff\r\ninvalid header: 0xffffffff\r\ninvalid header: 0xffffffff\r\ninvalid header: 0xffffffff\r\ninvalid header: 0xffffffff\r\ninvalid header: 0xffffffff\r\ninvalid header: 0xffffffff\r\ninvalid header: 0xffffffff\r\ninvalid header: 0xffffffff\r\ninvalid header: 0xffffffff\r\ninvalid header: 0xffffffff\r\ninvalid header: 0xffffffff\r\ninvalid header: 0xffffffff\r\ninvalid header: 0xffffffff\r\ninvalid header: 0xffffffff\r\ninvalid header: 0xffffffff\r\ninvalid header: 0xffffffff\r\ninvalid header: 0xffffffff\r\ninvalid header: 0xffffffff\r\ninvalid header: 0xffffffff\r\ninvalid header: 0xffffffff\r\ninvalid header: 0xffffffff\r\ninvalid header: 0xffffffff\r\ninvalid header: 0xffffffff\r\ninvalid header: 0xffffffff\r\ninvalid header: 0xffffffff\r\ninvalid header: 0xffffffff\r\ninvalid header: 0xffffffff\r\ninvalid header: 0xffffffff\r\ninvalid header: 0xffffffff\r\ninvalid header: 0xffffffff\r\ninvalid header: 0xffffffff\r\ninvalid header: 0xffffffff\r\ninvalid header: 0xffffffff\r\ninvalid header: 0xffffffff\r\ninvalid header: 0xffffffff\r\ninvalid header: 0xffffffff\r\ninvalid header: 0xffffffff\r\ninvalid header: 0xffffffff\r\ninvalid header: 0xffffffff\r\ninvalid header: 0xffffffff\r\ninvalid header: 0xffffffff\r\ninvalid header: 0xffffffff\r\ninvalid header: 0xffffffff\r\ninvalid header: 0xffffffff\r\ninvalid header: 0xffffffff\r\ninvalid header: 0xffffffff\r\ninvalid header: 0xffffffff\r\ninvalid header: 0xffffffff\r\ninvalid header: 0xffffffff\r\ninvalid header: 0xffffffff\r\ninvalid header: 0xffffffff\r\ninvalid header: 0xffffffff\r\ninvalid header: 0xffffffff\r\ninvalid header: 0xffffffff\r\ninvalid header: 0xffffffff\r\ninvalid header: 0xffffffff\r\ninvalid header: 0xffffffff\r\ninvalid header: 0xffffffff\r\ninvalid header: 0xffffffff\r\ninvalid header: 0xffffffff\r\ninvalid header: 0xffffffff\r\ninvalid header: 0xffffffff\r\ninvalid header: 0xffffffff\r\ninvalid header: 0xffffffff\r\ninvalid header: 0xffffffff\r\ninvalid header: 0xffffffff\r\ninvalid header: 0xffffffff\r\ninvalid header: 0xffffffff\r\ninvalid header: 0xffffffff\r\ninvalid header: 0xffffffff\r\ninvalid header: 0xffffffff\r\ninvalid header: 0xffffffff\r\ninvalid header: 0xffffffff\r\ninvalid header: 0xffffffff\r\ninvalid header: 0xffffffff\r\ninvalid header: 0xffffffff\r\ninvalid header: 0xffffffff\r\ninvalid header: 0xffffffff\r\ninvalid header: 0xffffffff\r\ninvalid header: 0xffffffff\r\ninvalid header: 0xffffffff\r\ninvalid header: 0xffffffff\r\ninvalid header: 0xffffffff\r\ninvalid header: 0xffffffff\r\ninvalid header: 0xffffffff\r\ninvalid header: 0xffffffff\r\ninvalid header: 0xffffffff\r\ninvalid header: 0xffffffff\r\ninvalid header: 0xffffffff\r\ninvalid header: 0xffffffff\r\ninvalid header: 0xffffffff\r\ninvalid header: 0xffffffff\r\ninvalid header: 0xffffffff\r\ninvalid header: 0xffffffff\r\ninvalid header: 0xffffffff\r\ninvalid header: 0xffffffff\r\ninvalid header: 0xffffffff\r\ninvalid header: 0xffffffff\r\ninvalid header: 0xffffffff\r\ninvalid header: 0xffffffff\r\ninvalid header: 0xffffffff\r\ninvalid header: 0xffffffff\r\ninvalid header: 0xffffffff\r\ninvalid header: 0xffffffff\r\ninvalid header: 0xffffffff\r\ninvalid header: 0xffffffff\r\ninvalid header: 0xffffffff\r\ninvalid header: 0xffffffff\r\ninvalid header: 0xffffffff\r\ninvalid header: 0xffffffff\r\ninvalid header: 0xffffffff\r\ninvalid header: 0xffffffff\r\ninvalid header: 0xffffffff\r\ninvalid header: 0xffffffff\r\ninvalid header: 0xffffffff\r\ninvalid header: 0xffffffff\r\ninvalid header: 0xffffffff\r\ninvalid header: 0xffffffff\r\ninvalid header: 0xffffffff\r\ninvalid header: 0xffffffff\r\ninvalid header: 0xffffffff\r\ninvalid header: 0xffffffff\r\ninvalid header: 0xffffffff\r\ninvalid header: 0xffffffff\r\ninvalid header: 0xffffffff\r\ninvalid header: 0xffffffff\r\ninvalid header: 0xffffffff\r\ninvalid header: 0xffffffff\r\ninvalid header: 0xffffffff\r\ninvalid header: 0xffffffff\r\ninvalid header: 0xffffffff\r\ninvalid header: 0xffffffff\r\ninvalid header: 0xffffffff\r\ninvalid header: 0xffffffff\r\ninvalid header: 0xffffffff\r\ninvalid header: 0xffffffff\r\ninvalid header: 0xffffffff\r\ninvalid header: 0xffffffff\r\ninvalid header: 0xffffffff\r\ninvalid header: 0xffffffff\r\ninvalid header: 0xffffffff\r\ninvalid header: 0xffffffff\r\ninvalid header: 0xffffffff\r\ninvalid header: 0xffffffff\r\ninvalid header: 0xffffffff\r\ninvalid header: 0xffffffff\r\ninvalid header: 0xffffffff\r\ninvalid header: 0xffffffff\r\ninvalid header: 0xffffffff\r\ninvalid header: 0xffffffff\r\ninvalid header: 0xffffffff\r\ninvalid header: 0xffffffff\r\ninvalid header: 0xffffffff\r\ninvalid header: 0xffffffff\r\ninvalid header: 0xffffffff\r\ninvalid header: 0xffffffff\r\ninvalid header: 0xffffffff\r\ninvalid header: 0xffffffff\r\ninvalid header: 0xffffffff\r\ninvalid header: 0xffffffff\r\ninvalid header: 0xffffffff\r\ninvalid header: 0xffffffff\r\ninvalid header: 0xffffffff\r\ninvalid header: 0xffffffff\r\ninvalid header: 0xffffffff\r\ninvalid header: 0xffffffff\r\ninvalid header: 0xffffffff\r\ninvalid header: 0xffffffff\r\ninvalid header: 0xffffffff\r\ninvalid header: 0xffffffff\r\ninvalid header: 0xffffffff\r\ninvalid header: 0xffffffff\r\ninvalid header: 0xffffffff\r\ninvalid header: 0xffffffff\r\ninvalid header: 0xffffffff\r\ninvalid header: 0xffffffff\r\ninvalid header: 0xffffffff\r\ninvalid header: 0xffffffff\r\ninvalid header: 0xffffffff\r\ninvalid header: 0xffffffff\r\ninvalid header: 0xffffffff\r\ninvalid header: 0xffffffff\r\ninvalid header: 0xffffffff\r\ninvalid header: 0xffffffff\r\ninvalid header: 0xffffffff\r\ninvalid header: 0xffffffff\r\ninvalid header: 0xffffffff\r\ninvalid header: 0xffffffff\r\ninvalid header: 0xffffffff\r\ninvalid header: 0xffffffff\r\ninvalid header: 0xffffffff\r\ninvalid header: 0xffffffff\r\ninvalid header: 0xffffffff\r\ninvalid header: 0xffffffff\r\ninvalid header: 0xffffffff\r\ninvalid header: 0xffffffff\r\ninvalid header: 0xffffffff\r\ninvalid header: 0xffffffff\r\ninvalid header: 0xffffffff\r\ninvalid header: 0xffffffff\r\ninvalid header: 0xffffffff\r\ninvalid header: 0xffffffff\r\ninvalid header: 0xffffffff\r\ninvalid header: 0xffffffff\r\ninvalid header: 0xffffffff\r\ninvalid header: 0xffffffff\r\ninvalid header: 0xffffffff\r\ninvalid header: 0xffffffff\r\ninvalid header: 0xffffffff\r\ninvalid header: 0xffffffff\r\ninvalid header: 0xffffffff\r\ninvalid header: 0xffffffff\r\ninvalid header: 0xffffffff\r\ninvalid header: 0xffffffff\r\ninvalid header: 0xffffffff\r\ninvalid header: 0xffffffff\r\ninvalid header: 0xffffffff\r\ninvalid header: 0xffffffff\r\ninvalid header: 0xffffffff\r\ninvalid header: 0xffffffff\r\ninvalid header: 0xffffffff\r\ninvalid header: 0xffffffff\r\ninvalid header: 0xffffffff\r\ninvalid header: 0xffffffff\r\ninvalid header: 0xffffffff\r\ninvalid header: 0xffffffff\r\ninvalid header: 0xffffffff\r\ninvalid header: 0xffffffff\r\ninvalid header: 0xffffffff\r\ninvalid header: 0xffffffff\r\ninvalid header: 0xffffffff\r\ninvalid header: 0xffffffff\r\ninvalid header: 0xffffffff\r\ninvalid header: 0xffffffff\r\ninvalid header: 0xffffffff\r\ninvalid header: 0xffffffff\r\ninvalid header: 0xffffffff\r\ninvalid header: 0xffffffff\r\ninvalid header: 0xffffffff\r\ninvalid header: 0xffffffff\r\ninvalid header: 0xffffffff\r\ninvalid header: 0xffffffff\r\ninvalid header: 0xffffffff\r\ninvalid header: 0xffffffff\r\ninvalid header: 0xffffffff\r\ninvalid header: 0xffffffff\r\ninvalid header: 0xffffffff\r\ninvalid header: 0xffffffff\r\ninvalid header: 0xffffffff\r\ninvalid header: 0xffffffff\r\ninvalid header: 0xffffffff\r\ninvalid header: 0xffffffff\r\ninvalid header: 0xffffffff\r\ninvalid header: 0xffffffff\r\ninvalid header: 0xffffffff\r\ninvalid header: 0xffffffff\r\ninvalid header: 0xffffffff\r\ninvalid header: 0xffffffff\r\ninvalid header: 0xffffffff\r\ninvalid header: 0xffffffff\r\ninvalid header: 0xffffffff\r\ninvalid header: 0xffffffff\r\ninvalid header: 0xffffffff\r\ninvalid header: 0xffffffff\r\ninvalid header: 0xffffffff\r\ninvalid header: 0xffffffff\r\ninvalid header: 0xffffffff\r\ninvalid header: 0xffffffff\r\ninvalid header: 0xffffffff\r\ninvalid header: 0xffffffff\r\ninvalid header: 0xffffffff\r\ninvalid header: 0xffffffff\r\ninvalid header: 0xffffffff\r\ninvalid header: 0xffffffff\r\ninvalid header: 0xffffffff\r\ninvalid header: 0xffffffff\r\ninvalid header: 0xffffffff\r\ninvalid header: 0xffffffff\r\ninvalid header: 0xffffffff\r\ninvalid header: 0xffffffff\r\ninvalid header: 0xffffffff\r\ninvalid header: 0xffffffff\r\ninvalid header: 0xffffffff\r\ninvalid header: 0xffffffff\r\ninvalid header: 0xffffffff\r\ninvalid header: 0xffffffff\r\ninvalid header: 0xffffffff\r\ninvalid header: 0xffffffff\r\ninvalid header: 0xffffffff\r\ninvalid header: 0xffffffff\r\ninvalid header: 0xffffffff\r\ninvalid header: 0xffffffff\r\ninvalid header: 0xffffffff\r\ninvalid header: 0xffffffff\r\ninvalid header: 0xffffffff\r\ninvalid header: 0xffffffff\r\ninvalid header: 0xffffffff\r\ninvalid header: 0xffffffff\r\ninvalid header: 0xffffffff\r\ninvalid header: 0xffffffff\r\ninvalid header: 0xffffffff\r\ninvalid header: 0xffffffff\r\ninvalid header: 0xffffffff\r\ninvalid header: 0xffffffff\r\ninvalid header: 0xffffffff\r\ninvalid header: 0xffffffff\r\ninvalid header: 0xffffffff\r\ninvalid header: 0xffffffff\r\ninvalid header: 0xffffffff\r\ninvalid header: 0xffffffff\r\ninvalid header: 0xffffffff\r\ninvalid header: 0xffffffff\r\ninvalid header: 0xffffffff\r\ninvalid header: 0xffffffff\r\ninvalid header: 0xffffffff\r\ninvalid header: 0xffffffff\r\ninvalid header: 0xffffffff\r\ninvalid header: 0xffffffff\r\ninvalid header: 0xffffffff\r\ninvalid header: 0xffffffff\r\ninvalid header: 0xffffffff\r\ninvalid header: 0xffffffff\r\ninvalid header: 0xffffffff\r\ninvalid header: 0xffffffff\r\ninvalid header: 0xffffffff\r\ninvalid header: 0xffffffff\r\ninvalid header: 0xffffffff\r\ninvalid header: 0xffffffff\r\ninvalid header: 0xffffffff\r\ninvalid header: 0xffffffff\r\ninvalid header: 0xffffffff\r\ninvalid header: 0xffffffff\r\ninvalid header: 0xffffffff\r\ninvalid header: 0xffffffff\r\ninvalid header: 0xffffffff\r\ninvalid header: 0xffffffff\r\ninvalid header: 0xffffffff\r\ninvalid header: 0xffffffff\r\ninvalid header: 0xffffffff\r\ninvalid header: 0xffffffff\r\ninvalid header: 0xffffffff\r\ninvalid header: 0xffffffff\r\ninvalid header: 0xffESP-ROM:esp32s3-20210327\r\nBuild:Mar 27 2021\r\nrst:0x7 (TG0WDT_SYS_RST),boot:0x8 (SPI_FAST_FLASH_BOOT)\r\nSaved PC:0x40048839\r\ninvalid header: 0xffffffff\r\ninvalid header: 0xffffffff\r\ninvalid header: 0xffffffff\r\ninvalid header: 0xffffffff\r\ninvalid header: 0xffffffff\r\ninvalid header: 0xffffffff\r\ninvalid header: 0xffffffff\r\ninvalid header: 0xffffffff\r\ninvalid header: 0xffffffff\r\ninvalid header: 0xffffffff\r\ninvalid header: 0xffffffff\r\ninvalid header: 0xffffffff\r\ninvalid header: 0xffffffff\r\ninvalid header: 0xffffffff\r\ninvalid header: 0xffffffff\r\ninvalid header: 0xffffffff\r\ninvalid header: 0xffffffff\r\ninvalid header: 0xffffffff\r\ninvalid header: 0xffffffff\r\ninvalid header: 0xffffffff\r\ninvalid header: 0xffffffff\r\ninvalid header: 0xffffffff\r\ninvalid header: 0xffffffff\r\ninvalid header: 0xffffffff\r\ninvalid header: 0xffffffff\r\ninvalid header: 0xffffffff\r\ninvalid header: 0xffffffff\r\ninvalid header: 0xffffffff\r\ninvalid header: 0xffffffff\r\ninvalid header: 0xffffffff\r\ninvalid header: 0xffffffff\r\ninvalid header: 0xffffffff\r\ninvalid header: 0xffffffff\r\ninvalid header: 0xffffffff\r\ninvalid header: 0xffffffff\r\ninvalid header: 0xffffffff\r\ninvalid header: 0xffffffff\r\ninvalid header: 0xffffffff\r\ninvalid header: 0xffffffff\r\ninvalid header: 0xffffffff\r\ninvalid header: 0xffffffff\r\ninvalid header: 0xffffffff\r\ninvalid header: 0xffffffff\r\ninvalid header: 0xffffffff\r\ninvalid header: 0xffffffff\r\ninvalid header: 0xffffffff\r\ninvalid header: 0xffffffff\r\ninvalid header: 0xffffffff\r\ninvalid header: 0xffffffff\r\ninvalid header: 0xffffffff\r\ninvalid header: 0xffffffff\r\ninvalid header: 0xffffffff\r\ninvalid header: 0xffffffff\r\ninvalid header: 0xffffffff\r\ninvalid header: 0xffffffff\r\ninvalid header: 0xffffffff\r\ninvalid header: 0xffffffff\r\ninvalid header: 0xffffffff\r\ninvalid header: 0xffffffff\r\ninvalid header: 0xffffffff\r\ninvalid header: 0xffffffff\r\ninvalid header: 0xffffffff\r\ninvalid header: 0xffffffff\r\ninvalid header: 0xffffffff\r\ninvalid header: 0xffffffff\r\ninvalid header: 0xffffffff\r\ninvalid header: 0xffffffff\r\ninvalid header: 0xffffffff\r\ninvalid header: 0xffffffff\r\ninvalid header: 0xffffffff\r\ninvalid header: 0xffffffff\r\ninvalid header: 0xffffffff\r\ninvalid header: 0xffffffff\r\ninvalid header: 0xffffffff\r\ninvalid header: 0xffffffff\r\ninvalid header: 0xffffffff\r\ninvalid header: 0xffffffff\r\ninvalid header: 0xffffffff\r\ninvalid header: 0xffffffff\r\ninvalid header: 0xffffffff\r\ninvalid header: 0xffffffff\r\ninvalid header: 0xffffffff\r\ninvalid header: 0xffffffff\r\ninvalid header: 0xffffffff\r\ninvalid header: 0xffffffff\r\ninvalid header: 0xffffffff\r\ninvalid header: 0xffffffff\r\ninvalid header: 0xffffffff\r\ninvalid header: 0xffffffff\r\ninvalid header: 0xffffffff\r\ninvalid header: 0xffffffff\r\ninvalid header: 0xffffffff\r\ninvalid header: 0xffffffff\r\ninvalid header: 0xffffffff\r\ninvalid header: 0xffffffff\r\ninvalid header: 0xffffffff\r\ninvalid header: 0xffffffff\r\ninvalid header: 0xffffffff\r\ninvalid header: 0xffffffff\r\ninvalid header: 0xffffffff\r\ninvalid header: 0xffffffff\r\ninvalid header: 0xffffffff\r\ninvalid header: 0xffffffff\r\ninvalid header: 0xffffffff\r\ninvalid header: 0xffffffff\r\ninvalid header: 0xffffffff\r\ninvalid header: 0xffffffff\r\ninvalid header: 0xffffffff\r\ninvalid header: 0xffffffff\r\ninvalid header: 0xffffffff\r\ninvalid header: 0xffffffff\r\ninvalid header: 0xffffffff\r\ninvalid header: 0xffffffff\r\ninvalid header: 0xffffffff\r\ninvalid header: 0xffffffff\r\ninvalid header: 0xffffffff\r\ninvalid header: 0xffffffff\r\ninvalid header: 0xffffffff\r\ninvalid header: 0xffffffff\r\ninvalid header: 0xffffffff\r\ninvalid header: 0xffffffff\r\ninvalid header: 0xffffffff\r\ninvalid header: 0xffffffff\r\ninvalid header: 0xffffffff\r\ninvalid header: 0xffffffff\r\ninvalid header: 0xffffffff\r\ninvalid header: 0xffffffff\r\ninvalid header: 0xffffffff\r\ninvalid header: 0xffffffff\r\ninvalid header: 0xffffffff\r\ninvalid header: 0xffffffff\r\ninvalid header: 0xffffffff\r\ninvalid header: 0xffffffff\r\ninvalid header: 0xffffffff\r\ninvalid header: 0xffffffff\r\ninvalid header: 0xffffffff\r\ninvalid header: 0xffffffff\r\ninvalid header: 0xffffffff\r\ninvalid header: 0xffffffff\r\ninvalid header: 0xffffffff\r\ninvalid header: 0xffffffff\r\ninvalid header: 0xffffffff\r\ninvalid header: 0xffffffff\r\ninvalid header: 0xffffffff\r\ninvalid header: 0xffffffff\r\ninvalid header: 0xffffffff\r\ninvalid header: 0xffffffff\r\ninvalid header: 0xffffffff\r\ninvalid header: 0xffffffff\r\ninvalid header: 0xffffffff\r\ninvalid header: 0xffffffff\r\ninvalid header: 0xffffffff\r\ninvalid header: 0xffffffff\r\ninvalid header: 0xffffffff\r\ninvalid header: 0xffffffff\r\ninvalid header: 0xffffffff\r\ninvalid header: 0xffffffff\r\ninvalid header: 0xffffffff\r\ninvalid header: 0xffffffff\r\ninvalid header: 0xffffffff\r\ninvalid header: 0xffffffff\r\ninvalid header: 0xffffffff\r\ninvalid header: 0xffffffff\r\ninvalid header: 0xffffffff\r\ninvalid header: 0xffffffff\r\ninvalid header: 0xffffffff\r\ninvalid header: 0xffffffff\r\ninvalid header: 0xffffffff\r\ninvalid header: 0xffffffff\r\ninvalid header: 0xffffffff\r\ninvalid header: 0xffffffff\r\ninvalid header: 0xffffffff\r\ninvalid header: 0xffffffff\r\ninvalid header: 0xffffffff\r\ninvalid header: 0xffffffff\r\ninvalid header: 0xffffffff\r\ninvalid header: 0xffffffff\r\ninvalid header: 0xffffffff\r\ninvalid header: 0xffffffff\r\ninvalid header: 0xffffffff\r\ninvalid header: 0xffffffff\r\ninvalid header: 0xffffffff\r\ninvalid header: 0xffffffff\r\ninvalid header: 0xffffffff\r\ninvalid header: 0xffffffff\r\ninvalid header: 0xffffffff\r\ninvalid header: 0xffffffff\r\ninvalid header: 0xffffffff\r\ninvalid header: 0xffffffff\r\ninvalid header: 0xffffffff\r\ninvalid header: 0xffffffff\r\ninvalid header: 0xffffffff\r\ninvalid header: 0xffffffff\r\ninvalid header: 0xffffffff\r\ninvalid header: 0xffffffff\r\ninvalid header: 0xffffffff\r\ninvalid header: 0xffffffff\r\ninvalid header: 0xffffffff\r\ninvalid header: 0xffffffff\r\ninvalid header: 0xffffffff\r\ninvalid header: 0xffffffff\r\ninvalid header: 0xffffffff\r\ninvalid header: 0xffffffff\r\ninvalid header: 0xffffffff\r\ninvalid header: 0xffffffff\r\ninvalid header: 0xffffffff\r\ninvalid header: 0xffffffff\r\ninvalid header: 0xffffffff\r\ninvalid header: 0xffffffff\r\ninvalid header: 0xffffffff\r\ninvalid header: 0xffffffff\r\ninvalid header: 0xffffffff\r\ninvalid header: 0xffffffff\r\ninvalid header: 0xffffffff\r\ninvalid header: 0xffffffff\r\ninvalid header: 0xffffffff\r\ninvalid header: 0xffffffff\r\ninvalid header: 0xffffffff\r\ninvalid header: 0xffffffff\r\ninvalid header: 0xffffffff\r\ninvalid header: 0xffffffff\r\ninvalid header: 0xffffffff\r\ninvalid header: 0xffffffff\r\ninvalid header: 0xffffffff\r\ninvalid header: 0xffffffff\r\ninvalid header: 0xffffffff\r\ninvalid header: 0xffffffff\r\ninvalid header: 0xffffffff\r\ninvalid header: 0xffffffff\r\ninvalid header: 0xffffffff\r\ninvalid header: 0xffffffff\r\ninvalid header: 0xffffffff\r\ninvalid header: 0xffffffff\r\ninvalid header: 0xffffffff\r\ninvalid header: 0xffffffff\r\ninvalid header: 0xffffffff\r\ninvalid header: 0xffffffff\r\ninvalid header: 0xffffffff\r\ninvalid header: 0xffffffff\r\ninvalid header: 0xffffffff\r\ninvalid header: 0xffffffff\r\ninvalid header: 0xffffffff\r\ninvalid header: 0xffffffff\r\ninvalid header: 0xffffffff\r\ninvalid header: 0xffffffff\r\ninvalid header: 0xffffffff\r\ninvalid header: 0xffffffff\r\ninvalid header: 0xffffffff\r\ninvalid header: 0xffffffff\r\ninvalid header: 0xffffffff\r\ninvalid header: 0xffffffff\r\ninvalid header: 0xffffffff\r\ninvalid header: 0xffffffff\r\ninvalid header: 0xffffffff\r\ninvalid header: 0xffffffff\r\ninvalid header: 0xffffffff\r\ninvalid header: 0xffffffff\r\ninvalid header: 0xffffffff\r\ninvalid header: 0xffffffff\r\ninvalid header: 0xffffffff\r\ninvalid header: 0xffffffff\r\ninvalid header: 0xffffffff\r\ninvalid header: 0xffffffff\r\ninvalid header: 0xffffffff\r\ninvalid header: 0xffffffff\r\ninvalid header: 0xffffffff\r\ninvalid header: 0xffffffff\r\ninvalid header: 0xffffffff\r\ninvalid header: 0xffffffff\r\ninvalid header: 0xffffffff\r\ninvalid header: 0xffffffff\r\ninvalid header: 0xffffffff\r\ninvalid header: 0xffffffff\r\ninvalid header: 0xffffffff\r\ninvalid header: 0xffffffff\r\ninvalid header: 0xffffffff\r\ninvalid header: 0xffffffff\r\ninvalid header: 0xffffffff\r\ninvalid header: 0xffffffff\r\ninvalid header: 0xffffffff\r\ninvalid header: 0xffffffff\r\ninvalid header: 0xffffffff\r\ninvalid header: 0xffffffff\r\ninvalid header: 0xffffffff\r\ninvalid header: 0xffffffff\r\ninvalid header: 0xffffffff\r\ninvalid header: 0xffffffff\r\ninvalid header: 0xffffffff\r\ninvalid header: 0xffffffff\r\ninvalid header: 0xffffffff\r\ninvalid header: 0xffffffff\r\ninvalid header: 0xffffffff\r\ninvalid header: 0xffffffff\r\ninvalid header: 0xffffffff\r\ninvalid header: 0xffffffff\r\ninvalid header: 0xffffffff\r\ninvalid header: 0xffffffff\r\ninvalid header: 0xffffffff\r\ninvalid header: 0xffffffff\r\ninvalid header: 0xffffffff\r\ninvalid header: 0xffffffff\r\ninvalid header: 0xffffffff\r\ninvalid header: 0xffffffff\r\ninvalid header: 0xffffffff\r\ninvalid header: 0xffffffff\r\ninvalid header: 0xffffffff\r\ninvalid header: 0xffffffff\r\ninvalid header: 0xffffffff\r\ninvalid header: 0xffffffff\r\ninvalid header: 0xffffffff\r\ninvalid header: 0xffffffff\r\ninvalid header: 0xffffffff\r\ninvalid header: 0xffffffff\r\ninvalid header: 0xffffffff\r\ninvalid header: 0xffffffff\r\ninvalid header: 0xffffffff\r\ninvalid header: 0xffffffff\r\ninvalid header: 0xffffffff\r\ninvalid header: 0xffffffff\r\ninvalid header: 0xffffffff\r\ninvalid header: 0xffffffff\r\ninvalid header: 0xffffffff\r\ninvalid header: 0xffffffff\r\ninvalid header: 0xffffffff\r\ninvalid header: 0xffffffff\r\ninvalid header: 0xffffffff\r\ninvalid header: 0xffffffff\r\ninvalid header: 0xffffffff\r\ninvalid header: 0xffffffff\r\ninvalid header: 0xffffffff\r\ninvalid header: 0xffffffff\r\ninvalid header: 0xffffffff\r\ninvalid header: 0xffffffff\r\ninvalid header: 0xffffffff\r\ninvalid header: 0xffffffff\r\ninvalid header: 0xffffffff\r\ninvalid header: 0xffffffff\r\ninvalid header: 0xffffffff\r\ninvalid header: 0xffffffff\r\ninvalid header: 0xffffffff\r\ninvalid header: 0xffffffff\r\ninvalid header: 0xffffffff\r\ninvalid header: 0xffffffff\r\ninvalid header: 0xffffffff\r\ninvalid header: 0xffffffff\r\ninvalid header: 0xffffffff\r\ninvalid header: 0xffffffff\r\ninvalid header: 0xffffffff\r\ninvalid header: 0xffffffff\r\ninvalid header: 0xffffffff\r\ninvalid header: 0xffffffff\r\ninvalid header: 0xffffffff\r\ninvalid header: 0xffffffff\r\ninvalid header: 0xffffffff\r\ninvalid header: 0xffffffff\r\ninvalid header: 0xffffffff\r\ninvalid header: 0xffffffff\r\ninvalid header: 0xffffffff\r\ninvalid header: 0xffffffff\r\ninvalid header: 0xffffffff\r\ninvalid header: 0xffffffff\r\ninvalid header: 0xffffffff\r\ninvalid header: 0xffffffff\r\ninvalid header: 0xffffffff\r\ninvalid header: 0xffffffff\r\ninvalid header: 0xffffffff\r\ninvalid header: 0xffffffff\r\ninvalid header: 0xffffffff\r\ninvalid header: 0xffffffff\r\ninvalid header: 0xffffffff\r\ninvalid header: 0xffffffff\r\ninvalid header: 0xffffffff\r\ninvalid header: 0xffffffff\r\ninvalid header: 0xffffffff\r\ninvalid header: 0xffffffff\r\ninvalid header: 0xffffffff\r\ninvalid header: 0xffffffff\r\ninvalid header: 0xffffffff\r\ninvalid header: 0xffffffff\r\ninvalid header: 0xffffffff\r\ninvalid header: 0xffffffff\r\ninvalid header: 0xffffffff\r\ninvalid header: 0xffffffff\r\ninvalid header: 0xffffffff\r\ninvalid header: 0xffffffff\r\ninvalid header: 0xffffffff\r\ninvalid header: 0xffffffff\r\ninvalid header: 0xffffffff\r\ninvalid header: 0xffffffff\r\ninvalid header: 0xffffffff\r\ninvalid header: 0xffffffff\r\ninvalid header: 0xffffffff\r\ninvalid header: 0xffffffff\r\ninvalid header: 0xffffffff\r\ninvalid header: 0xffffffff\r\ninvalid header: 0xffffffff\r\ninvalid header: 0xffffffff\r\ninvalid header: 0xffffffff\r\ninvalid header: 0xffffffff\r\ninvalid header: 0xffffffff\r\ninvalid header: 0xffffffff\r\ninvalid header: 0xffffffff\r\ninvalid header: 0xffffffff\r\ninvalid header: 0xffffffff\r\ninvalid header: 0xffffffff\r\ninvalid header: 0xffffffff\r\ninvalid header: 0xffffffff\r\ninvalid header: 0xffffffff\r\ninvalid header: 0xffffffff\r\ninvalid header: 0xffffffff\r\ninvalid header: 0xffffffff\r\ninvalid header: 0xffffffff\r\ninvalid header: 0xffffffff\r\ninvalid header: 0xffffffff\r\ninvalid header: 0xffffffff\r\ninvalid header: 0xffffffff\r\ninvalid header: 0xffffffff\r\ninvalid header: 0xffffffff\r\ninvalid header: 0xffffffff\r\ninvalid header: 0xffffffff\r\ninvalid header: 0xffffffff\r\ninvalid header: 0xffffffff\r\ninvalid header: 0xffffffff\r\ninvalid header: 0xffffffff\r\ninvalid header: 0xffffffff\r\ninvalid header: 0xffffffff\r\ninvalid header: 0xffffffff\r\ninvalid header: 0xffffffff\r\ninvalid header: 0xffffffff\r\ninvalid header: 0xffffffff\r\ninvalid header: 0xffffffff\r\ninvalid header: 0xffffffff\r\ninvalid header: 0xffffffff\r\ninvalid header: 0xffffffff\r\ninvalid header: 0xffffffff\r\ninvalid header: 0xffffffff\r\ninvalid header: 0xffffffff\r\ninvalid header: 0xffffffff\r\ninvalid header: 0xffffffff\r\ninvalid header: 0xffffffff\r\ninvalid header: 0xffffffff\r\ninvalid header: 0xffffffff\r\ninvalid header: 0xffffffff\r\ninvalid header: 0xffffffff\r\ninvalid header: 0xffffffff\r\ninvalid header: 0xffffffff\r\ninvalid header: 0xffffffff\r\ninvalid header: 0xffffffff\r\ninvalid header: 0xffffffff\r\ninvalid header: 0xffffffff\r\ninvalid header: 0xffffffff\r\ninvalid header: 0xffffffff\r\ninvalid header: 0xffffffff\r\ninvalid header: 0xffffffff\r\ninvalid header: 0xffffffff\r\ninvalid header: 0xffffffff\r\ninvalid header: 0xffffffff\r\ninvalid header: 0xffffffff\r\ninvalid header: 0xffffffff\r\ninvalid header: 0xffffffff\r\ninvalid header: 0xffffffff\r\ninvalid header: 0xffffffff\r\ninvalid header: 0xffffffff\r\ninvalid header: 0xffffffff\r\ninvalid header: 0xffffffff\r\ninvalid header: 0xffffffff\r\ninvalid header: 0xffffffff\r\ninvalid header: 0xffffffff\r\ninvalid header: 0xffffffff\r\ninvalid header: 0xffffffff\r\ninvalid header: 0xffffffff\r\ninvalid header: 0xffffffff\r\ninvalid header: 0xffffffff\r\ninvalid header: 0xffffffff\r\ninvalid header: 0xffffffff\r\ninvalid header: 0xffffffff\r\ninvalid header: 0xffffffff\r\ninvalid header: 0xffffffff\r\ninvalid header: 0xffffffff\r\ninvalid header: 0xffffffff\r\ninvalid header: 0xffffffff\r\ninvalid header: 0xffffffff\r\ninvalid header: 0xffffffff\r\ninvalid header: 0xffffffff\r\ninvalid header: 0xffffffff\r\ninvalid header: 0xffffffff\r\ninvalid header: 0xffffffff\r\ninvalid header: 0xffffffff\r\ninvalid header: 0xffffffff\r\ninvalid header: 0xffffffff\r\ninvalid header: 0xffffffff\r\ninvalid header: 0xffffffff\r\ninvalid header: 0xffffffff\r\ninvalid header: 0xffffffff\r\ninvalid header: 0xffffffff\r\ninvalid header: 0xffffffff\r\ninvalid header: 0xffffffff\r\ninvalid header: 0xffffffff\r\ninvalid header: 0xffffffff\r\ninvalid header: 0xffffffff\r\ninvalid header: 0xffffffff\r\ninvalid header: 0xffffffff\r\ninvalid header: 0xffffffff\r\ninvalid header: 0xffffffff\r\ninvalid header: 0xffffffff\r\ninvalid header: 0xffffffff\r\ninvalid header: 0xffffffff\r\ninvalid header: 0xffffffff\r\ninvalid header: 0xffffffff\r\ninvalid header: 0xffffffff\r\ninvalid header: 0xffffffff\r\ninvalid header: 0xffffffff\r\ninvalid header: 0xffffffff\r\ninvalid header: 0xffffffff\r\ninvalid header: 0xffffffff\r\ninvalid header: 0xffffffff\r\ninvalid header: 0xffffffff\r\ninvalid header: 0xffffffff\r\ninvalid header: 0xffffffff\r\ninvalid header: 0xffffffff\r\ninvalid header: 0xffffffff\r\ninvalid header: 0xffffffff\r\ninvalid header: 0xffffffff\r\ninvalid header: 0xffffffff\r\ninvalid header: 0xffffffff\r\ninvalid header: 0xffffffff\r\ninvalid header: 0xffffffff\r\ninvalid header: 0xffffffff\r\ninvalid header: 0xffffffff\r\ninvalid header: 0xffffffff\r\ninvalid header: 0xffffffff\r\ninvalid header: 0xffffffff\r\ninvalid header: 0xffffffff\r\ninvalid header: 0xffffffff\r\ninvalid header: 0xffESP-ROM:esp32s3-20210327\r\nBuild:Mar 27 2021\r\nrst:0x7 (TG0WDT_SYS_RST),boot:0x8 (SPI_FAST_FLASH_BOOT)\r\nSaved PC:0x40048839\r\ninvalid header: 0xffffffff\r\ninvalid header: 0xffffffff\r\ninvalid header: 0xffffffff\r\ninvalid header: 0xffffffff\r\ninvalid header: 0xffffffff\r\ninvalid header: 0xffffffff\r\ninvalid header: 0xffffffff\r\ninvalid header: 0xffffffff\r\ninvalid header: 0xffffffff\r\ninvalid header: 0xffffffff\r\ninvalid header: 0xffffffff\r\ninvalid header: 0xffffffff\r\ninvalid header: 0xffffffff\r\ninvalid header: 0xffffffff\r\ninvalid header: 0xffffffff\r\ninvalid header: 0xffffffff\r\ninvalid header: 0xffffffff\r\ninvalid header: 0xffffffff\r\ninvalid header: 0xffffffff\r\ninvalid header: 0xffffffff\r\ninvalid header: 0xffffffff\r\ninvalid header: 0xffffffff\r\ninvalid header: 0xffffffff\r\ninvalid header: 0xffffffff\r\ninvalid header: 0xffffffff\r\ninvalid header: 0xffffffff\r\ninvalid header: 0xffffffff\r\ninvalid header: 0xffffffff\r\ninvalid header: 0xffffffff\r\ninvalid header: 0xffffffff\r\ninvalid header: 0xffffffff\r\ninvalid header: 0xffffffff\r\ninvalid header: 0xffffffff\r\ninvalid header: 0xffffffff\r\ninvalid header: 0xffffffff\r\ninvalid header: 0xffffffff\r\ninvalid header: 0xffffffff\r\ninvalid header: 0xffffffff\r\ninvalid header: 0xffffffff\r\ninvalid header: 0xffffffff\r\ninvalid header: 0xffffffff\r\ninvalid header: 0xffffffff\r\ninvalid header: 0xffffffff\r\ninvalid header: 0xffffffff\r\ninvalid header: 0xffffffff\r\ninvalid header: 0xffffffff\r\ninvalid header: 0xffffffff\r\ninvalid header: 0xffffffff\r\ninvalid header: 0xffffffff\r\ninvalid header: 0xffffffff\r\ninvalid header: 0xffffffff\r\ninvalid header: 0xffffffff\r\ninvalid header: 0xffffffff\r\ninvalid header: 0xffffffff\r\ninvalid header: 0xffffffff\r\ninvalid header: 0xffffffff\r\ninvalid header: 0xffffffff\r\ninvalid header: 0xffffffff\r\ninvalid header: 0xffffffff\r\ninvalid header: 0xffffffff\r\ninvalid header: 0xffffffff\r\ninvalid header: 0xffffffff\r\ninvalid header: 0xffffffff\r\ninvalid header: 0xffffffff\r\ninvalid header: 0xffffffff\r\ninvalid header: 0xffffffff\r\ninvalid header: 0xffffffff\r\ninvalid header: 0xffffffff\r\ninvalid header: 0xffffffff\r\ninvalid header: 0xffffffff\r\ninvalid header: 0xffffffff\r\ninvalid header: 0xffffffff\r\ninvalid header: 0xffffffff\r\ninvalid header: 0xffffffff\r\ninvalid header: 0xffffffff\r\ninvalid header: 0xffffffff\r\ninvalid header: 0xffffffff\r\ninvalid header: 0xffffffff\r\ninvalid header: 0xffffffff\r\ninvalid header: 0xffffffff\r\ninvalid header: 0xffffffff\r\ninvalid header: 0xffffffff\r\ninvalid header: 0xffffffff\r\ninvalid header: 0xffffffff\r\ninvalid header: 0xffffffff\r\ninvalid header: 0xffffffff\r\ninvalid header: 0xffffffff\r\ninvalid header: 0xffffffff\r\ninvalid header: 0xffffffff\r\ninvalid header: 0xffffffff\r\ninvalid header: 0xffffffff\r\ninvalid header: 0xffffffff\r\ninvalid header: 0xffffffff\r\ninvalid header: 0xffffffff\r\ninvalid header: 0xffffffff\r\ninvalid header: 0xffffffff\r\ninvalid header: 0xffffffff\r\ninvalid header: 0xffffffff\r\ninvalid header: 0xffffffff\r\ninvalid header: 0xffffffff\r\ninvalid header: 0xffffffff\r\ninvalid header: 0xffffffff\r\ninvalid header: 0xffffffff\r\ninvalid header: 0xffffffff\r\ninvalid header: 0xffffffff\r\ninvalid header: 0xffffffff\r\ninvalid header: 0xffffffff\r\ninvalid header: 0xffffffff\r\ninvalid header: 0xffffffff\r\ninvalid header: 0xffffffff\r\ninvalid header: 0xffffffff\r\ninvalid header: 0xffffffff\r\ninvalid header: 0xffffffff\r\ninvalid header: 0xffffffff\r\ninvalid header: 0xffffffff\r\ninvalid header: 0xffffffff\r\ninvalid header: 0xffffffff\r\ninvalid header: 0xffffffff\r\ninvalid header: 0xffffffff\r\ninvalid header: 0xffffffff\r\ninvalid header: 0xffffffff\r\ninvalid header: 0xffffffff\r\ninvalid header: 0xffffffff\r\ninvalid header: 0xffffffff\r\ninvalid header: 0xffffffff\r\ninvalid header: 0xffffffff\r\ninvalid header: 0xffffffff\r\ninvalid header: 0xffffffff\r\ninvalid header: 0xffffffff\r\ninvalid header: 0xffffffff\r\ninvalid header: 0xffffffff\r\ninvalid header: 0xffffffff\r\ninvalid header: 0xffffffff\r\ninvalid header: 0xffffffff\r\ninvalid header: 0xffffffff\r\ninvalid header: 0xffffffff\r\ninvalid header: 0xffffffff\r\ninvalid header: 0xffffffff\r\ninvalid header: 0xffffffff\r\ninvalid header: 0xffffffff\r\ninvalid header: 0xffffffff\r\ninvalid header: 0xffffffff\r\ninvalid header: 0xffffffff\r\ninvalid header: 0xffffffff\r\ninvalid header: 0xffffffff\r\ninvalid header: 0xffffffff\r\ninvalid header: 0xffffffff\r\ninvalid header: 0xffffffff\r\ninvalid header: 0xffffffff\r\ninvalid header: 0xffffffff\r\ninvalid header: 0xffffffff\r\ninvalid header: 0xffffffff\r\ninvalid header: 0xffffffff\r\ninvalid header: 0xffffffff\r\ninvalid header: 0xffffffff\r\ninvalid header: 0xffffffff\r\ninvalid header: 0xffffffff\r\ninvalid header: 0xffffffff\r\ninvalid header: 0xffffffff\r\ninvalid header: 0xffffffff\r\ninvalid header: 0xffffffff\r\ninvalid header: 0xffffffff\r\ninvalid header: 0xffffffff\r\ninvalid header: 0xffffffff\r\ninvalid header: 0xffffffff\r\ninvalid header: 0xffffffff\r\ninvalid header: 0xffffffff\r\ninvalid header: 0xffffffff\r\ninvalid header: 0xffffffff\r\ninvalid header: 0xffffffff\r\ninvalid header: 0xffffffff\r\ninvalid header: 0xffffffff\r\ninvalid header: 0xffffffff\r\ninvalid header: 0xffffffff\r\ninvalid header: 0xffffffff\r\ninvalid header: 0xffffffff\r\ninvalid header: 0xffffffff\r\ninvalid header: 0xffffffff\r\ninvalid header: 0xffffffff\r\ninvalid header: 0xffffffff\r\ninvalid header: 0xffffffff\r\ninvalid header: 0xffffffff\r\ninvalid header: 0xffffffff\r\ninvalid header: 0xffffffff\r\ninvalid header: 0xffffffff\r\ninvalid header: 0xffffffff\r\ninvalid header: 0xffffffff\r\ninvalid header: 0xffffffff\r\ninvalid header: 0xffffffff\r\ninvalid header: 0xffffffff\r\ninvalid header: 0xffffffff\r\ninvalid header: 0xffffffff\r\ninvalid header: 0xffffffff\r\ninvalid header: 0xffffffff\r\ninvalid header: 0xffffffff\r\ninvalid header: 0xffffffff\r\ninvalid header: 0xffffffff\r\ninvalid header: 0xffffffff\r\ninvalid header: 0xffffffff\r\ninvalid header: 0xffffffff\r\ninvalid header: 0xffffffff\r\ninvalid header: 0xffffffff\r\ninvalid header: 0xffffffff\r\ninvalid header: 0xffffffff\r\ninvalid header: 0xffffffff\r\ninvalid header: 0xffffffff\r\ninvalid header: 0xffffffff\r\ninvalid header: 0xffffffff\r\ninvalid header: 0xffffffff\r\ninvalid header: 0xffffffff\r\ninvalid header: 0xffffffff\r\ninvalid header: 0xffffffff\r\ninvalid header: 0xffffffff\r\ninvalid header: 0xffffffff\r\ninvalid header: 0xffffffff\r\ninvalid header: 0xffffffff\r\ninvalid header: 0xffffffff\r\ninvalid header: 0xffffffff\r\ninvalid header: 0xffffffff\r\ninvalid header: 0xffffffff\r\ninvalid header: 0xffffffff\r\ninvalid header: 0xffffffff\r\ninvalid header: 0xffffffff\r\ninvalid header: 0xffffffff\r\ninvalid header: 0xffffffff\r\ninvalid header: 0xffffffff\r\ninvalid header: 0xffffffff\r\ninvalid header: 0xffffffff\r\ninvalid header: 0xffffffff\r\ninvalid header: 0xffffffff\r\ninvalid header: 0xffffffff\r\ninvalid header: 0xffffffff\r\ninvalid header: 0xffffffff\r\ninvalid header: 0xffffffff\r\ninvalid header: 0xffffffff\r\ninvalid header: 0xffffffff\r\ninvalid header: 0xffffffff\r\ninvalid header: 0xffffffff\r\ninvalid header: 0xffffffff\r\ninvalid header: 0xffffffff\r\ninvalid header: 0xffffffff\r\ninvalid header: 0xffffffff\r\ninvalid header: 0xffffffff\r\ninvalid header: 0xffffffff\r\ninvalid header: 0xffffffff\r\ninvalid header: 0xffffffff\r\ninvalid header: 0xffffffff\r\ninvalid header: 0xffffffff\r\ninvalid header: 0xffffffff\r\ninvalid header: 0xffffffff\r\ninvalid header: 0xffffffff\r\ninvalid header: 0xffffffff\r\ninvalid header: 0xffffffff\r\ninvalid header: 0xffffffff\r\ninvalid header: 0xffffffff\r\ninvalid header: 0xffffffff\r\ninvalid header: 0xffffffff\r\ninvalid header: 0xffffffff\r\ninvalid header: 0xffffffff\r\ninvalid header: 0xffffffff\r\ninvalid header: 0xffffffff\r\ninvalid header: 0xffffffff\r\ninvalid header: 0xffffffff\r\ninvalid header: 0xffffffff\r\ninvalid header: 0xffffffff\r\ninvalid header: 0xffffffff\r\ninvalid header: 0xffffffff\r\ninvalid header: 0xffffffff\r\ninvalid header: 0xffffffff\r\ninvalid header: 0xffffffff\r\ninvalid header: 0xffffffff\r\ninvalid header: 0xffffffff\r\ninvalid header: 0xffffffff\r\ninvalid header: 0xffffffff\r\ninvalid header: 0xffffffff\r\ninvalid header: 0xffffffff\r\ninvalid header: 0xffffffff\r\ninvalid header: 0xffffffff\r\ninvalid header: 0xffffffff\r\ninvalid header: 0xffffffff\r\ninvalid header: 0xffffffff\r\ninvalid header: 0xffffffff\r\ninvalid header: 0xffffffff\r\ninvalid header: 0xffffffff\r\ninvalid header: 0xffffffff\r\ninvalid header: 0xffffffff\r\ninvalid header: 0xffffffff\r\ninvalid header: 0xffffffff\r\ninvalid header: 0xffffffff\r\ninvalid header: 0xffffffff\r\ninvalid header: 0xffffffff\r\ninvalid header: 0xffffffff\r\ninvalid header: 0xffffffff\r\ninvalid header: 0xffffffff\r\ninvalid header: 0xffffffff\r\ninvalid header: 0xffffffff\r\ninvalid header: 0xffffffff\r\ninvalid header: 0xffffffff\r\ninvalid header: 0xffffffff\r\ninvalid header: 0xffffffff\r\ninvalid header: 0xffffffff\r\ninvalid header: 0xffffffff\r\ninvalid header: 0xffffffff\r\ninvalid header: 0xffffffff\r\ninvalid header: 0xffffffff\r\ninvalid header: 0xffffffff\r\ninvalid header: 0xffffffff\r\ninvalid header: 0xffffffff\r\ninvalid header: 0xffffffff\r\ninvalid header: 0xffffffff\r\ninvalid header: 0xffffffff\r\ninvalid header: 0xffffffff\r\ninvalid header: 0xffffffff\r\ninvalid header: 0xffffffff\r\ninvalid header: 0xffffffff\r\ninvalid header: 0xffffffff\r\ninvalid header: 0xffffffff\r\ninvalid header: 0xffffffff\r\ninvalid header: 0xffffffff\r\ninvalid header: 0xffffffff\r\ninvalid header: 0xffffffff\r\ninvalid header: 0xffffffff\r\ninvalid header: 0xffffffff\r\ninvalid header: 0xffffffff\r\ninvalid header: 0xffffffff\r\ninvalid header: 0xffffffff\r\ninvalid header: 0xffffffff\r\ninvalid header: 0xffffffff\r\ninvalid header: 0xffffffff\r\ninvalid header: 0xffffffff\r\ninvalid header: 0xffffffff\r\ninvalid header: 0xffffffff\r\ninvalid header: 0xffffffff\r\ninvalid header: 0xffffffff\r\ninvalid header: 0xffffffff\r\ninvalid header: 0xffffffff\r\ninvalid header: 0xffffffff\r\ninvalid header: 0xffffffff\r\ninvalid header: 0xffffffff\r\ninvalid header: 0xffffffff\r\ninvalid header: 0xffffffff\r\ninvalid header: 0xffffffff\r\ninvalid header: 0xffffffff\r\ninvalid header: 0xffffffff\r\ninvalid header: 0xffffffff\r\ninvalid header: 0xffffffff\r\ninvalid header: 0xffffffff\r\ninvalid header: 0xffffffff\r\ninvalid header: 0xffffffff\r\ninvalid header: 0xffffffff\r\ninvalid header: 0xffffffff\r\ninvalid header: 0xffffffff\r\ninvalid header: 0xffffffff\r\ninvalid header: 0xffffffff\r\ninvalid header: 0xffffffff\r\ninvalid header: 0xffffffff\r\ninvalid header: 0xffffffff\r\ninvalid header: 0xffffffff\r\ninvalid header: 0xffffffff\r\ninvalid header: 0xffffffff\r\ninvalid header: 0xffffffff\r\ninvalid header: 0xffffffff\r\ninvalid header: 0xffffffff\r\ninvalid header: 0xffffffff\r\ninvalid header: 0xffffffff\r\ninvalid header: 0xffffffff\r\ninvalid header: 0xffffffff\r\ninvalid header: 0xffffffff\r\ninvalid header: 0xffffffff\r\ninvalid header: 0xffffffff\r\ninvalid header: 0xffffffff\r\ninvalid header: 0xffffffff\r\ninvalid header: 0xffffffff\r\ninvalid header: 0xffffffff\r\ninvalid header: 0xffffffff\r\ninvalid header: 0xffffffff\r\ninvalid header: 0xffffffff\r\ninvalid header: 0xffffffff\r\ninvalid header: 0xffffffff\r\ninvalid header: 0xffffffff\r\ninvalid header: 0xffffffff\r\ninvalid header: 0xffffffff\r\ninvalid header: 0xffffffff\r\ninvalid header: 0xffffffff\r\ninvalid header: 0xffffffff\r\ninvalid header: 0xffffffff\r\ninvalid header: 0xffffffff\r\ninvalid header: 0xffffffff\r\ninvalid header: 0xffffffff\r\ninvalid header: 0xffffffff\r\ninvalid header: 0xffffffff\r\ninvalid header: 0xffffffff\r\ninvalid header: 0xffffffff\r\ninvalid header: 0xffffffff\r\ninvalid header: 0xffffffff\r\ninvalid header: 0xffffffff\r\ninvalid header: 0xffffffff\r\ninvalid header: 0xffffffff\r\ninvalid header: 0xffffffff\r\ninvalid header: 0xffffffff\r\ninvalid header: 0xffffffff\r\ninvalid header: 0xffffffff\r\ninvalid header: 0xffffffff\r\ninvalid header: 0xffffffff\r\ninvalid header: 0xffffffff\r\ninvalid header: 0xffffffff\r\ninvalid header: 0xffffffff\r\ninvalid header: 0xffffffff\r\ninvalid header: 0xffffffff\r\ninvalid header: 0xffffffff\r\ninvalid header: 0xffffffff\r\ninvalid header: 0xffffffff\r\ninvalid header: 0xffffffff\r\ninvalid header: 0xffffffff\r\ninvalid header: 0xffffffff\r\ninvalid header: 0xffffffff\r\ninvalid header: 0xffffffff\r\ninvalid header: 0xffffffff\r\ninvalid header: 0xffffffff\r\ninvalid header: 0xffffffff\r\ninvalid header: 0xffffffff\r\ninvalid header: 0xffffffff\r\ninvalid header: 0xffffffff\r\ninvalid header: 0xffffffff\r\ninvalid header: 0xffffffff\r\ninvalid header: 0xffffffff\r\ninvalid header: 0xffffffff\r\ninvalid header: 0xffffffff\r\ninvalid header: 0xffffffff\r\ninvalid header: 0xffffffff\r\ninvalid header: 0xffffffff\r\ninvalid header: 0xffffffff\r\ninvalid header: 0xffffffff\r\ninvalid header: 0xffffffff\r\ninvalid header: 0xffffffff\r\ninvalid header: 0xffffffff\r\ninvalid header: 0xffffffff\r\ninvalid header: 0xffffffff\r\ninvalid header: 0xffffffff\r\ninvalid header: 0xffffffff\r\ninvalid header: 0xffffffff\r\ninvalid header: 0xffffffff\r\ninvalid header: 0xffffffff\r\ninvalid header: 0xffffffff\r\ninvalid header: 0xffffffff\r\ninvalid header: 0xffffffff\r\ninvalid header: 0xffffffff\r\ninvalid header: 0xffffffff\r\ninvalid header: 0xffffffff\r\ninvalid header: 0xffffffff\r\ninvalid header: 0xffffffff\r\ninvalid header: 0xffffffff\r\ninvalid header: 0xffffffff\r\ninvalid header: 0xffffffff\r\n'
Traceback (most recent call last):
  File "/opt/homebrew/bin/mpremote", line 8, in <module>
    sys.exit(main())
             ^^^^^^
  File "/opt/homebrew/lib/python3.11/site-packages/mpremote/main.py", line 569, in main
    handler_func(state, args)
  File "/opt/homebrew/lib/python3.11/site-packages/mpremote/commands.py", line 448, in do_exec
    _do_execbuffer(state, args.expr[0], args.follow)
  File "/opt/homebrew/lib/python3.11/site-packages/mpremote/commands.py", line 431, in _do_execbuffer
    state.ensure_raw_repl()
  File "/opt/homebrew/lib/python3.11/site-packages/mpremote/main.py", line 511, in ensure_raw_repl
    self.transport.enter_raw_repl(soft_reset=soft_reset)
  File "/opt/homebrew/lib/python3.11/site-packages/mpremote/transport_serial.py", line 159, in enter_raw_repl
    raise TransportError("could not enter raw repl")
mpremote.transport.TransportError: could not enter raw repl

===================
Failed to access MicroPython REPL.
